[ 2017-09-19T00:11:34+08:00 ] 127.0.0.1 /admin/index/index
INFO: [ app_init ] --START--
INFO: Run Behavior\BuildLiteBehavior [ RunTime:0.000013s ]
INFO: [ app_init ] --END-- [ RunTime:0.000342s ]
INFO: [ app_begin ] --START--
INFO: Run Behavior\ReadHtmlCacheBehavior [ RunTime:0.000581s ]
INFO: [ app_begin ] --END-- [ RunTime:0.000639s ]
INFO: [ view_parse ] --START--
INFO: [ template_filter ] --START--
INFO: Run Behavior\ContentReplaceBehavior [ RunTime:0.000132s ]
INFO: [ template_filter ] --END-- [ RunTime:0.000179s ]
NOTIC: [8] Undefined variable: topmenu D:\xampp\htdocs\ju\Application\Runtime\Cache\Admin\b595b808c2ebeeeb0478ffc30bb4e87a.php 第 141 行.
NOTIC: [8] Undefined variable: k D:\xampp\htdocs\ju\Application\Runtime\Cache\Admin\b595b808c2ebeeeb0478ffc30bb4e87a.php 第 142 行.
NOTIC: [8] Undefined variable: vo D:\xampp\htdocs\ju\Application\Runtime\Cache\Admin\b595b808c2ebeeeb0478ffc30bb4e87a.php 第 142 行.
NOTIC: [8] Undefined variable: vo D:\xampp\htdocs\ju\Application\Runtime\Cache\Admin\b595b808c2ebeeeb0478ffc30bb4e87a.php 第 142 行.
NOTIC: [8] Undefined variable: k D:\xampp\htdocs\ju\Application\Runtime\Cache\Admin\b595b808c2ebeeeb0478ffc30bb4e87a.php 第 142 行.
NOTIC: [8] Undefined variable: vo D:\xampp\htdocs\ju\Application\Runtime\Cache\Admin\b595b808c2ebeeeb0478ffc30bb4e87a.php 第 142 行.
NOTIC: [8] Undefined variable: k D:\xampp\htdocs\ju\Application\Runtime\Cache\Admin\b595b808c2ebeeeb0478ffc30bb4e87a.php 第 143 行.
NOTIC: [8] Undefined variable: vo D:\xampp\htdocs\ju\Application\Runtime\Cache\Admin\b595b808c2ebeeeb0478ffc30bb4e87a.php 第 143 行.
NOTIC: [8] Undefined variable: vo D:\xampp\htdocs\ju\Application\Runtime\Cache\Admin\b595b808c2ebeeeb0478ffc30bb4e87a.php 第 143 行.
NOTIC: [8] Undefined variable: k D:\xampp\htdocs\ju\Application\Runtime\Cache\Admin\b595b808c2ebeeeb0478ffc30bb4e87a.php 第 143 行.
NOTIC: [8] Undefined variable: vo D:\xampp\htdocs\ju\Application\Runtime\Cache\Admin\b595b808c2ebeeeb0478ffc30bb4e87a.php 第 143 行.
NOTIC: [8] Undefined variable: k D:\xampp\htdocs\ju\Application\Runtime\Cache\Admin\b595b808c2ebeeeb0478ffc30bb4e87a.php 第 144 行.
NOTIC: [8] Undefined variable: vo D:\xampp\htdocs\ju\Application\Runtime\Cache\Admin\b595b808c2ebeeeb0478ffc30bb4e87a.php 第 144 行.
NOTIC: [8] Undefined variable: vo D:\xampp\htdocs\ju\Application\Runtime\Cache\Admin\b595b808c2ebeeeb0478ffc30bb4e87a.php 第 144 行.
NOTIC: [8] Undefined variable: k D:\xampp\htdocs\ju\Application\Runtime\Cache\Admin\b595b808c2ebeeeb0478ffc30bb4e87a.php 第 144 行.
NOTIC: [8] Undefined variable: vo D:\xampp\htdocs\ju\Application\Runtime\Cache\Admin\b595b808c2ebeeeb0478ffc30bb4e87a.php 第 144 行.
NOTIC: [8] Undefined variable: k D:\xampp\htdocs\ju\Application\Runtime\Cache\Admin\b595b808c2ebeeeb0478ffc30bb4e87a.php 第 145 行.
NOTIC: [8] Undefined variable: vo D:\xampp\htdocs\ju\Application\Runtime\Cache\Admin\b595b808c2ebeeeb0478ffc30bb4e87a.php 第 145 行.
NOTIC: [8] Undefined variable: vo D:\xampp\htdocs\ju\Application\Runtime\Cache\Admin\b595b808c2ebeeeb0478ffc30bb4e87a.php 第 145 行.
NOTIC: [8] Undefined variable: k D:\xampp\htdocs\ju\Application\Runtime\Cache\Admin\b595b808c2ebeeeb0478ffc30bb4e87a.php 第 145 行.
NOTIC: [8] Undefined variable: vo D:\xampp\htdocs\ju\Application\Runtime\Cache\Admin\b595b808c2ebeeeb0478ffc30bb4e87a.php 第 145 行.
NOTIC: [8] Undefined variable: k D:\xampp\htdocs\ju\Application\Runtime\Cache\Admin\b595b808c2ebeeeb0478ffc30bb4e87a.php 第 146 行.
NOTIC: [8] Undefined variable: vo D:\xampp\htdocs\ju\Application\Runtime\Cache\Admin\b595b808c2ebeeeb0478ffc30bb4e87a.php 第 146 行.
NOTIC: [8] Undefined variable: vo D:\xampp\htdocs\ju\Application\Runtime\Cache\Admin\b595b808c2ebeeeb0478ffc30bb4e87a.php 第 146 行.
NOTIC: [8] Undefined variable: k D:\xampp\htdocs\ju\Application\Runtime\Cache\Admin\b595b808c2ebeeeb0478ffc30bb4e87a.php 第 146 行.
NOTIC: [8] Undefined variable: vo D:\xampp\htdocs\ju\Application\Runtime\Cache\Admin\b595b808c2ebeeeb0478ffc30bb4e87a.php 第 146 行.
NOTIC: [8] Undefined variable: k D:\xampp\htdocs\ju\Application\Runtime\Cache\Admin\b595b808c2ebeeeb0478ffc30bb4e87a.php 第 147 行.
NOTIC: [8] Undefined variable: vo D:\xampp\htdocs\ju\Application\Runtime\Cache\Admin\b595b808c2ebeeeb0478ffc30bb4e87a.php 第 147 行.
NOTIC: [8] Undefined variable: vo D:\xampp\htdocs\ju\Application\Runtime\Cache\Admin\b595b808c2ebeeeb0478ffc30bb4e87a.php 第 147 行.
NOTIC: [8] Undefined variable: k D:\xampp\htdocs\ju\Application\Runtime\Cache\Admin\b595b808c2ebeeeb0478ffc30bb4e87a.php 第 147 行.
NOTIC: [8] Undefined variable: vo D:\xampp\htdocs\ju\Application\Runtime\Cache\Admin\b595b808c2ebeeeb0478ffc30bb4e87a.php 第 147 行.
INFO: Run Behavior\ParseTemplateBehavior [ RunTime:0.010768s ]
INFO: [ view_parse ] --END-- [ RunTime:0.010822s ]
INFO: [ view_filter ] --START--
INFO: Run Behavior\WriteHtmlCacheBehavior [ RunTime:0.000451s ]
INFO: [ view_filter ] --END-- [ RunTime:0.000479s ]
INFO: [ app_end ] --START--
INFO: Run Behavior\ShowPageTraceBehavior [ RunTime:0.000646s ]
INFO: [ app_end ] --END-- [ RunTime:0.000684s ]

[ 2017-09-19T00:11:36+08:00 ] 127.0.0.1 /index.php/Admin/Node/index.html?_=1505751094572
INFO: [ app_init ] --START--
INFO: Run Behavior\BuildLiteBehavior [ RunTime:0.000010s ]
INFO: [ app_init ] --END-- [ RunTime:0.000310s ]
INFO: [ app_begin ] --START--
INFO: Run Behavior\ReadHtmlCacheBehavior [ RunTime:0.000533s ]
INFO: [ app_begin ] --END-- [ RunTime:0.000574s ]
SQL: SHOW COLUMNS FROM `ju_node` [ RunTime:0.0033s ]
SQL: SELECT COUNT(id) AS tp_count FROM `ju_node` WHERE `status` <> -1 LIMIT 1   [ RunTime:0.0003s ]
SQL: SELECT * FROM `ju_node` WHERE `status` <> -1 ORDER BY `id` desc  [ RunTime:0.0002s ]
NOTIC: [2] Division by zero D:\xampp\htdocs\ju\ThinkPHP\Library\Think\Page.class.php 第 84 行.
INFO: [ view_parse ] --START--
NOTIC: [2] file_get_contents(./Application/Admin/View/Public/pagerForm.html): failed to open stream: No such file or directory D:\xampp\htdocs\ju\ThinkPHP\Library\Think\Template.class.php 第 696 行.
INFO: [ template_filter ] --START--
INFO: Run Behavior\ContentReplaceBehavior [ RunTime:0.000038s ]
INFO: [ template_filter ] --END-- [ RunTime:0.000067s ]
NOTIC: [8] Use of undefined constant __URL__ - assumed '__URL__' D:\xampp\htdocs\ju\Application\Admin\Common\function.php 第 35 行.
NOTIC: [8] Use of undefined constant __URL__ - assumed '__URL__' D:\xampp\htdocs\ju\Application\Admin\Common\function.php 第 35 行.
NOTIC: [8] Use of undefined constant __URL__ - assumed '__URL__' D:\xampp\htdocs\ju\Application\Admin\Common\function.php 第 35 行.
INFO: Run Behavior\ParseTemplateBehavior [ RunTime:0.006095s ]
INFO: [ view_parse ] --END-- [ RunTime:0.006128s ]
INFO: [ view_filter ] --START--
INFO: Run Behavior\WriteHtmlCacheBehavior [ RunTime:0.000393s ]
INFO: [ view_filter ] --END-- [ RunTime:0.000418s ]
INFO: [ app_end ] --START--
INFO: Run Behavior\ShowPageTraceBehavior [ RunTime:0.000529s ]
INFO: [ app_end ] --END-- [ RunTime:0.000557s ]

[ 2017-09-19T00:11:38+08:00 ] 127.0.0.1 /index.php/Admin/Node/forbid/id/4.html
INFO: [ app_init ] --START--
INFO: Run Behavior\BuildLiteBehavior [ RunTime:0.000010s ]
INFO: [ app_init ] --END-- [ RunTime:0.000306s ]
INFO: [ app_begin ] --START--
INFO: Run Behavior\ReadHtmlCacheBehavior [ RunTime:0.000516s ]
INFO: [ app_begin ] --END-- [ RunTime:0.000551s ]
SQL: SHOW COLUMNS FROM `ju_node` [ RunTime:0.0033s ]
SQL: UPDATE `ju_node` SET `status`='0' WHERE `id` IN ('4') [ RunTime:0.0406s ]
NOTIC: [2] Missing argument 1 for Admin\Controller\CommonController::getReturnUrl(), called in D:\xampp\htdocs\ju\Application\Admin\Controller\CommonController.class.php on line 294 and defined D:\xampp\htdocs\ju\Application\Admin\Controller\CommonController.class.php 第 61 行.
NOTIC: [2] Missing argument 2 for Admin\Controller\CommonController::getReturnUrl(), called in D:\xampp\htdocs\ju\Application\Admin\Controller\CommonController.class.php on line 294 and defined D:\xampp\htdocs\ju\Application\Admin\Controller\CommonController.class.php 第 61 行.
NOTIC: [8] Use of undefined constant __URL__ - assumed '__URL__' D:\xampp\htdocs\ju\Application\Admin\Controller\CommonController.class.php 第 62 行.

[ 2017-09-19T00:13:27+08:00 ] 127.0.0.1 /index.php/Admin/Node/index.html?_=1505751094573
INFO: [ app_init ] --START--
INFO: Run Behavior\BuildLiteBehavior [ RunTime:0.000010s ]
INFO: [ app_init ] --END-- [ RunTime:0.000310s ]
INFO: [ app_begin ] --START--
INFO: Run Behavior\ReadHtmlCacheBehavior [ RunTime:0.000539s ]
INFO: [ app_begin ] --END-- [ RunTime:0.000576s ]
SQL: SHOW COLUMNS FROM `ju_node` [ RunTime:0.0036s ]
SQL: SELECT COUNT(id) AS tp_count FROM `ju_node` WHERE `status` <> -1 LIMIT 1   [ RunTime:0.0005s ]
SQL: SELECT * FROM `ju_node` WHERE `status` <> -1 ORDER BY `id` desc  [ RunTime:0.0002s ]
NOTIC: [2] Division by zero D:\xampp\htdocs\ju\ThinkPHP\Library\Think\Page.class.php 第 84 行.
INFO: [ view_parse ] --START--
NOTIC: [2] file_get_contents(./Application/Admin/View/Public/pagerForm.html): failed to open stream: No such file or directory D:\xampp\htdocs\ju\ThinkPHP\Library\Think\Template.class.php 第 696 行.
INFO: [ template_filter ] --START--
INFO: Run Behavior\ContentReplaceBehavior [ RunTime:0.000040s ]
INFO: [ template_filter ] --END-- [ RunTime:0.000066s ]
NOTIC: [8] Use of undefined constant __URL__ - assumed '__URL__' D:\xampp\htdocs\ju\Application\Admin\Common\function.php 第 35 行.
NOTIC: [8] Use of undefined constant __URL__ - assumed '__URL__' D:\xampp\htdocs\ju\Application\Admin\Common\function.php 第 35 行.
NOTIC: [8] Use of undefined constant __URL__ - assumed '__URL__' D:\xampp\htdocs\ju\Application\Admin\Common\function.php 第 35 行.
INFO: Run Behavior\ParseTemplateBehavior [ RunTime:0.006009s ]
INFO: [ view_parse ] --END-- [ RunTime:0.006039s ]
INFO: [ view_filter ] --START--
INFO: Run Behavior\WriteHtmlCacheBehavior [ RunTime:0.000401s ]
INFO: [ view_filter ] --END-- [ RunTime:0.000425s ]
INFO: [ app_end ] --START--
INFO: Run Behavior\ShowPageTraceBehavior [ RunTime:0.000534s ]
INFO: [ app_end ] --END-- [ RunTime:0.000562s ]

[ 2017-09-19T00:13:28+08:00 ] 127.0.0.1 /index.php/Admin/Node/resume/id/4/navTabId/Node.html
INFO: [ app_init ] --START--
INFO: Run Behavior\BuildLiteBehavior [ RunTime:0.000009s ]
INFO: [ app_init ] --END-- [ RunTime:0.000299s ]
INFO: [ app_begin ] --START--
INFO: Run Behavior\ReadHtmlCacheBehavior [ RunTime:0.000520s ]
INFO: [ app_begin ] --END-- [ RunTime:0.000556s ]
SQL: SHOW COLUMNS FROM `ju_node` [ RunTime:0.0029s ]
SQL: UPDATE `ju_node` SET `status`='1' WHERE `id` IN ('4') [ RunTime:0.0389s ]
NOTIC: [2] Missing argument 1 for Admin\Controller\CommonController::getReturnUrl(), called in D:\xampp\htdocs\ju\Application\Admin\Controller\CommonController.class.php on line 334 and defined D:\xampp\htdocs\ju\Application\Admin\Controller\CommonController.class.php 第 61 行.
NOTIC: [2] Missing argument 2 for Admin\Controller\CommonController::getReturnUrl(), called in D:\xampp\htdocs\ju\Application\Admin\Controller\CommonController.class.php on line 334 and defined D:\xampp\htdocs\ju\Application\Admin\Controller\CommonController.class.php 第 61 行.
NOTIC: [8] Use of undefined constant __URL__ - assumed '__URL__' D:\xampp\htdocs\ju\Application\Admin\Controller\CommonController.class.php 第 62 行.

[ 2017-09-19T00:13:30+08:00 ] 127.0.0.1 /index.php/Admin/Node/index.html?_=1505751094574
INFO: [ app_init ] --START--
INFO: Run Behavior\BuildLiteBehavior [ RunTime:0.000011s ]
INFO: [ app_init ] --END-- [ RunTime:0.000328s ]
INFO: [ app_begin ] --START--
INFO: Run Behavior\ReadHtmlCacheBehavior [ RunTime:0.000531s ]
INFO: [ app_begin ] --END-- [ RunTime:0.000566s ]
SQL: SHOW COLUMNS FROM `ju_node` [ RunTime:0.0034s ]
SQL: SELECT COUNT(id) AS tp_count FROM `ju_node` WHERE `status` <> -1 LIMIT 1   [ RunTime:0.0002s ]
SQL: SELECT * FROM `ju_node` WHERE `status` <> -1 ORDER BY `id` desc  [ RunTime:0.0002s ]
NOTIC: [2] Division by zero D:\xampp\htdocs\ju\ThinkPHP\Library\Think\Page.class.php 第 84 行.
INFO: [ view_parse ] --START--
NOTIC: [2] file_get_contents(./Application/Admin/View/Public/pagerForm.html): failed to open stream: No such file or directory D:\xampp\htdocs\ju\ThinkPHP\Library\Think\Template.class.php 第 696 行.
INFO: [ template_filter ] --START--
INFO: Run Behavior\ContentReplaceBehavior [ RunTime:0.000037s ]
INFO: [ template_filter ] --END-- [ RunTime:0.000065s ]
NOTIC: [8] Use of undefined constant __URL__ - assumed '__URL__' D:\xampp\htdocs\ju\Application\Admin\Common\function.php 第 35 行.
NOTIC: [8] Use of undefined constant __URL__ - assumed '__URL__' D:\xampp\htdocs\ju\Application\Admin\Common\function.php 第 35 行.
NOTIC: [8] Use of undefined constant __URL__ - assumed '__URL__' D:\xampp\htdocs\ju\Application\Admin\Common\function.php 第 35 行.
INFO: Run Behavior\ParseTemplateBehavior [ RunTime:0.006010s ]
INFO: [ view_parse ] --END-- [ RunTime:0.006042s ]
INFO: [ view_filter ] --START--
INFO: Run Behavior\WriteHtmlCacheBehavior [ RunTime:0.000428s ]
INFO: [ view_filter ] --END-- [ RunTime:0.000461s ]
INFO: [ app_end ] --START--
INFO: Run Behavior\ShowPageTraceBehavior [ RunTime:0.000570s ]
INFO: [ app_end ] --END-- [ RunTime:0.000597s ]

[ 2017-09-19T00:13:36+08:00 ] 127.0.0.1 /index.php/Admin/Node/forbid/id/4.html
INFO: [ app_init ] --START--
INFO: Run Behavior\BuildLiteBehavior [ RunTime:0.000010s ]
INFO: [ app_init ] --END-- [ RunTime:0.000320s ]
INFO: [ app_begin ] --START--
INFO: Run Behavior\ReadHtmlCacheBehavior [ RunTime:0.000528s ]
INFO: [ app_begin ] --END-- [ RunTime:0.000566s ]
SQL: SHOW COLUMNS FROM `ju_node` [ RunTime:0.0028s ]
SQL: UPDATE `ju_node` SET `status`='0' WHERE `id` IN ('4') [ RunTime:0.0411s ]
NOTIC: [2] Missing argument 1 for Admin\Controller\CommonController::getReturnUrl(), called in D:\xampp\htdocs\ju\Application\Admin\Controller\CommonController.class.php on line 294 and defined D:\xampp\htdocs\ju\Application\Admin\Controller\CommonController.class.php 第 61 行.
NOTIC: [2] Missing argument 2 for Admin\Controller\CommonController::getReturnUrl(), called in D:\xampp\htdocs\ju\Application\Admin\Controller\CommonController.class.php on line 294 and defined D:\xampp\htdocs\ju\Application\Admin\Controller\CommonController.class.php 第 61 行.
NOTIC: [8] Use of undefined constant __URL__ - assumed '__URL__' D:\xampp\htdocs\ju\Application\Admin\Controller\CommonController.class.php 第 62 行.

[ 2017-09-19T00:19:49+08:00 ] 127.0.0.1 /index.php/Admin/Node/add?_=1505751094575
INFO: [ app_init ] --START--
INFO: Run Behavior\BuildLiteBehavior [ RunTime:0.000012s ]
INFO: [ app_init ] --END-- [ RunTime:0.000334s ]
INFO: [ app_begin ] --START--
INFO: Run Behavior\ReadHtmlCacheBehavior [ RunTime:0.000510s ]
INFO: [ app_begin ] --END-- [ RunTime:0.000559s ]
SQL: SHOW COLUMNS FROM `ju_node` [ RunTime:0.0109s ]
NOTIC: [8] Undefined index: id D:\xampp\htdocs\ju\Application\Admin\Controller\CommonController.class.php 第 189 行.
SQL: SELECT * FROM `ju_node` WHERE `id` = null LIMIT 1   [ RunTime:0.0003s ]
INFO: [ view_parse ] --START--
INFO: [ template_filter ] --START--
INFO: Run Behavior\ContentReplaceBehavior [ RunTime:0.000033s ]
INFO: [ template_filter ] --END-- [ RunTime:0.000069s ]
NOTIC: [8] Undefined index:  D:\xampp\htdocs\ju\Application\Runtime\Cache\Admin\af16c5807684ad699547382dca62a8b7.php 第 5 行.
INFO: Run Behavior\ParseTemplateBehavior [ RunTime:0.004737s ]
INFO: [ view_parse ] --END-- [ RunTime:0.004772s ]
INFO: [ view_filter ] --START--
INFO: Run Behavior\WriteHtmlCacheBehavior [ RunTime:0.000294s ]
INFO: [ view_filter ] --END-- [ RunTime:0.000320s ]
INFO: [ app_end ] --START--
INFO: Run Behavior\ShowPageTraceBehavior [ RunTime:0.000441s ]
INFO: [ app_end ] --END-- [ RunTime:0.000474s ]

[ 2017-09-19T00:19:58+08:00 ] 127.0.0.1 /index.php/Admin/Node/insert/navTabId//index.php/Admin?callbackType=closeCurrent
INFO: [ app_init ] --START--
INFO: Run Behavior\BuildLiteBehavior [ RunTime:0.000012s ]
INFO: [ app_init ] --END-- [ RunTime:0.000279s ]
INFO: [ app_begin ] --START--
INFO: Run Behavior\ReadHtmlCacheBehavior [ RunTime:0.000321s ]
INFO: [ app_begin ] --END-- [ RunTime:0.000360s ]
SQL: SHOW COLUMNS FROM `ju_node` [ RunTime:0.0414s ]
NOTIC: [8] Undefined index: validate D:\xampp\htdocs\ju\ThinkPHP\Library\Think\Model.class.php 第 1185 行.
NOTIC: [8] Undefined index: auto D:\xampp\htdocs\ju\ThinkPHP\Library\Think\Model.class.php 第 1128 行.
SQL: INSERT INTO `ju_node` (`id`,`pid`,`name`,`title`,`sort`,`status`,`remark`) VALUES ('0','0','111','111','111','1','') [ RunTime:0.0512s ]

[ 2017-09-19T00:27:09+08:00 ] 127.0.0.1 /index.php/Admin/Node/insert/navTabId//index.php/Admin?callbackType=closeCurrent
INFO: [ app_init ] --START--
INFO: Run Behavior\BuildLiteBehavior [ RunTime:0.000011s ]
INFO: [ app_init ] --END-- [ RunTime:0.000317s ]
INFO: [ app_begin ] --START--
INFO: Run Behavior\ReadHtmlCacheBehavior [ RunTime:0.000450s ]
INFO: [ app_begin ] --END-- [ RunTime:0.000485s ]
NOTIC: [8] Undefined index:  D:\xampp\htdocs\ju\Application\Admin\Controller\CommonController.class.php 第 18 行.
ERR: Think\Controller:isAjax方法不存在！

[ 2017-09-19T00:27:46+08:00 ] 127.0.0.1 /index.php/Admin/Node/insert/navTabId//index.php/Admin?callbackType=closeCurrent
INFO: [ app_init ] --START--
INFO: Run Behavior\BuildLiteBehavior [ RunTime:0.000011s ]
INFO: [ app_init ] --END-- [ RunTime:0.000279s ]
INFO: [ app_begin ] --START--
INFO: Run Behavior\ReadHtmlCacheBehavior [ RunTime:0.000321s ]
INFO: [ app_begin ] --END-- [ RunTime:0.000356s ]
NOTIC: [8] Undefined index:  D:\xampp\htdocs\ju\Application\Admin\Controller\CommonController.class.php 第 18 行.

[ 2017-09-19T00:27:50+08:00 ] 127.0.0.1 /index.php/Admin/Node/index.html?_=1505751094576
INFO: [ app_init ] --START--
INFO: Run Behavior\BuildLiteBehavior [ RunTime:0.000012s ]
INFO: [ app_init ] --END-- [ RunTime:0.000281s ]
INFO: [ app_begin ] --START--
INFO: Run Behavior\ReadHtmlCacheBehavior [ RunTime:0.000334s ]
INFO: [ app_begin ] --END-- [ RunTime:0.000373s ]
NOTIC: [8] Undefined index:  D:\xampp\htdocs\ju\Application\Admin\Controller\CommonController.class.php 第 18 行.

[ 2017-09-19T00:28:01+08:00 ] 127.0.0.1 /admin/index/index
INFO: [ app_init ] --START--
INFO: Run Behavior\BuildLiteBehavior [ RunTime:0.000017s ]
INFO: [ app_init ] --END-- [ RunTime:0.000552s ]
INFO: [ app_begin ] --START--
INFO: Run Behavior\ReadHtmlCacheBehavior [ RunTime:0.000579s ]
INFO: [ app_begin ] --END-- [ RunTime:0.000647s ]
NOTIC: [8] Undefined index:  D:\xampp\htdocs\ju\Application\Admin\Controller\CommonController.class.php 第 18 行.

[ 2017-09-19T00:28:09+08:00 ] 127.0.0.1 /index.php/admin/index
INFO: [ app_init ] --START--
INFO: Run Behavior\BuildLiteBehavior [ RunTime:0.000011s ]
INFO: [ app_init ] --END-- [ RunTime:0.000267s ]
INFO: [ app_begin ] --START--
INFO: Run Behavior\ReadHtmlCacheBehavior [ RunTime:0.000323s ]
INFO: [ app_begin ] --END-- [ RunTime:0.000361s ]
NOTIC: [8] Undefined index:  D:\xampp\htdocs\ju\Application\Admin\Controller\CommonController.class.php 第 18 行.

[ 2017-09-19T00:28:15+08:00 ] 127.0.0.1 /index.php/admin/
INFO: [ app_init ] --START--
INFO: Run Behavior\BuildLiteBehavior [ RunTime:0.000012s ]
INFO: [ app_init ] --END-- [ RunTime:0.000421s ]
INFO: [ app_begin ] --START--
INFO: Run Behavior\ReadHtmlCacheBehavior [ RunTime:0.000743s ]
INFO: [ app_begin ] --END-- [ RunTime:0.000785s ]
NOTIC: [8] Undefined index:  D:\xampp\htdocs\ju\Application\Admin\Controller\CommonController.class.php 第 18 行.

[ 2017-09-19T00:28:28+08:00 ] 127.0.0.1 /index.php/admin/index
INFO: [ app_init ] --START--
INFO: Run Behavior\BuildLiteBehavior [ RunTime:0.000010s ]
INFO: [ app_init ] --END-- [ RunTime:0.000354s ]
INFO: [ app_begin ] --START--
INFO: Run Behavior\ReadHtmlCacheBehavior [ RunTime:0.000459s ]
INFO: [ app_begin ] --END-- [ RunTime:0.000501s ]
NOTIC: [8] Undefined index:  D:\xampp\htdocs\ju\Application\Admin\Controller\CommonController.class.php 第 18 行.

[ 2017-09-19T00:28:42+08:00 ] 127.0.0.1 /index.php/admin/index/index
INFO: [ app_init ] --START--
INFO: Run Behavior\BuildLiteBehavior [ RunTime:0.000011s ]
INFO: [ app_init ] --END-- [ RunTime:0.000263s ]
INFO: [ app_begin ] --START--
INFO: Run Behavior\ReadHtmlCacheBehavior [ RunTime:0.000318s ]
INFO: [ app_begin ] --END-- [ RunTime:0.000354s ]
NOTIC: [8] Undefined index:  D:\xampp\htdocs\ju\Application\Admin\Controller\CommonController.class.php 第 18 行.

[ 2017-09-19T00:29:07+08:00 ] 127.0.0.1 /admin/index/index
INFO: [ app_init ] --START--
INFO: Run Behavior\BuildLiteBehavior [ RunTime:0.000019s ]
INFO: [ app_init ] --END-- [ RunTime:0.000274s ]
INFO: [ app_begin ] --START--
INFO: Run Behavior\ReadHtmlCacheBehavior [ RunTime:0.000309s ]
INFO: [ app_begin ] --END-- [ RunTime:0.000346s ]
INFO: [ view_parse ] --START--
INFO: [ template_filter ] --START--
INFO: Run Behavior\ContentReplaceBehavior [ RunTime:0.000124s ]
INFO: [ template_filter ] --END-- [ RunTime:0.000154s ]
NOTIC: [8] Undefined variable: topmenu D:\xampp\htdocs\ju\Application\Runtime\Cache\Admin\b595b808c2ebeeeb0478ffc30bb4e87a.php 第 141 行.
NOTIC: [8] Undefined variable: k D:\xampp\htdocs\ju\Application\Runtime\Cache\Admin\b595b808c2ebeeeb0478ffc30bb4e87a.php 第 142 行.
NOTIC: [8] Undefined variable: vo D:\xampp\htdocs\ju\Application\Runtime\Cache\Admin\b595b808c2ebeeeb0478ffc30bb4e87a.php 第 142 行.
NOTIC: [8] Undefined variable: vo D:\xampp\htdocs\ju\Application\Runtime\Cache\Admin\b595b808c2ebeeeb0478ffc30bb4e87a.php 第 142 行.
NOTIC: [8] Undefined variable: k D:\xampp\htdocs\ju\Application\Runtime\Cache\Admin\b595b808c2ebeeeb0478ffc30bb4e87a.php 第 142 行.
NOTIC: [8] Undefined variable: vo D:\xampp\htdocs\ju\Application\Runtime\Cache\Admin\b595b808c2ebeeeb0478ffc30bb4e87a.php 第 142 行.
NOTIC: [8] Undefined variable: k D:\xampp\htdocs\ju\Application\Runtime\Cache\Admin\b595b808c2ebeeeb0478ffc30bb4e87a.php 第 143 行.
NOTIC: [8] Undefined variable: vo D:\xampp\htdocs\ju\Application\Runtime\Cache\Admin\b595b808c2ebeeeb0478ffc30bb4e87a.php 第 143 行.
NOTIC: [8] Undefined variable: vo D:\xampp\htdocs\ju\Application\Runtime\Cache\Admin\b595b808c2ebeeeb0478ffc30bb4e87a.php 第 143 行.
NOTIC: [8] Undefined variable: k D:\xampp\htdocs\ju\Application\Runtime\Cache\Admin\b595b808c2ebeeeb0478ffc30bb4e87a.php 第 143 行.
NOTIC: [8] Undefined variable: vo D:\xampp\htdocs\ju\Application\Runtime\Cache\Admin\b595b808c2ebeeeb0478ffc30bb4e87a.php 第 143 行.
NOTIC: [8] Undefined variable: k D:\xampp\htdocs\ju\Application\Runtime\Cache\Admin\b595b808c2ebeeeb0478ffc30bb4e87a.php 第 144 行.
NOTIC: [8] Undefined variable: vo D:\xampp\htdocs\ju\Application\Runtime\Cache\Admin\b595b808c2ebeeeb0478ffc30bb4e87a.php 第 144 行.
NOTIC: [8] Undefined variable: vo D:\xampp\htdocs\ju\Application\Runtime\Cache\Admin\b595b808c2ebeeeb0478ffc30bb4e87a.php 第 144 行.
NOTIC: [8] Undefined variable: k D:\xampp\htdocs\ju\Application\Runtime\Cache\Admin\b595b808c2ebeeeb0478ffc30bb4e87a.php 第 144 行.
NOTIC: [8] Undefined variable: vo D:\xampp\htdocs\ju\Application\Runtime\Cache\Admin\b595b808c2ebeeeb0478ffc30bb4e87a.php 第 144 行.
NOTIC: [8] Undefined variable: k D:\xampp\htdocs\ju\Application\Runtime\Cache\Admin\b595b808c2ebeeeb0478ffc30bb4e87a.php 第 145 行.
NOTIC: [8] Undefined variable: vo D:\xampp\htdocs\ju\Application\Runtime\Cache\Admin\b595b808c2ebeeeb0478ffc30bb4e87a.php 第 145 行.
NOTIC: [8] Undefined variable: vo D:\xampp\htdocs\ju\Application\Runtime\Cache\Admin\b595b808c2ebeeeb0478ffc30bb4e87a.php 第 145 行.
NOTIC: [8] Undefined variable: k D:\xampp\htdocs\ju\Application\Runtime\Cache\Admin\b595b808c2ebeeeb0478ffc30bb4e87a.php 第 145 行.
NOTIC: [8] Undefined variable: vo D:\xampp\htdocs\ju\Application\Runtime\Cache\Admin\b595b808c2ebeeeb0478ffc30bb4e87a.php 第 145 行.
NOTIC: [8] Undefined variable: k D:\xampp\htdocs\ju\Application\Runtime\Cache\Admin\b595b808c2ebeeeb0478ffc30bb4e87a.php 第 146 行.
NOTIC: [8] Undefined variable: vo D:\xampp\htdocs\ju\Application\Runtime\Cache\Admin\b595b808c2ebeeeb0478ffc30bb4e87a.php 第 146 行.
NOTIC: [8] Undefined variable: vo D:\xampp\htdocs\ju\Application\Runtime\Cache\Admin\b595b808c2ebeeeb0478ffc30bb4e87a.php 第 146 行.
NOTIC: [8] Undefined variable: k D:\xampp\htdocs\ju\Application\Runtime\Cache\Admin\b595b808c2ebeeeb0478ffc30bb4e87a.php 第 146 行.
NOTIC: [8] Undefined variable: vo D:\xampp\htdocs\ju\Application\Runtime\Cache\Admin\b595b808c2ebeeeb0478ffc30bb4e87a.php 第 146 行.
NOTIC: [8] Undefined variable: k D:\xampp\htdocs\ju\Application\Runtime\Cache\Admin\b595b808c2ebeeeb0478ffc30bb4e87a.php 第 147 行.
NOTIC: [8] Undefined variable: vo D:\xampp\htdocs\ju\Application\Runtime\Cache\Admin\b595b808c2ebeeeb0478ffc30bb4e87a.php 第 147 行.
NOTIC: [8] Undefined variable: vo D:\xampp\htdocs\ju\Application\Runtime\Cache\Admin\b595b808c2ebeeeb0478ffc30bb4e87a.php 第 147 行.
NOTIC: [8] Undefined variable: k D:\xampp\htdocs\ju\Application\Runtime\Cache\Admin\b595b808c2ebeeeb0478ffc30bb4e87a.php 第 147 行.
NOTIC: [8] Undefined variable: vo D:\xampp\htdocs\ju\Application\Runtime\Cache\Admin\b595b808c2ebeeeb0478ffc30bb4e87a.php 第 147 行.
INFO: Run Behavior\ParseTemplateBehavior [ RunTime:0.009178s ]
INFO: [ view_parse ] --END-- [ RunTime:0.009209s ]
INFO: [ view_filter ] --START--
INFO: Run Behavior\WriteHtmlCacheBehavior [ RunTime:0.000166s ]
INFO: [ view_filter ] --END-- [ RunTime:0.000190s ]
INFO: [ app_end ] --START--
INFO: Run Behavior\ShowPageTraceBehavior [ RunTime:0.000482s ]
INFO: [ app_end ] --END-- [ RunTime:0.000511s ]

[ 2017-09-19T00:29:11+08:00 ] 127.0.0.1 /index.php/Admin/Node/index.html?_=1505752147482
INFO: [ app_init ] --START--
INFO: Run Behavior\BuildLiteBehavior [ RunTime:0.000011s ]
INFO: [ app_init ] --END-- [ RunTime:0.000272s ]
INFO: [ app_begin ] --START--
INFO: Run Behavior\ReadHtmlCacheBehavior [ RunTime:0.000325s ]
INFO: [ app_begin ] --END-- [ RunTime:0.000362s ]
SQL: SHOW COLUMNS FROM `ju_node` [ RunTime:0.0029s ]
SQL: SELECT COUNT(id) AS tp_count FROM `ju_node` WHERE `status` <> -1 LIMIT 1   [ RunTime:0.0002s ]
SQL: SELECT * FROM `ju_node` WHERE `status` <> -1 ORDER BY `id` desc  [ RunTime:0.0002s ]
NOTIC: [2] Division by zero D:\xampp\htdocs\ju\ThinkPHP\Library\Think\Page.class.php 第 84 行.
INFO: [ view_parse ] --START--
NOTIC: [2] file_get_contents(./Application/Admin/View/Public/pagerForm.html): failed to open stream: No such file or directory D:\xampp\htdocs\ju\ThinkPHP\Library\Think\Template.class.php 第 696 行.
INFO: [ template_filter ] --START--
INFO: Run Behavior\ContentReplaceBehavior [ RunTime:0.000041s ]
INFO: [ template_filter ] --END-- [ RunTime:0.000071s ]
NOTIC: [8] Use of undefined constant __URL__ - assumed '__URL__' D:\xampp\htdocs\ju\Application\Admin\Common\function.php 第 35 行.
NOTIC: [8] Use of undefined constant __URL__ - assumed '__URL__' D:\xampp\htdocs\ju\Application\Admin\Common\function.php 第 35 行.
NOTIC: [8] Use of undefined constant __URL__ - assumed '__URL__' D:\xampp\htdocs\ju\Application\Admin\Common\function.php 第 35 行.
NOTIC: [8] Use of undefined constant __URL__ - assumed '__URL__' D:\xampp\htdocs\ju\Application\Admin\Common\function.php 第 35 行.
INFO: Run Behavior\ParseTemplateBehavior [ RunTime:0.005078s ]
INFO: [ view_parse ] --END-- [ RunTime:0.005108s ]
INFO: [ view_filter ] --START--
INFO: Run Behavior\WriteHtmlCacheBehavior [ RunTime:0.000176s ]
INFO: [ view_filter ] --END-- [ RunTime:0.000198s ]
INFO: [ app_end ] --START--
INFO: Run Behavior\ShowPageTraceBehavior [ RunTime:0.000308s ]
INFO: [ app_end ] --END-- [ RunTime:0.000335s ]

[ 2017-09-19T00:29:13+08:00 ] 127.0.0.1 /index.php/Admin/Node/add?_=1505752147483
INFO: [ app_init ] --START--
INFO: Run Behavior\BuildLiteBehavior [ RunTime:0.000010s ]
INFO: [ app_init ] --END-- [ RunTime:0.000258s ]
INFO: [ app_begin ] --START--
INFO: Run Behavior\ReadHtmlCacheBehavior [ RunTime:0.000314s ]
INFO: [ app_begin ] --END-- [ RunTime:0.000348s ]
SQL: SHOW COLUMNS FROM `ju_node` [ RunTime:0.0029s ]
NOTIC: [8] Undefined index: id D:\xampp\htdocs\ju\Application\Admin\Controller\CommonController.class.php 第 189 行.
SQL: SELECT * FROM `ju_node` WHERE `id` = null LIMIT 1   [ RunTime:0.0002s ]
INFO: [ view_parse ] --START--
INFO: [ template_filter ] --START--
INFO: Run Behavior\ContentReplaceBehavior [ RunTime:0.000040s ]
INFO: [ template_filter ] --END-- [ RunTime:0.000071s ]
NOTIC: [8] Undefined index:  D:\xampp\htdocs\ju\Application\Runtime\Cache\Admin\af16c5807684ad699547382dca62a8b7.php 第 5 行.
INFO: Run Behavior\ParseTemplateBehavior [ RunTime:0.003912s ]
INFO: [ view_parse ] --END-- [ RunTime:0.003942s ]
INFO: [ view_filter ] --START--
INFO: Run Behavior\WriteHtmlCacheBehavior [ RunTime:0.000171s ]
INFO: [ view_filter ] --END-- [ RunTime:0.000196s ]
INFO: [ app_end ] --START--
INFO: Run Behavior\ShowPageTraceBehavior [ RunTime:0.000309s ]
INFO: [ app_end ] --END-- [ RunTime:0.000337s ]

[ 2017-09-19T00:29:19+08:00 ] 127.0.0.1 /index.php/Admin/Node/insert/navTabId//index.php/Admin?callbackType=closeCurrent
INFO: [ app_init ] --START--
INFO: Run Behavior\BuildLiteBehavior [ RunTime:0.000010s ]
INFO: [ app_init ] --END-- [ RunTime:0.000261s ]
INFO: [ app_begin ] --START--
INFO: Run Behavior\ReadHtmlCacheBehavior [ RunTime:0.000313s ]
INFO: [ app_begin ] --END-- [ RunTime:0.000347s ]
SQL: SHOW COLUMNS FROM `ju_node` [ RunTime:0.0404s ]
NOTIC: [8] Undefined index: validate D:\xampp\htdocs\ju\ThinkPHP\Library\Think\Model.class.php 第 1185 行.
NOTIC: [8] Undefined index: auto D:\xampp\htdocs\ju\ThinkPHP\Library\Think\Model.class.php 第 1128 行.
SQL: INSERT INTO `ju_node` (`id`,`pid`,`name`,`title`,`sort`,`status`,`remark`) VALUES ('0','0','1','1','1','1','') [ RunTime:0.0994s ]

[ 2017-09-19T00:29:24+08:00 ] 127.0.0.1 /index.php/Admin/Node/insert/navTabId//index.php/Admin?callbackType=closeCurrent
INFO: [ app_init ] --START--
INFO: Run Behavior\BuildLiteBehavior [ RunTime:0.000012s ]
INFO: [ app_init ] --END-- [ RunTime:0.000269s ]
INFO: [ app_begin ] --START--
INFO: Run Behavior\ReadHtmlCacheBehavior [ RunTime:0.000313s ]
INFO: [ app_begin ] --END-- [ RunTime:0.000348s ]
SQL: SHOW COLUMNS FROM `ju_node` [ RunTime:0.0031s ]
NOTIC: [8] Undefined index: validate D:\xampp\htdocs\ju\ThinkPHP\Library\Think\Model.class.php 第 1185 行.
NOTIC: [8] Undefined index: auto D:\xampp\htdocs\ju\ThinkPHP\Library\Think\Model.class.php 第 1128 行.
SQL: INSERT INTO `ju_node` (`id`,`pid`,`name`,`title`,`sort`,`status`,`remark`) VALUES ('0','0','1','1','1','1','') [ RunTime:0.0573s ]

[ 2017-09-19T00:33:15+08:00 ] 127.0.0.1 /index.php/Admin/Node/index.html?_=1505752147484
INFO: [ app_init ] --START--
INFO: Run Behavior\BuildLiteBehavior [ RunTime:0.000012s ]
INFO: [ app_init ] --END-- [ RunTime:0.000327s ]
INFO: [ app_begin ] --START--
INFO: Run Behavior\ReadHtmlCacheBehavior [ RunTime:0.000498s ]
INFO: [ app_begin ] --END-- [ RunTime:0.000547s ]
SQL: SHOW COLUMNS FROM `ju_node` [ RunTime:0.0036s ]
SQL: SELECT COUNT(id) AS tp_count FROM `ju_node` WHERE `status` <> -1 LIMIT 1   [ RunTime:0.0004s ]
SQL: SELECT * FROM `ju_node` WHERE `status` <> -1 ORDER BY `id` desc  [ RunTime:0.0002s ]
NOTIC: [2] Division by zero D:\xampp\htdocs\ju\ThinkPHP\Library\Think\Page.class.php 第 84 行.
INFO: [ view_parse ] --START--
NOTIC: [2] file_get_contents(./Application/Admin/View/Public/pagerForm.html): failed to open stream: No such file or directory D:\xampp\htdocs\ju\ThinkPHP\Library\Think\Template.class.php 第 696 行.
INFO: [ template_filter ] --START--
INFO: Run Behavior\ContentReplaceBehavior [ RunTime:0.000041s ]
INFO: [ template_filter ] --END-- [ RunTime:0.000074s ]
NOTIC: [8] Use of undefined constant __URL__ - assumed '__URL__' D:\xampp\htdocs\ju\Application\Admin\Common\function.php 第 35 行.
NOTIC: [8] Use of undefined constant __URL__ - assumed '__URL__' D:\xampp\htdocs\ju\Application\Admin\Common\function.php 第 35 行.
NOTIC: [8] Use of undefined constant __URL__ - assumed '__URL__' D:\xampp\htdocs\ju\Application\Admin\Common\function.php 第 35 行.
NOTIC: [8] Use of undefined constant __URL__ - assumed '__URL__' D:\xampp\htdocs\ju\Application\Admin\Common\function.php 第 35 行.
NOTIC: [8] Use of undefined constant __URL__ - assumed '__URL__' D:\xampp\htdocs\ju\Application\Admin\Common\function.php 第 35 行.
NOTIC: [8] Use of undefined constant __URL__ - assumed '__URL__' D:\xampp\htdocs\ju\Application\Admin\Common\function.php 第 35 行.
INFO: Run Behavior\ParseTemplateBehavior [ RunTime:0.005885s ]
INFO: [ view_parse ] --END-- [ RunTime:0.005914s ]
INFO: [ view_filter ] --START--
INFO: Run Behavior\WriteHtmlCacheBehavior [ RunTime:0.000271s ]
INFO: [ view_filter ] --END-- [ RunTime:0.000294s ]
INFO: [ app_end ] --START--
INFO: Run Behavior\ShowPageTraceBehavior [ RunTime:0.000448s ]
INFO: [ app_end ] --END-- [ RunTime:0.000498s ]

[ 2017-09-19T00:33:15+08:00 ] 127.0.0.1 /index.php/Admin/Node/add?_=1505752147485
INFO: [ app_init ] --START--
INFO: Run Behavior\BuildLiteBehavior [ RunTime:0.000012s ]
INFO: [ app_init ] --END-- [ RunTime:0.000354s ]
INFO: [ app_begin ] --START--
INFO: Run Behavior\ReadHtmlCacheBehavior [ RunTime:0.000605s ]
INFO: [ app_begin ] --END-- [ RunTime:0.000655s ]
SQL: SHOW COLUMNS FROM `ju_node` [ RunTime:0.0033s ]
NOTIC: [8] Undefined index: id D:\xampp\htdocs\ju\Application\Admin\Controller\CommonController.class.php 第 189 行.
SQL: SELECT * FROM `ju_node` WHERE `id` = null LIMIT 1   [ RunTime:0.0002s ]
INFO: [ view_parse ] --START--
INFO: [ template_filter ] --START--
INFO: Run Behavior\ContentReplaceBehavior [ RunTime:0.000061s ]
INFO: [ template_filter ] --END-- [ RunTime:0.000091s ]
NOTIC: [8] Undefined index:  D:\xampp\htdocs\ju\Application\Runtime\Cache\Admin\af16c5807684ad699547382dca62a8b7.php 第 5 行.
INFO: Run Behavior\ParseTemplateBehavior [ RunTime:0.004491s ]
INFO: [ view_parse ] --END-- [ RunTime:0.004520s ]
INFO: [ view_filter ] --START--
INFO: Run Behavior\WriteHtmlCacheBehavior [ RunTime:0.000268s ]
INFO: [ view_filter ] --END-- [ RunTime:0.000291s ]
INFO: [ app_end ] --START--
INFO: Run Behavior\ShowPageTraceBehavior [ RunTime:0.000391s ]
INFO: [ app_end ] --END-- [ RunTime:0.000417s ]

[ 2017-09-19T00:33:20+08:00 ] 127.0.0.1 /index.php/Admin/Node/insert/navTabId//index.php/Admin?callbackType=closeCurrent
INFO: [ app_init ] --START--
INFO: Run Behavior\BuildLiteBehavior [ RunTime:0.000012s ]
INFO: [ app_init ] --END-- [ RunTime:0.000283s ]
INFO: [ app_begin ] --START--
INFO: Run Behavior\ReadHtmlCacheBehavior [ RunTime:0.000374s ]
INFO: [ app_begin ] --END-- [ RunTime:0.000412s ]
SQL: SHOW COLUMNS FROM `ju_node` [ RunTime:0.0030s ]
NOTIC: [8] Undefined index: validate D:\xampp\htdocs\ju\ThinkPHP\Library\Think\Model.class.php 第 1185 行.
NOTIC: [8] Undefined index: auto D:\xampp\htdocs\ju\ThinkPHP\Library\Think\Model.class.php 第 1128 行.
SQL: INSERT INTO `ju_node` (`id`,`pid`,`name`,`title`,`sort`,`status`,`remark`) VALUES ('0','0','1','1','1','1','') [ RunTime:0.0533s ]

[ 2017-09-19T00:34:18+08:00 ] 127.0.0.1 /index.php/Admin/Node/insert/navTabId//index.php/Admin?callbackType=closeCurrent
INFO: [ app_init ] --START--
INFO: Run Behavior\BuildLiteBehavior [ RunTime:0.000010s ]
INFO: [ app_init ] --END-- [ RunTime:0.000267s ]
INFO: [ app_begin ] --START--
INFO: Run Behavior\ReadHtmlCacheBehavior [ RunTime:0.000331s ]
INFO: [ app_begin ] --END-- [ RunTime:0.000391s ]
SQL: SHOW COLUMNS FROM `ju_node` [ RunTime:0.0032s ]
NOTIC: [8] Undefined index: validate D:\xampp\htdocs\ju\ThinkPHP\Library\Think\Model.class.php 第 1185 行.
NOTIC: [8] Undefined index: auto D:\xampp\htdocs\ju\ThinkPHP\Library\Think\Model.class.php 第 1128 行.
SQL: INSERT INTO `ju_node` (`id`,`pid`,`name`,`title`,`sort`,`status`,`remark`) VALUES ('0','0','1','1','1','1','') [ RunTime:0.0571s ]

[ 2017-09-19T00:34:20+08:00 ] 127.0.0.1 /index.php/Admin/Node/index.html?_=1505752147486
INFO: [ app_init ] --START--
INFO: Run Behavior\BuildLiteBehavior [ RunTime:0.000009s ]
INFO: [ app_init ] --END-- [ RunTime:0.000257s ]
INFO: [ app_begin ] --START--
INFO: Run Behavior\ReadHtmlCacheBehavior [ RunTime:0.000318s ]
INFO: [ app_begin ] --END-- [ RunTime:0.000353s ]
SQL: SHOW COLUMNS FROM `ju_node` [ RunTime:0.0028s ]
SQL: SELECT COUNT(id) AS tp_count FROM `ju_node` WHERE `status` <> -1 LIMIT 1   [ RunTime:0.0002s ]
SQL: SELECT * FROM `ju_node` WHERE `status` <> -1 ORDER BY `id` desc  [ RunTime:0.0002s ]
NOTIC: [2] Division by zero D:\xampp\htdocs\ju\ThinkPHP\Library\Think\Page.class.php 第 84 行.
INFO: [ view_parse ] --START--
NOTIC: [2] file_get_contents(./Application/Admin/View/Public/pagerForm.html): failed to open stream: No such file or directory D:\xampp\htdocs\ju\ThinkPHP\Library\Think\Template.class.php 第 696 行.
INFO: [ template_filter ] --START--
INFO: Run Behavior\ContentReplaceBehavior [ RunTime:0.000039s ]
INFO: [ template_filter ] --END-- [ RunTime:0.000069s ]
NOTIC: [8] Use of undefined constant __URL__ - assumed '__URL__' D:\xampp\htdocs\ju\Application\Admin\Common\function.php 第 35 行.
NOTIC: [8] Use of undefined constant __URL__ - assumed '__URL__' D:\xampp\htdocs\ju\Application\Admin\Common\function.php 第 35 行.
NOTIC: [8] Use of undefined constant __URL__ - assumed '__URL__' D:\xampp\htdocs\ju\Application\Admin\Common\function.php 第 35 行.
NOTIC: [8] Use of undefined constant __URL__ - assumed '__URL__' D:\xampp\htdocs\ju\Application\Admin\Common\function.php 第 35 行.
NOTIC: [8] Use of undefined constant __URL__ - assumed '__URL__' D:\xampp\htdocs\ju\Application\Admin\Common\function.php 第 35 行.
NOTIC: [8] Use of undefined constant __URL__ - assumed '__URL__' D:\xampp\htdocs\ju\Application\Admin\Common\function.php 第 35 行.
NOTIC: [8] Use of undefined constant __URL__ - assumed '__URL__' D:\xampp\htdocs\ju\Application\Admin\Common\function.php 第 35 行.
NOTIC: [8] Use of undefined constant __URL__ - assumed '__URL__' D:\xampp\htdocs\ju\Application\Admin\Common\function.php 第 35 行.
INFO: Run Behavior\ParseTemplateBehavior [ RunTime:0.005270s ]
INFO: [ view_parse ] --END-- [ RunTime:0.005304s ]
INFO: [ view_filter ] --START--
INFO: Run Behavior\WriteHtmlCacheBehavior [ RunTime:0.000189s ]
INFO: [ view_filter ] --END-- [ RunTime:0.000212s ]
INFO: [ app_end ] --START--
INFO: Run Behavior\ShowPageTraceBehavior [ RunTime:0.000332s ]
INFO: [ app_end ] --END-- [ RunTime:0.000363s ]

[ 2017-09-19T00:34:20+08:00 ] 127.0.0.1 /index.php/Admin/Node/add?_=1505752147487
INFO: [ app_init ] --START--
INFO: Run Behavior\BuildLiteBehavior [ RunTime:0.000011s ]
INFO: [ app_init ] --END-- [ RunTime:0.000269s ]
INFO: [ app_begin ] --START--
INFO: Run Behavior\ReadHtmlCacheBehavior [ RunTime:0.000334s ]
INFO: [ app_begin ] --END-- [ RunTime:0.000368s ]
SQL: SHOW COLUMNS FROM `ju_node` [ RunTime:0.0029s ]
NOTIC: [8] Undefined index: id D:\xampp\htdocs\ju\Application\Admin\Controller\CommonController.class.php 第 189 行.
SQL: SELECT * FROM `ju_node` WHERE `id` = null LIMIT 1   [ RunTime:0.0002s ]
INFO: [ view_parse ] --START--
INFO: [ template_filter ] --START--
INFO: Run Behavior\ContentReplaceBehavior [ RunTime:0.000029s ]
INFO: [ template_filter ] --END-- [ RunTime:0.000062s ]
NOTIC: [8] Undefined index:  D:\xampp\htdocs\ju\Application\Runtime\Cache\Admin\af16c5807684ad699547382dca62a8b7.php 第 5 行.
INFO: Run Behavior\ParseTemplateBehavior [ RunTime:0.003935s ]
INFO: [ view_parse ] --END-- [ RunTime:0.003966s ]
INFO: [ view_filter ] --START--
INFO: Run Behavior\WriteHtmlCacheBehavior [ RunTime:0.000179s ]
INFO: [ view_filter ] --END-- [ RunTime:0.000203s ]
INFO: [ app_end ] --START--
INFO: Run Behavior\ShowPageTraceBehavior [ RunTime:0.000344s ]
INFO: [ app_end ] --END-- [ RunTime:0.000373s ]

[ 2017-09-19T00:34:25+08:00 ] 127.0.0.1 /index.php/Admin/Node/insert/navTabId/Node?callbackType=closeCurrent
INFO: [ app_init ] --START--
INFO: Run Behavior\BuildLiteBehavior [ RunTime:0.000010s ]
INFO: [ app_init ] --END-- [ RunTime:0.000261s ]
INFO: [ app_begin ] --START--
INFO: Run Behavior\ReadHtmlCacheBehavior [ RunTime:0.000315s ]
INFO: [ app_begin ] --END-- [ RunTime:0.000350s ]
SQL: SHOW COLUMNS FROM `ju_node` [ RunTime:0.0169s ]
NOTIC: [8] Undefined index: validate D:\xampp\htdocs\ju\ThinkPHP\Library\Think\Model.class.php 第 1185 行.
NOTIC: [8] Undefined index: auto D:\xampp\htdocs\ju\ThinkPHP\Library\Think\Model.class.php 第 1128 行.
SQL: INSERT INTO `ju_node` (`id`,`pid`,`name`,`title`,`sort`,`status`,`remark`) VALUES ('0','0','1','1','1','1','') [ RunTime:0.0928s ]

