[ 2017-09-06T01:37:27+08:00 ] 127.0.0.1 /admin/index/index
INFO: [ app_init ] --START--
INFO: Run Behavior\BuildLiteBehavior [ RunTime:0.000013s ]
INFO: [ app_init ] --END-- [ RunTime:0.000322s ]
INFO: [ app_begin ] --START--
INFO: Run Behavior\ReadHtmlCacheBehavior [ RunTime:0.000632s ]
INFO: [ app_begin ] --END-- [ RunTime:0.000700s ]
INFO: [ view_parse ] --START--
INFO: [ template_filter ] --START--
INFO: Run Behavior\ContentReplaceBehavior [ RunTime:0.000110s ]
INFO: [ template_filter ] --END-- [ RunTime:0.000145s ]
NOTIC: [8] Undefined variable: topmenu D:\xampp\htdocs\ju\Application\Runtime\Cache\Admin\b595b808c2ebeeeb0478ffc30bb4e87a.php 第 125 行.
NOTIC: [8] Undefined variable: k D:\xampp\htdocs\ju\Application\Runtime\Cache\Admin\b595b808c2ebeeeb0478ffc30bb4e87a.php 第 126 行.
NOTIC: [8] Undefined variable: vo D:\xampp\htdocs\ju\Application\Runtime\Cache\Admin\b595b808c2ebeeeb0478ffc30bb4e87a.php 第 126 行.
NOTIC: [8] Undefined variable: vo D:\xampp\htdocs\ju\Application\Runtime\Cache\Admin\b595b808c2ebeeeb0478ffc30bb4e87a.php 第 126 行.
NOTIC: [8] Undefined variable: k D:\xampp\htdocs\ju\Application\Runtime\Cache\Admin\b595b808c2ebeeeb0478ffc30bb4e87a.php 第 126 行.
NOTIC: [8] Undefined variable: vo D:\xampp\htdocs\ju\Application\Runtime\Cache\Admin\b595b808c2ebeeeb0478ffc30bb4e87a.php 第 126 行.
NOTIC: [8] Undefined variable: k D:\xampp\htdocs\ju\Application\Runtime\Cache\Admin\b595b808c2ebeeeb0478ffc30bb4e87a.php 第 127 行.
NOTIC: [8] Undefined variable: vo D:\xampp\htdocs\ju\Application\Runtime\Cache\Admin\b595b808c2ebeeeb0478ffc30bb4e87a.php 第 127 行.
NOTIC: [8] Undefined variable: vo D:\xampp\htdocs\ju\Application\Runtime\Cache\Admin\b595b808c2ebeeeb0478ffc30bb4e87a.php 第 127 行.
NOTIC: [8] Undefined variable: k D:\xampp\htdocs\ju\Application\Runtime\Cache\Admin\b595b808c2ebeeeb0478ffc30bb4e87a.php 第 127 行.
NOTIC: [8] Undefined variable: vo D:\xampp\htdocs\ju\Application\Runtime\Cache\Admin\b595b808c2ebeeeb0478ffc30bb4e87a.php 第 127 行.
NOTIC: [8] Undefined variable: k D:\xampp\htdocs\ju\Application\Runtime\Cache\Admin\b595b808c2ebeeeb0478ffc30bb4e87a.php 第 128 行.
NOTIC: [8] Undefined variable: vo D:\xampp\htdocs\ju\Application\Runtime\Cache\Admin\b595b808c2ebeeeb0478ffc30bb4e87a.php 第 128 行.
NOTIC: [8] Undefined variable: vo D:\xampp\htdocs\ju\Application\Runtime\Cache\Admin\b595b808c2ebeeeb0478ffc30bb4e87a.php 第 128 行.
NOTIC: [8] Undefined variable: k D:\xampp\htdocs\ju\Application\Runtime\Cache\Admin\b595b808c2ebeeeb0478ffc30bb4e87a.php 第 128 行.
NOTIC: [8] Undefined variable: vo D:\xampp\htdocs\ju\Application\Runtime\Cache\Admin\b595b808c2ebeeeb0478ffc30bb4e87a.php 第 128 行.
NOTIC: [8] Undefined variable: k D:\xampp\htdocs\ju\Application\Runtime\Cache\Admin\b595b808c2ebeeeb0478ffc30bb4e87a.php 第 129 行.
NOTIC: [8] Undefined variable: vo D:\xampp\htdocs\ju\Application\Runtime\Cache\Admin\b595b808c2ebeeeb0478ffc30bb4e87a.php 第 129 行.
NOTIC: [8] Undefined variable: vo D:\xampp\htdocs\ju\Application\Runtime\Cache\Admin\b595b808c2ebeeeb0478ffc30bb4e87a.php 第 129 行.
NOTIC: [8] Undefined variable: k D:\xampp\htdocs\ju\Application\Runtime\Cache\Admin\b595b808c2ebeeeb0478ffc30bb4e87a.php 第 129 行.
NOTIC: [8] Undefined variable: vo D:\xampp\htdocs\ju\Application\Runtime\Cache\Admin\b595b808c2ebeeeb0478ffc30bb4e87a.php 第 129 行.
NOTIC: [8] Undefined variable: k D:\xampp\htdocs\ju\Application\Runtime\Cache\Admin\b595b808c2ebeeeb0478ffc30bb4e87a.php 第 130 行.
NOTIC: [8] Undefined variable: vo D:\xampp\htdocs\ju\Application\Runtime\Cache\Admin\b595b808c2ebeeeb0478ffc30bb4e87a.php 第 130 行.
NOTIC: [8] Undefined variable: vo D:\xampp\htdocs\ju\Application\Runtime\Cache\Admin\b595b808c2ebeeeb0478ffc30bb4e87a.php 第 130 行.
NOTIC: [8] Undefined variable: k D:\xampp\htdocs\ju\Application\Runtime\Cache\Admin\b595b808c2ebeeeb0478ffc30bb4e87a.php 第 130 行.
NOTIC: [8] Undefined variable: vo D:\xampp\htdocs\ju\Application\Runtime\Cache\Admin\b595b808c2ebeeeb0478ffc30bb4e87a.php 第 130 行.
NOTIC: [8] Undefined variable: k D:\xampp\htdocs\ju\Application\Runtime\Cache\Admin\b595b808c2ebeeeb0478ffc30bb4e87a.php 第 131 行.
NOTIC: [8] Undefined variable: vo D:\xampp\htdocs\ju\Application\Runtime\Cache\Admin\b595b808c2ebeeeb0478ffc30bb4e87a.php 第 131 行.
NOTIC: [8] Undefined variable: vo D:\xampp\htdocs\ju\Application\Runtime\Cache\Admin\b595b808c2ebeeeb0478ffc30bb4e87a.php 第 131 行.
NOTIC: [8] Undefined variable: k D:\xampp\htdocs\ju\Application\Runtime\Cache\Admin\b595b808c2ebeeeb0478ffc30bb4e87a.php 第 131 行.
NOTIC: [8] Undefined variable: vo D:\xampp\htdocs\ju\Application\Runtime\Cache\Admin\b595b808c2ebeeeb0478ffc30bb4e87a.php 第 131 行.
INFO: Run Behavior\ParseTemplateBehavior [ RunTime:0.010052s ]
INFO: [ view_parse ] --END-- [ RunTime:0.010085s ]
INFO: [ view_filter ] --START--
INFO: Run Behavior\WriteHtmlCacheBehavior [ RunTime:0.000419s ]
INFO: [ view_filter ] --END-- [ RunTime:0.000445s ]
INFO: [ app_end ] --START--
INFO: Run Behavior\ShowPageTraceBehavior [ RunTime:0.000660s ]
INFO: [ app_end ] --END-- [ RunTime:0.000702s ]

[ 2017-09-06T23:37:59+08:00 ] 127.0.0.1 /admin/index/index
INFO: [ app_init ] --START--
INFO: Run Behavior\BuildLiteBehavior [ RunTime:0.000011s ]
INFO: [ app_init ] --END-- [ RunTime:0.000326s ]
INFO: [ app_begin ] --START--
INFO: Run Behavior\ReadHtmlCacheBehavior [ RunTime:0.000424s ]
INFO: [ app_begin ] --END-- [ RunTime:0.000460s ]
INFO: [ view_parse ] --START--
INFO: [ template_filter ] --START--
INFO: Run Behavior\ContentReplaceBehavior [ RunTime:0.000106s ]
INFO: [ template_filter ] --END-- [ RunTime:0.000139s ]
NOTIC: [8] Undefined variable: topmenu D:\xampp\htdocs\ju\Application\Runtime\Cache\Admin\b595b808c2ebeeeb0478ffc30bb4e87a.php 第 125 行.
NOTIC: [8] Undefined variable: k D:\xampp\htdocs\ju\Application\Runtime\Cache\Admin\b595b808c2ebeeeb0478ffc30bb4e87a.php 第 126 行.
NOTIC: [8] Undefined variable: vo D:\xampp\htdocs\ju\Application\Runtime\Cache\Admin\b595b808c2ebeeeb0478ffc30bb4e87a.php 第 126 行.
NOTIC: [8] Undefined variable: vo D:\xampp\htdocs\ju\Application\Runtime\Cache\Admin\b595b808c2ebeeeb0478ffc30bb4e87a.php 第 126 行.
NOTIC: [8] Undefined variable: k D:\xampp\htdocs\ju\Application\Runtime\Cache\Admin\b595b808c2ebeeeb0478ffc30bb4e87a.php 第 126 行.
NOTIC: [8] Undefined variable: vo D:\xampp\htdocs\ju\Application\Runtime\Cache\Admin\b595b808c2ebeeeb0478ffc30bb4e87a.php 第 126 行.
NOTIC: [8] Undefined variable: k D:\xampp\htdocs\ju\Application\Runtime\Cache\Admin\b595b808c2ebeeeb0478ffc30bb4e87a.php 第 127 行.
NOTIC: [8] Undefined variable: vo D:\xampp\htdocs\ju\Application\Runtime\Cache\Admin\b595b808c2ebeeeb0478ffc30bb4e87a.php 第 127 行.
NOTIC: [8] Undefined variable: vo D:\xampp\htdocs\ju\Application\Runtime\Cache\Admin\b595b808c2ebeeeb0478ffc30bb4e87a.php 第 127 行.
NOTIC: [8] Undefined variable: k D:\xampp\htdocs\ju\Application\Runtime\Cache\Admin\b595b808c2ebeeeb0478ffc30bb4e87a.php 第 127 行.
NOTIC: [8] Undefined variable: vo D:\xampp\htdocs\ju\Application\Runtime\Cache\Admin\b595b808c2ebeeeb0478ffc30bb4e87a.php 第 127 行.
NOTIC: [8] Undefined variable: k D:\xampp\htdocs\ju\Application\Runtime\Cache\Admin\b595b808c2ebeeeb0478ffc30bb4e87a.php 第 128 行.
NOTIC: [8] Undefined variable: vo D:\xampp\htdocs\ju\Application\Runtime\Cache\Admin\b595b808c2ebeeeb0478ffc30bb4e87a.php 第 128 行.
NOTIC: [8] Undefined variable: vo D:\xampp\htdocs\ju\Application\Runtime\Cache\Admin\b595b808c2ebeeeb0478ffc30bb4e87a.php 第 128 行.
NOTIC: [8] Undefined variable: k D:\xampp\htdocs\ju\Application\Runtime\Cache\Admin\b595b808c2ebeeeb0478ffc30bb4e87a.php 第 128 行.
NOTIC: [8] Undefined variable: vo D:\xampp\htdocs\ju\Application\Runtime\Cache\Admin\b595b808c2ebeeeb0478ffc30bb4e87a.php 第 128 行.
NOTIC: [8] Undefined variable: k D:\xampp\htdocs\ju\Application\Runtime\Cache\Admin\b595b808c2ebeeeb0478ffc30bb4e87a.php 第 129 行.
NOTIC: [8] Undefined variable: vo D:\xampp\htdocs\ju\Application\Runtime\Cache\Admin\b595b808c2ebeeeb0478ffc30bb4e87a.php 第 129 行.
NOTIC: [8] Undefined variable: vo D:\xampp\htdocs\ju\Application\Runtime\Cache\Admin\b595b808c2ebeeeb0478ffc30bb4e87a.php 第 129 行.
NOTIC: [8] Undefined variable: k D:\xampp\htdocs\ju\Application\Runtime\Cache\Admin\b595b808c2ebeeeb0478ffc30bb4e87a.php 第 129 行.
NOTIC: [8] Undefined variable: vo D:\xampp\htdocs\ju\Application\Runtime\Cache\Admin\b595b808c2ebeeeb0478ffc30bb4e87a.php 第 129 行.
NOTIC: [8] Undefined variable: k D:\xampp\htdocs\ju\Application\Runtime\Cache\Admin\b595b808c2ebeeeb0478ffc30bb4e87a.php 第 130 行.
NOTIC: [8] Undefined variable: vo D:\xampp\htdocs\ju\Application\Runtime\Cache\Admin\b595b808c2ebeeeb0478ffc30bb4e87a.php 第 130 行.
NOTIC: [8] Undefined variable: vo D:\xampp\htdocs\ju\Application\Runtime\Cache\Admin\b595b808c2ebeeeb0478ffc30bb4e87a.php 第 130 行.
NOTIC: [8] Undefined variable: k D:\xampp\htdocs\ju\Application\Runtime\Cache\Admin\b595b808c2ebeeeb0478ffc30bb4e87a.php 第 130 行.
NOTIC: [8] Undefined variable: vo D:\xampp\htdocs\ju\Application\Runtime\Cache\Admin\b595b808c2ebeeeb0478ffc30bb4e87a.php 第 130 行.
NOTIC: [8] Undefined variable: k D:\xampp\htdocs\ju\Application\Runtime\Cache\Admin\b595b808c2ebeeeb0478ffc30bb4e87a.php 第 131 行.
NOTIC: [8] Undefined variable: vo D:\xampp\htdocs\ju\Application\Runtime\Cache\Admin\b595b808c2ebeeeb0478ffc30bb4e87a.php 第 131 行.
NOTIC: [8] Undefined variable: vo D:\xampp\htdocs\ju\Application\Runtime\Cache\Admin\b595b808c2ebeeeb0478ffc30bb4e87a.php 第 131 行.
NOTIC: [8] Undefined variable: k D:\xampp\htdocs\ju\Application\Runtime\Cache\Admin\b595b808c2ebeeeb0478ffc30bb4e87a.php 第 131 行.
NOTIC: [8] Undefined variable: vo D:\xampp\htdocs\ju\Application\Runtime\Cache\Admin\b595b808c2ebeeeb0478ffc30bb4e87a.php 第 131 行.
INFO: Run Behavior\ParseTemplateBehavior [ RunTime:0.009607s ]
INFO: [ view_parse ] --END-- [ RunTime:0.009667s ]
INFO: [ view_filter ] --START--
INFO: Run Behavior\WriteHtmlCacheBehavior [ RunTime:0.000755s ]
INFO: [ view_filter ] --END-- [ RunTime:0.000824s ]
INFO: [ app_end ] --START--
INFO: Run Behavior\ShowPageTraceBehavior [ RunTime:0.001233s ]
INFO: [ app_end ] --END-- [ RunTime:0.001312s ]

