[ 2017-09-10T12:20:09+08:00 ] 127.0.0.1 /admin/index/index
INFO: [ app_init ] --START--
INFO: Run Behavior\BuildLiteBehavior [ RunTime:0.000015s ]
INFO: [ app_init ] --END-- [ RunTime:0.000338s ]
INFO: [ app_begin ] --START--
INFO: Run Behavior\ReadHtmlCacheBehavior [ RunTime:0.000420s ]
INFO: [ app_begin ] --END-- [ RunTime:0.000455s ]
INFO: [ view_parse ] --START--
INFO: [ template_filter ] --START--
INFO: Run Behavior\ContentReplaceBehavior [ RunTime:0.000105s ]
INFO: [ template_filter ] --END-- [ RunTime:0.000133s ]
NOTIC: [8] Undefined variable: topmenu D:\xampp\htdocs\ju\Application\Runtime\Cache\Admin\b595b808c2ebeeeb0478ffc30bb4e87a.php 第 125 行.
NOTIC: [8] Undefined variable: k D:\xampp\htdocs\ju\Application\Runtime\Cache\Admin\b595b808c2ebeeeb0478ffc30bb4e87a.php 第 126 行.
NOTIC: [8] Undefined variable: vo D:\xampp\htdocs\ju\Application\Runtime\Cache\Admin\b595b808c2ebeeeb0478ffc30bb4e87a.php 第 126 行.
NOTIC: [8] Undefined variable: vo D:\xampp\htdocs\ju\Application\Runtime\Cache\Admin\b595b808c2ebeeeb0478ffc30bb4e87a.php 第 126 行.
NOTIC: [8] Undefined variable: k D:\xampp\htdocs\ju\Application\Runtime\Cache\Admin\b595b808c2ebeeeb0478ffc30bb4e87a.php 第 126 行.
NOTIC: [8] Undefined variable: vo D:\xampp\htdocs\ju\Application\Runtime\Cache\Admin\b595b808c2ebeeeb0478ffc30bb4e87a.php 第 126 行.
NOTIC: [8] Undefined variable: k D:\xampp\htdocs\ju\Application\Runtime\Cache\Admin\b595b808c2ebeeeb0478ffc30bb4e87a.php 第 127 行.
NOTIC: [8] Undefined variable: vo D:\xampp\htdocs\ju\Application\Runtime\Cache\Admin\b595b808c2ebeeeb0478ffc30bb4e87a.php 第 127 行.
NOTIC: [8] Undefined variable: vo D:\xampp\htdocs\ju\Application\Runtime\Cache\Admin\b595b808c2ebeeeb0478ffc30bb4e87a.php 第 127 行.
NOTIC: [8] Undefined variable: k D:\xampp\htdocs\ju\Application\Runtime\Cache\Admin\b595b808c2ebeeeb0478ffc30bb4e87a.php 第 127 行.
NOTIC: [8] Undefined variable: vo D:\xampp\htdocs\ju\Application\Runtime\Cache\Admin\b595b808c2ebeeeb0478ffc30bb4e87a.php 第 127 行.
NOTIC: [8] Undefined variable: k D:\xampp\htdocs\ju\Application\Runtime\Cache\Admin\b595b808c2ebeeeb0478ffc30bb4e87a.php 第 128 行.
NOTIC: [8] Undefined variable: vo D:\xampp\htdocs\ju\Application\Runtime\Cache\Admin\b595b808c2ebeeeb0478ffc30bb4e87a.php 第 128 行.
NOTIC: [8] Undefined variable: vo D:\xampp\htdocs\ju\Application\Runtime\Cache\Admin\b595b808c2ebeeeb0478ffc30bb4e87a.php 第 128 行.
NOTIC: [8] Undefined variable: k D:\xampp\htdocs\ju\Application\Runtime\Cache\Admin\b595b808c2ebeeeb0478ffc30bb4e87a.php 第 128 行.
NOTIC: [8] Undefined variable: vo D:\xampp\htdocs\ju\Application\Runtime\Cache\Admin\b595b808c2ebeeeb0478ffc30bb4e87a.php 第 128 行.
NOTIC: [8] Undefined variable: k D:\xampp\htdocs\ju\Application\Runtime\Cache\Admin\b595b808c2ebeeeb0478ffc30bb4e87a.php 第 129 行.
NOTIC: [8] Undefined variable: vo D:\xampp\htdocs\ju\Application\Runtime\Cache\Admin\b595b808c2ebeeeb0478ffc30bb4e87a.php 第 129 行.
NOTIC: [8] Undefined variable: vo D:\xampp\htdocs\ju\Application\Runtime\Cache\Admin\b595b808c2ebeeeb0478ffc30bb4e87a.php 第 129 行.
NOTIC: [8] Undefined variable: k D:\xampp\htdocs\ju\Application\Runtime\Cache\Admin\b595b808c2ebeeeb0478ffc30bb4e87a.php 第 129 行.
NOTIC: [8] Undefined variable: vo D:\xampp\htdocs\ju\Application\Runtime\Cache\Admin\b595b808c2ebeeeb0478ffc30bb4e87a.php 第 129 行.
NOTIC: [8] Undefined variable: k D:\xampp\htdocs\ju\Application\Runtime\Cache\Admin\b595b808c2ebeeeb0478ffc30bb4e87a.php 第 130 行.
NOTIC: [8] Undefined variable: vo D:\xampp\htdocs\ju\Application\Runtime\Cache\Admin\b595b808c2ebeeeb0478ffc30bb4e87a.php 第 130 行.
NOTIC: [8] Undefined variable: vo D:\xampp\htdocs\ju\Application\Runtime\Cache\Admin\b595b808c2ebeeeb0478ffc30bb4e87a.php 第 130 行.
NOTIC: [8] Undefined variable: k D:\xampp\htdocs\ju\Application\Runtime\Cache\Admin\b595b808c2ebeeeb0478ffc30bb4e87a.php 第 130 行.
NOTIC: [8] Undefined variable: vo D:\xampp\htdocs\ju\Application\Runtime\Cache\Admin\b595b808c2ebeeeb0478ffc30bb4e87a.php 第 130 行.
NOTIC: [8] Undefined variable: k D:\xampp\htdocs\ju\Application\Runtime\Cache\Admin\b595b808c2ebeeeb0478ffc30bb4e87a.php 第 131 行.
NOTIC: [8] Undefined variable: vo D:\xampp\htdocs\ju\Application\Runtime\Cache\Admin\b595b808c2ebeeeb0478ffc30bb4e87a.php 第 131 行.
NOTIC: [8] Undefined variable: vo D:\xampp\htdocs\ju\Application\Runtime\Cache\Admin\b595b808c2ebeeeb0478ffc30bb4e87a.php 第 131 行.
NOTIC: [8] Undefined variable: k D:\xampp\htdocs\ju\Application\Runtime\Cache\Admin\b595b808c2ebeeeb0478ffc30bb4e87a.php 第 131 行.
NOTIC: [8] Undefined variable: vo D:\xampp\htdocs\ju\Application\Runtime\Cache\Admin\b595b808c2ebeeeb0478ffc30bb4e87a.php 第 131 行.
INFO: Run Behavior\ParseTemplateBehavior [ RunTime:0.009302s ]
INFO: [ view_parse ] --END-- [ RunTime:0.009346s ]
INFO: [ view_filter ] --START--
INFO: Run Behavior\WriteHtmlCacheBehavior [ RunTime:0.000253s ]
INFO: [ view_filter ] --END-- [ RunTime:0.000277s ]
INFO: [ app_end ] --START--
INFO: Run Behavior\ShowPageTraceBehavior [ RunTime:0.000618s ]
INFO: [ app_end ] --END-- [ RunTime:0.000659s ]

[ 2017-09-10T12:22:57+08:00 ] 127.0.0.1 /admin/index/index
INFO: [ app_init ] --START--
INFO: Run Behavior\BuildLiteBehavior [ RunTime:0.000017s ]
INFO: [ app_init ] --END-- [ RunTime:0.000521s ]
INFO: [ app_begin ] --START--
INFO: Run Behavior\ReadHtmlCacheBehavior [ RunTime:0.001045s ]
INFO: [ app_begin ] --END-- [ RunTime:0.001112s ]
INFO: [ view_parse ] --START--
INFO: [ template_filter ] --START--
INFO: Run Behavior\ContentReplaceBehavior [ RunTime:0.000211s ]
INFO: [ template_filter ] --END-- [ RunTime:0.000273s ]
NOTIC: [8] Undefined variable: topmenu D:\xampp\htdocs\ju\Application\Runtime\Cache\Admin\b595b808c2ebeeeb0478ffc30bb4e87a.php 第 125 行.
NOTIC: [8] Undefined variable: k D:\xampp\htdocs\ju\Application\Runtime\Cache\Admin\b595b808c2ebeeeb0478ffc30bb4e87a.php 第 126 行.
NOTIC: [8] Undefined variable: vo D:\xampp\htdocs\ju\Application\Runtime\Cache\Admin\b595b808c2ebeeeb0478ffc30bb4e87a.php 第 126 行.
NOTIC: [8] Undefined variable: vo D:\xampp\htdocs\ju\Application\Runtime\Cache\Admin\b595b808c2ebeeeb0478ffc30bb4e87a.php 第 126 行.
NOTIC: [8] Undefined variable: k D:\xampp\htdocs\ju\Application\Runtime\Cache\Admin\b595b808c2ebeeeb0478ffc30bb4e87a.php 第 126 行.
NOTIC: [8] Undefined variable: vo D:\xampp\htdocs\ju\Application\Runtime\Cache\Admin\b595b808c2ebeeeb0478ffc30bb4e87a.php 第 126 行.
NOTIC: [8] Undefined variable: k D:\xampp\htdocs\ju\Application\Runtime\Cache\Admin\b595b808c2ebeeeb0478ffc30bb4e87a.php 第 127 行.
NOTIC: [8] Undefined variable: vo D:\xampp\htdocs\ju\Application\Runtime\Cache\Admin\b595b808c2ebeeeb0478ffc30bb4e87a.php 第 127 行.
NOTIC: [8] Undefined variable: vo D:\xampp\htdocs\ju\Application\Runtime\Cache\Admin\b595b808c2ebeeeb0478ffc30bb4e87a.php 第 127 行.
NOTIC: [8] Undefined variable: k D:\xampp\htdocs\ju\Application\Runtime\Cache\Admin\b595b808c2ebeeeb0478ffc30bb4e87a.php 第 127 行.
NOTIC: [8] Undefined variable: vo D:\xampp\htdocs\ju\Application\Runtime\Cache\Admin\b595b808c2ebeeeb0478ffc30bb4e87a.php 第 127 行.
NOTIC: [8] Undefined variable: k D:\xampp\htdocs\ju\Application\Runtime\Cache\Admin\b595b808c2ebeeeb0478ffc30bb4e87a.php 第 128 行.
NOTIC: [8] Undefined variable: vo D:\xampp\htdocs\ju\Application\Runtime\Cache\Admin\b595b808c2ebeeeb0478ffc30bb4e87a.php 第 128 行.
NOTIC: [8] Undefined variable: vo D:\xampp\htdocs\ju\Application\Runtime\Cache\Admin\b595b808c2ebeeeb0478ffc30bb4e87a.php 第 128 行.
NOTIC: [8] Undefined variable: k D:\xampp\htdocs\ju\Application\Runtime\Cache\Admin\b595b808c2ebeeeb0478ffc30bb4e87a.php 第 128 行.
NOTIC: [8] Undefined variable: vo D:\xampp\htdocs\ju\Application\Runtime\Cache\Admin\b595b808c2ebeeeb0478ffc30bb4e87a.php 第 128 行.
NOTIC: [8] Undefined variable: k D:\xampp\htdocs\ju\Application\Runtime\Cache\Admin\b595b808c2ebeeeb0478ffc30bb4e87a.php 第 129 行.
NOTIC: [8] Undefined variable: vo D:\xampp\htdocs\ju\Application\Runtime\Cache\Admin\b595b808c2ebeeeb0478ffc30bb4e87a.php 第 129 行.
NOTIC: [8] Undefined variable: vo D:\xampp\htdocs\ju\Application\Runtime\Cache\Admin\b595b808c2ebeeeb0478ffc30bb4e87a.php 第 129 行.
NOTIC: [8] Undefined variable: k D:\xampp\htdocs\ju\Application\Runtime\Cache\Admin\b595b808c2ebeeeb0478ffc30bb4e87a.php 第 129 行.
NOTIC: [8] Undefined variable: vo D:\xampp\htdocs\ju\Application\Runtime\Cache\Admin\b595b808c2ebeeeb0478ffc30bb4e87a.php 第 129 行.
NOTIC: [8] Undefined variable: k D:\xampp\htdocs\ju\Application\Runtime\Cache\Admin\b595b808c2ebeeeb0478ffc30bb4e87a.php 第 130 行.
NOTIC: [8] Undefined variable: vo D:\xampp\htdocs\ju\Application\Runtime\Cache\Admin\b595b808c2ebeeeb0478ffc30bb4e87a.php 第 130 行.
NOTIC: [8] Undefined variable: vo D:\xampp\htdocs\ju\Application\Runtime\Cache\Admin\b595b808c2ebeeeb0478ffc30bb4e87a.php 第 130 行.
NOTIC: [8] Undefined variable: k D:\xampp\htdocs\ju\Application\Runtime\Cache\Admin\b595b808c2ebeeeb0478ffc30bb4e87a.php 第 130 行.
NOTIC: [8] Undefined variable: vo D:\xampp\htdocs\ju\Application\Runtime\Cache\Admin\b595b808c2ebeeeb0478ffc30bb4e87a.php 第 130 行.
NOTIC: [8] Undefined variable: k D:\xampp\htdocs\ju\Application\Runtime\Cache\Admin\b595b808c2ebeeeb0478ffc30bb4e87a.php 第 131 行.
NOTIC: [8] Undefined variable: vo D:\xampp\htdocs\ju\Application\Runtime\Cache\Admin\b595b808c2ebeeeb0478ffc30bb4e87a.php 第 131 行.
NOTIC: [8] Undefined variable: vo D:\xampp\htdocs\ju\Application\Runtime\Cache\Admin\b595b808c2ebeeeb0478ffc30bb4e87a.php 第 131 行.
NOTIC: [8] Undefined variable: k D:\xampp\htdocs\ju\Application\Runtime\Cache\Admin\b595b808c2ebeeeb0478ffc30bb4e87a.php 第 131 行.
NOTIC: [8] Undefined variable: vo D:\xampp\htdocs\ju\Application\Runtime\Cache\Admin\b595b808c2ebeeeb0478ffc30bb4e87a.php 第 131 行.
INFO: Run Behavior\ParseTemplateBehavior [ RunTime:0.016649s ]
INFO: [ view_parse ] --END-- [ RunTime:0.016692s ]
INFO: [ view_filter ] --START--
INFO: Run Behavior\WriteHtmlCacheBehavior [ RunTime:0.000412s ]
INFO: [ view_filter ] --END-- [ RunTime:0.000440s ]
INFO: [ app_end ] --START--
INFO: Run Behavior\ShowPageTraceBehavior [ RunTime:0.000470s ]
INFO: [ app_end ] --END-- [ RunTime:0.000501s ]

[ 2017-09-10T12:24:41+08:00 ] 127.0.0.1 /admin/index/index
INFO: [ app_init ] --START--
INFO: Run Behavior\BuildLiteBehavior [ RunTime:0.000019s ]
INFO: [ app_init ] --END-- [ RunTime:0.000615s ]
INFO: [ app_begin ] --START--
INFO: Run Behavior\ReadHtmlCacheBehavior [ RunTime:0.000918s ]
INFO: [ app_begin ] --END-- [ RunTime:0.001000s ]
INFO: [ view_parse ] --START--
INFO: [ template_filter ] --START--
INFO: Run Behavior\ContentReplaceBehavior [ RunTime:0.000293s ]
INFO: [ template_filter ] --END-- [ RunTime:0.000390s ]
NOTIC: [8] Undefined variable: topmenu D:\xampp\htdocs\ju\Application\Runtime\Cache\Admin\b595b808c2ebeeeb0478ffc30bb4e87a.php 第 125 行.
NOTIC: [8] Undefined variable: k D:\xampp\htdocs\ju\Application\Runtime\Cache\Admin\b595b808c2ebeeeb0478ffc30bb4e87a.php 第 126 行.
NOTIC: [8] Undefined variable: vo D:\xampp\htdocs\ju\Application\Runtime\Cache\Admin\b595b808c2ebeeeb0478ffc30bb4e87a.php 第 126 行.
NOTIC: [8] Undefined variable: vo D:\xampp\htdocs\ju\Application\Runtime\Cache\Admin\b595b808c2ebeeeb0478ffc30bb4e87a.php 第 126 行.
NOTIC: [8] Undefined variable: k D:\xampp\htdocs\ju\Application\Runtime\Cache\Admin\b595b808c2ebeeeb0478ffc30bb4e87a.php 第 126 行.
NOTIC: [8] Undefined variable: vo D:\xampp\htdocs\ju\Application\Runtime\Cache\Admin\b595b808c2ebeeeb0478ffc30bb4e87a.php 第 126 行.
NOTIC: [8] Undefined variable: k D:\xampp\htdocs\ju\Application\Runtime\Cache\Admin\b595b808c2ebeeeb0478ffc30bb4e87a.php 第 127 行.
NOTIC: [8] Undefined variable: vo D:\xampp\htdocs\ju\Application\Runtime\Cache\Admin\b595b808c2ebeeeb0478ffc30bb4e87a.php 第 127 行.
NOTIC: [8] Undefined variable: vo D:\xampp\htdocs\ju\Application\Runtime\Cache\Admin\b595b808c2ebeeeb0478ffc30bb4e87a.php 第 127 行.
NOTIC: [8] Undefined variable: k D:\xampp\htdocs\ju\Application\Runtime\Cache\Admin\b595b808c2ebeeeb0478ffc30bb4e87a.php 第 127 行.
NOTIC: [8] Undefined variable: vo D:\xampp\htdocs\ju\Application\Runtime\Cache\Admin\b595b808c2ebeeeb0478ffc30bb4e87a.php 第 127 行.
NOTIC: [8] Undefined variable: k D:\xampp\htdocs\ju\Application\Runtime\Cache\Admin\b595b808c2ebeeeb0478ffc30bb4e87a.php 第 128 行.
NOTIC: [8] Undefined variable: vo D:\xampp\htdocs\ju\Application\Runtime\Cache\Admin\b595b808c2ebeeeb0478ffc30bb4e87a.php 第 128 行.
NOTIC: [8] Undefined variable: vo D:\xampp\htdocs\ju\Application\Runtime\Cache\Admin\b595b808c2ebeeeb0478ffc30bb4e87a.php 第 128 行.
NOTIC: [8] Undefined variable: k D:\xampp\htdocs\ju\Application\Runtime\Cache\Admin\b595b808c2ebeeeb0478ffc30bb4e87a.php 第 128 行.
NOTIC: [8] Undefined variable: vo D:\xampp\htdocs\ju\Application\Runtime\Cache\Admin\b595b808c2ebeeeb0478ffc30bb4e87a.php 第 128 行.
NOTIC: [8] Undefined variable: k D:\xampp\htdocs\ju\Application\Runtime\Cache\Admin\b595b808c2ebeeeb0478ffc30bb4e87a.php 第 129 行.
NOTIC: [8] Undefined variable: vo D:\xampp\htdocs\ju\Application\Runtime\Cache\Admin\b595b808c2ebeeeb0478ffc30bb4e87a.php 第 129 行.
NOTIC: [8] Undefined variable: vo D:\xampp\htdocs\ju\Application\Runtime\Cache\Admin\b595b808c2ebeeeb0478ffc30bb4e87a.php 第 129 行.
NOTIC: [8] Undefined variable: k D:\xampp\htdocs\ju\Application\Runtime\Cache\Admin\b595b808c2ebeeeb0478ffc30bb4e87a.php 第 129 行.
NOTIC: [8] Undefined variable: vo D:\xampp\htdocs\ju\Application\Runtime\Cache\Admin\b595b808c2ebeeeb0478ffc30bb4e87a.php 第 129 行.
NOTIC: [8] Undefined variable: k D:\xampp\htdocs\ju\Application\Runtime\Cache\Admin\b595b808c2ebeeeb0478ffc30bb4e87a.php 第 130 行.
NOTIC: [8] Undefined variable: vo D:\xampp\htdocs\ju\Application\Runtime\Cache\Admin\b595b808c2ebeeeb0478ffc30bb4e87a.php 第 130 行.
NOTIC: [8] Undefined variable: vo D:\xampp\htdocs\ju\Application\Runtime\Cache\Admin\b595b808c2ebeeeb0478ffc30bb4e87a.php 第 130 行.
NOTIC: [8] Undefined variable: k D:\xampp\htdocs\ju\Application\Runtime\Cache\Admin\b595b808c2ebeeeb0478ffc30bb4e87a.php 第 130 行.
NOTIC: [8] Undefined variable: vo D:\xampp\htdocs\ju\Application\Runtime\Cache\Admin\b595b808c2ebeeeb0478ffc30bb4e87a.php 第 130 行.
NOTIC: [8] Undefined variable: k D:\xampp\htdocs\ju\Application\Runtime\Cache\Admin\b595b808c2ebeeeb0478ffc30bb4e87a.php 第 131 行.
NOTIC: [8] Undefined variable: vo D:\xampp\htdocs\ju\Application\Runtime\Cache\Admin\b595b808c2ebeeeb0478ffc30bb4e87a.php 第 131 行.
NOTIC: [8] Undefined variable: vo D:\xampp\htdocs\ju\Application\Runtime\Cache\Admin\b595b808c2ebeeeb0478ffc30bb4e87a.php 第 131 行.
NOTIC: [8] Undefined variable: k D:\xampp\htdocs\ju\Application\Runtime\Cache\Admin\b595b808c2ebeeeb0478ffc30bb4e87a.php 第 131 行.
NOTIC: [8] Undefined variable: vo D:\xampp\htdocs\ju\Application\Runtime\Cache\Admin\b595b808c2ebeeeb0478ffc30bb4e87a.php 第 131 行.
INFO: Run Behavior\ParseTemplateBehavior [ RunTime:0.020483s ]
INFO: [ view_parse ] --END-- [ RunTime:0.020557s ]
INFO: [ view_filter ] --START--
INFO: Run Behavior\WriteHtmlCacheBehavior [ RunTime:0.000577s ]
INFO: [ view_filter ] --END-- [ RunTime:0.000632s ]
INFO: [ app_end ] --START--
INFO: Run Behavior\ShowPageTraceBehavior [ RunTime:0.001148s ]
INFO: [ app_end ] --END-- [ RunTime:0.001217s ]

[ 2017-09-10T12:24:42+08:00 ] 127.0.0.1 /index.php/Admin/Node/index.html?_=1505017481297
INFO: [ app_init ] --START--
INFO: Run Behavior\BuildLiteBehavior [ RunTime:0.000010s ]
INFO: [ app_init ] --END-- [ RunTime:0.000272s ]
INFO: [ app_begin ] --START--
INFO: Run Behavior\ReadHtmlCacheBehavior [ RunTime:0.000312s ]
INFO: [ app_begin ] --END-- [ RunTime:0.000347s ]
ERR: 模板不存在:./Application/Admin/View/Node/index.html

[ 2017-09-10T12:24:49+08:00 ] 127.0.0.1 /index.php/Admin/Node/index.html?_=1505017481298
INFO: [ app_init ] --START--
INFO: Run Behavior\BuildLiteBehavior [ RunTime:0.000010s ]
INFO: [ app_init ] --END-- [ RunTime:0.000341s ]
INFO: [ app_begin ] --START--
INFO: Run Behavior\ReadHtmlCacheBehavior [ RunTime:0.000580s ]
INFO: [ app_begin ] --END-- [ RunTime:0.000617s ]
ERR: 模板不存在:./Application/Admin/View/Node/index.html

[ 2017-09-10T12:30:08+08:00 ] 127.0.0.1 /index.php/Admin/Node/index.html?_=1505017481299
INFO: [ app_init ] --START--
INFO: Run Behavior\BuildLiteBehavior [ RunTime:0.000011s ]
INFO: [ app_init ] --END-- [ RunTime:0.000311s ]
INFO: [ app_begin ] --START--
INFO: Run Behavior\ReadHtmlCacheBehavior [ RunTime:0.000604s ]
INFO: [ app_begin ] --END-- [ RunTime:0.000640s ]
INFO: [ view_parse ] --START--
NOTIC: [2] file_get_contents(./Application/Admin/View/Public/pagerForm.html): failed to open stream: No such file or directory D:\xampp\htdocs\ju\ThinkPHP\Library\Think\Template.class.php 第 696 行.
INFO: [ template_filter ] --START--
INFO: Run Behavior\ContentReplaceBehavior [ RunTime:0.000043s ]
INFO: [ template_filter ] --END-- [ RunTime:0.000082s ]
NOTIC: [8] Undefined variable: list D:\xampp\htdocs\ju\Application\Runtime\Cache\Admin\3b413a7ffc5043a6cb35ecf769ae0bb3.php 第 52 行.
NOTIC: [8] Undefined variable: totalCount D:\xampp\htdocs\ju\Application\Runtime\Cache\Admin\3b413a7ffc5043a6cb35ecf769ae0bb3.php 第 67 行.
NOTIC: [8] Undefined variable: totalCount D:\xampp\htdocs\ju\Application\Runtime\Cache\Admin\3b413a7ffc5043a6cb35ecf769ae0bb3.php 第 69 行.
NOTIC: [8] Undefined variable: numPerPage D:\xampp\htdocs\ju\Application\Runtime\Cache\Admin\3b413a7ffc5043a6cb35ecf769ae0bb3.php 第 69 行.
NOTIC: [8] Undefined variable: currentPage D:\xampp\htdocs\ju\Application\Runtime\Cache\Admin\3b413a7ffc5043a6cb35ecf769ae0bb3.php 第 70 行.
INFO: Run Behavior\ParseTemplateBehavior [ RunTime:0.007302s ]
INFO: [ view_parse ] --END-- [ RunTime:0.007336s ]
INFO: [ view_filter ] --START--
INFO: Run Behavior\WriteHtmlCacheBehavior [ RunTime:0.000464s ]
INFO: [ view_filter ] --END-- [ RunTime:0.000489s ]
INFO: [ app_end ] --START--
INFO: Run Behavior\ShowPageTraceBehavior [ RunTime:0.000586s ]
INFO: [ app_end ] --END-- [ RunTime:0.000614s ]

[ 2017-09-10T12:31:45+08:00 ] 127.0.0.1 /index.php/Admin/Node/index.html?_=1505017481300
INFO: [ app_init ] --START--
INFO: Run Behavior\BuildLiteBehavior [ RunTime:0.000011s ]
INFO: [ app_init ] --END-- [ RunTime:0.000311s ]
INFO: [ app_begin ] --START--
INFO: Run Behavior\ReadHtmlCacheBehavior [ RunTime:0.000590s ]
INFO: [ app_begin ] --END-- [ RunTime:0.000627s ]
INFO: [ view_parse ] --START--
NOTIC: [2] file_get_contents(./Application/Admin/View/Public/pagerForm.html): failed to open stream: No such file or directory D:\xampp\htdocs\ju\ThinkPHP\Library\Think\Template.class.php 第 696 行.
INFO: [ template_filter ] --START--
INFO: Run Behavior\ContentReplaceBehavior [ RunTime:0.000041s ]
INFO: [ template_filter ] --END-- [ RunTime:0.000076s ]
NOTIC: [8] Undefined variable: list D:\xampp\htdocs\ju\Application\Runtime\Cache\Admin\3b413a7ffc5043a6cb35ecf769ae0bb3.php 第 52 行.
NOTIC: [8] Undefined variable: totalCount D:\xampp\htdocs\ju\Application\Runtime\Cache\Admin\3b413a7ffc5043a6cb35ecf769ae0bb3.php 第 67 行.
NOTIC: [8] Undefined variable: totalCount D:\xampp\htdocs\ju\Application\Runtime\Cache\Admin\3b413a7ffc5043a6cb35ecf769ae0bb3.php 第 69 行.
NOTIC: [8] Undefined variable: numPerPage D:\xampp\htdocs\ju\Application\Runtime\Cache\Admin\3b413a7ffc5043a6cb35ecf769ae0bb3.php 第 69 行.
NOTIC: [8] Undefined variable: currentPage D:\xampp\htdocs\ju\Application\Runtime\Cache\Admin\3b413a7ffc5043a6cb35ecf769ae0bb3.php 第 70 行.
INFO: Run Behavior\ParseTemplateBehavior [ RunTime:0.006123s ]
INFO: [ view_parse ] --END-- [ RunTime:0.006156s ]
INFO: [ view_filter ] --START--
INFO: Run Behavior\WriteHtmlCacheBehavior [ RunTime:0.000451s ]
INFO: [ view_filter ] --END-- [ RunTime:0.000475s ]
INFO: [ app_end ] --START--
INFO: Run Behavior\ShowPageTraceBehavior [ RunTime:0.000578s ]
INFO: [ app_end ] --END-- [ RunTime:0.000607s ]

[ 2017-09-10T12:31:47+08:00 ] 127.0.0.1 /index.php/Admin/Node/add?_=1505017481301
INFO: [ app_init ] --START--
INFO: Run Behavior\BuildLiteBehavior [ RunTime:0.000010s ]
INFO: [ app_init ] --END-- [ RunTime:0.000303s ]
INFO: [ app_begin ] --START--
INFO: Run Behavior\ReadHtmlCacheBehavior [ RunTime:0.000466s ]
INFO: [ app_begin ] --END-- [ RunTime:0.000502s ]
ERR: Think\Controller:getActionName方法不存在！

[ 2017-09-10T12:35:09+08:00 ] 127.0.0.1 /index.php/Admin/Node/index.html?_=1505017481302
INFO: [ app_init ] --START--
INFO: Run Behavior\BuildLiteBehavior [ RunTime:0.000012s ]
INFO: [ app_init ] --END-- [ RunTime:0.000341s ]
INFO: [ app_begin ] --START--
INFO: Run Behavior\ReadHtmlCacheBehavior [ RunTime:0.000469s ]
INFO: [ app_begin ] --END-- [ RunTime:0.000512s ]
INFO: [ view_parse ] --START--
NOTIC: [2] file_get_contents(./Application/Admin/View/Public/pagerForm.html): failed to open stream: No such file or directory D:\xampp\htdocs\ju\ThinkPHP\Library\Think\Template.class.php 第 696 行.
INFO: [ template_filter ] --START--
INFO: Run Behavior\ContentReplaceBehavior [ RunTime:0.000046s ]
INFO: [ template_filter ] --END-- [ RunTime:0.000105s ]
NOTIC: [8] Undefined variable: list D:\xampp\htdocs\ju\Application\Runtime\Cache\Admin\3b413a7ffc5043a6cb35ecf769ae0bb3.php 第 52 行.
NOTIC: [8] Undefined variable: totalCount D:\xampp\htdocs\ju\Application\Runtime\Cache\Admin\3b413a7ffc5043a6cb35ecf769ae0bb3.php 第 67 行.
NOTIC: [8] Undefined variable: totalCount D:\xampp\htdocs\ju\Application\Runtime\Cache\Admin\3b413a7ffc5043a6cb35ecf769ae0bb3.php 第 69 行.
NOTIC: [8] Undefined variable: numPerPage D:\xampp\htdocs\ju\Application\Runtime\Cache\Admin\3b413a7ffc5043a6cb35ecf769ae0bb3.php 第 69 行.
NOTIC: [8] Undefined variable: currentPage D:\xampp\htdocs\ju\Application\Runtime\Cache\Admin\3b413a7ffc5043a6cb35ecf769ae0bb3.php 第 70 行.
INFO: Run Behavior\ParseTemplateBehavior [ RunTime:0.006219s ]
INFO: [ view_parse ] --END-- [ RunTime:0.006252s ]
INFO: [ view_filter ] --START--
INFO: Run Behavior\WriteHtmlCacheBehavior [ RunTime:0.000278s ]
INFO: [ view_filter ] --END-- [ RunTime:0.000301s ]
INFO: [ app_end ] --START--
INFO: Run Behavior\ShowPageTraceBehavior [ RunTime:0.000463s ]
INFO: [ app_end ] --END-- [ RunTime:0.000491s ]

[ 2017-09-10T12:35:11+08:00 ] 127.0.0.1 /index.php/Admin/Node/add?_=1505017481303
INFO: [ app_init ] --START--
INFO: Run Behavior\BuildLiteBehavior [ RunTime:0.000011s ]
INFO: [ app_init ] --END-- [ RunTime:0.000264s ]
INFO: [ app_begin ] --START--
INFO: Run Behavior\ReadHtmlCacheBehavior [ RunTime:0.000347s ]
INFO: [ app_begin ] --END-- [ RunTime:0.000388s ]
ERR: Think\Controller:getActionName方法不存在！

[ 2017-09-10T12:35:20+08:00 ] 127.0.0.1 /index.php/Admin/Node/add?_=1505017481304
INFO: [ app_init ] --START--
INFO: Run Behavior\BuildLiteBehavior [ RunTime:0.000010s ]
INFO: [ app_init ] --END-- [ RunTime:0.000264s ]
INFO: [ app_begin ] --START--
INFO: Run Behavior\ReadHtmlCacheBehavior [ RunTime:0.000321s ]
INFO: [ app_begin ] --END-- [ RunTime:0.000356s ]
ERR: Think\Controller:getActionName方法不存在！

[ 2017-09-10T12:37:04+08:00 ] 127.0.0.1 /index.php/Admin/Node/index.html?_=1505017481305
INFO: [ app_init ] --START--
INFO: Run Behavior\BuildLiteBehavior [ RunTime:0.000010s ]
INFO: [ app_init ] --END-- [ RunTime:0.000276s ]
INFO: [ app_begin ] --START--
INFO: Run Behavior\ReadHtmlCacheBehavior [ RunTime:0.000315s ]
INFO: [ app_begin ] --END-- [ RunTime:0.000349s ]
INFO: [ view_parse ] --START--
NOTIC: [2] file_get_contents(./Application/Admin/View/Public/pagerForm.html): failed to open stream: No such file or directory D:\xampp\htdocs\ju\ThinkPHP\Library\Think\Template.class.php 第 696 行.
INFO: [ template_filter ] --START--
INFO: Run Behavior\ContentReplaceBehavior [ RunTime:0.000041s ]
INFO: [ template_filter ] --END-- [ RunTime:0.000080s ]
NOTIC: [8] Undefined variable: list D:\xampp\htdocs\ju\Application\Runtime\Cache\Admin\3b413a7ffc5043a6cb35ecf769ae0bb3.php 第 52 行.
NOTIC: [8] Undefined variable: totalCount D:\xampp\htdocs\ju\Application\Runtime\Cache\Admin\3b413a7ffc5043a6cb35ecf769ae0bb3.php 第 67 行.
NOTIC: [8] Undefined variable: totalCount D:\xampp\htdocs\ju\Application\Runtime\Cache\Admin\3b413a7ffc5043a6cb35ecf769ae0bb3.php 第 69 行.
NOTIC: [8] Undefined variable: numPerPage D:\xampp\htdocs\ju\Application\Runtime\Cache\Admin\3b413a7ffc5043a6cb35ecf769ae0bb3.php 第 69 行.
NOTIC: [8] Undefined variable: currentPage D:\xampp\htdocs\ju\Application\Runtime\Cache\Admin\3b413a7ffc5043a6cb35ecf769ae0bb3.php 第 70 行.
INFO: Run Behavior\ParseTemplateBehavior [ RunTime:0.008648s ]
INFO: [ view_parse ] --END-- [ RunTime:0.008700s ]
INFO: [ view_filter ] --START--
INFO: Run Behavior\WriteHtmlCacheBehavior [ RunTime:0.000235s ]
INFO: [ view_filter ] --END-- [ RunTime:0.000260s ]
INFO: [ app_end ] --START--
INFO: Run Behavior\ShowPageTraceBehavior [ RunTime:0.000417s ]
INFO: [ app_end ] --END-- [ RunTime:0.000443s ]

[ 2017-09-10T12:37:05+08:00 ] 127.0.0.1 /index.php/Admin/Node/add?_=1505017481306
INFO: [ app_init ] --START--
INFO: Run Behavior\BuildLiteBehavior [ RunTime:0.000011s ]
INFO: [ app_init ] --END-- [ RunTime:0.000256s ]
INFO: [ app_begin ] --START--
INFO: Run Behavior\ReadHtmlCacheBehavior [ RunTime:0.000314s ]
INFO: [ app_begin ] --END-- [ RunTime:0.000350s ]
ERR: Think\Controller:getActionName方法不存在！

[ 2017-09-10T12:40:06+08:00 ] 127.0.0.1 /index.php/Admin/Node/index.html?_=1505017481307
INFO: [ app_init ] --START--
INFO: Run Behavior\BuildLiteBehavior [ RunTime:0.000010s ]
INFO: [ app_init ] --END-- [ RunTime:0.000309s ]
INFO: [ app_begin ] --START--
INFO: Run Behavior\ReadHtmlCacheBehavior [ RunTime:0.000532s ]
INFO: [ app_begin ] --END-- [ RunTime:0.000623s ]
INFO: [ view_parse ] --START--
NOTIC: [2] file_get_contents(./Application/Admin/View/Public/pagerForm.html): failed to open stream: No such file or directory D:\xampp\htdocs\ju\ThinkPHP\Library\Think\Template.class.php 第 696 行.
INFO: [ template_filter ] --START--
INFO: Run Behavior\ContentReplaceBehavior [ RunTime:0.000041s ]
INFO: [ template_filter ] --END-- [ RunTime:0.000096s ]
NOTIC: [8] Undefined variable: list D:\xampp\htdocs\ju\Application\Runtime\Cache\Admin\3b413a7ffc5043a6cb35ecf769ae0bb3.php 第 52 行.
NOTIC: [8] Undefined variable: totalCount D:\xampp\htdocs\ju\Application\Runtime\Cache\Admin\3b413a7ffc5043a6cb35ecf769ae0bb3.php 第 67 行.
NOTIC: [8] Undefined variable: totalCount D:\xampp\htdocs\ju\Application\Runtime\Cache\Admin\3b413a7ffc5043a6cb35ecf769ae0bb3.php 第 69 行.
NOTIC: [8] Undefined variable: numPerPage D:\xampp\htdocs\ju\Application\Runtime\Cache\Admin\3b413a7ffc5043a6cb35ecf769ae0bb3.php 第 69 行.
NOTIC: [8] Undefined variable: currentPage D:\xampp\htdocs\ju\Application\Runtime\Cache\Admin\3b413a7ffc5043a6cb35ecf769ae0bb3.php 第 70 行.
INFO: Run Behavior\ParseTemplateBehavior [ RunTime:0.005625s ]
INFO: [ view_parse ] --END-- [ RunTime:0.005657s ]
INFO: [ view_filter ] --START--
INFO: Run Behavior\WriteHtmlCacheBehavior [ RunTime:0.000256s ]
INFO: [ view_filter ] --END-- [ RunTime:0.000280s ]
INFO: [ app_end ] --START--
INFO: Run Behavior\ShowPageTraceBehavior [ RunTime:0.000447s ]
INFO: [ app_end ] --END-- [ RunTime:0.000476s ]

[ 2017-09-10T12:40:07+08:00 ] 127.0.0.1 /index.php/Admin/Node/add?_=1505017481308
INFO: [ app_init ] --START--
INFO: Run Behavior\BuildLiteBehavior [ RunTime:0.000011s ]
INFO: [ app_init ] --END-- [ RunTime:0.000267s ]
INFO: [ app_begin ] --START--
INFO: Run Behavior\ReadHtmlCacheBehavior [ RunTime:0.000337s ]
INFO: [ app_begin ] --END-- [ RunTime:0.000378s ]
ERR: 1146:Table 'ju.ju_node' doesn't exist
 [ SQL语句 ] : SHOW COLUMNS FROM `ju_node`
ERR: 1146:Table 'ju.ju_node' doesn't exist
 [ SQL语句 ] : SHOW COLUMNS FROM `ju_node`

[ 2017-09-10T12:42:56+08:00 ] 127.0.0.1 /index.php/Admin/Node/index.html?_=1505017481309
INFO: [ app_init ] --START--
INFO: Run Behavior\BuildLiteBehavior [ RunTime:0.000010s ]
INFO: [ app_init ] --END-- [ RunTime:0.000340s ]
INFO: [ app_begin ] --START--
INFO: Run Behavior\ReadHtmlCacheBehavior [ RunTime:0.000680s ]
INFO: [ app_begin ] --END-- [ RunTime:0.000733s ]
INFO: [ view_parse ] --START--
NOTIC: [2] file_get_contents(./Application/Admin/View/Public/pagerForm.html): failed to open stream: No such file or directory D:\xampp\htdocs\ju\ThinkPHP\Library\Think\Template.class.php 第 696 行.
INFO: [ template_filter ] --START--
INFO: Run Behavior\ContentReplaceBehavior [ RunTime:0.000041s ]
INFO: [ template_filter ] --END-- [ RunTime:0.000080s ]
NOTIC: [8] Undefined variable: list D:\xampp\htdocs\ju\Application\Runtime\Cache\Admin\3b413a7ffc5043a6cb35ecf769ae0bb3.php 第 52 行.
NOTIC: [8] Undefined variable: totalCount D:\xampp\htdocs\ju\Application\Runtime\Cache\Admin\3b413a7ffc5043a6cb35ecf769ae0bb3.php 第 67 行.
NOTIC: [8] Undefined variable: totalCount D:\xampp\htdocs\ju\Application\Runtime\Cache\Admin\3b413a7ffc5043a6cb35ecf769ae0bb3.php 第 69 行.
NOTIC: [8] Undefined variable: numPerPage D:\xampp\htdocs\ju\Application\Runtime\Cache\Admin\3b413a7ffc5043a6cb35ecf769ae0bb3.php 第 69 行.
NOTIC: [8] Undefined variable: currentPage D:\xampp\htdocs\ju\Application\Runtime\Cache\Admin\3b413a7ffc5043a6cb35ecf769ae0bb3.php 第 70 行.
INFO: Run Behavior\ParseTemplateBehavior [ RunTime:0.006124s ]
INFO: [ view_parse ] --END-- [ RunTime:0.006157s ]
INFO: [ view_filter ] --START--
INFO: Run Behavior\WriteHtmlCacheBehavior [ RunTime:0.000470s ]
INFO: [ view_filter ] --END-- [ RunTime:0.000494s ]
INFO: [ app_end ] --START--
INFO: Run Behavior\ShowPageTraceBehavior [ RunTime:0.000585s ]
INFO: [ app_end ] --END-- [ RunTime:0.000613s ]

[ 2017-09-10T12:42:57+08:00 ] 127.0.0.1 /index.php/Admin/Node/add?_=1505017481310
INFO: [ app_init ] --START--
INFO: Run Behavior\BuildLiteBehavior [ RunTime:0.000010s ]
INFO: [ app_init ] --END-- [ RunTime:0.000360s ]
INFO: [ app_begin ] --START--
INFO: Run Behavior\ReadHtmlCacheBehavior [ RunTime:0.000790s ]
INFO: [ app_begin ] --END-- [ RunTime:0.000837s ]
SQL: SHOW COLUMNS FROM `ju_node` [ RunTime:0.0027s ]
NOTIC: [8] Undefined index: id D:\xampp\htdocs\ju\Application\Admin\Controller\CommonController.class.php 第 189 行.
SQL: SELECT * FROM `ju_node` WHERE `id` = null LIMIT 1   [ RunTime:0.0002s ]
INFO: [ view_parse ] --START--
INFO: [ template_filter ] --START--
INFO: Run Behavior\ContentReplaceBehavior [ RunTime:0.000029s ]
INFO: [ template_filter ] --END-- [ RunTime:0.000057s ]
NOTIC: [8] Undefined index:  D:\xampp\htdocs\ju\Application\Runtime\Cache\Admin\af16c5807684ad699547382dca62a8b7.php 第 5 行.
INFO: Run Behavior\ParseTemplateBehavior [ RunTime:0.004850s ]
INFO: [ view_parse ] --END-- [ RunTime:0.004880s ]
INFO: [ view_filter ] --START--
INFO: Run Behavior\WriteHtmlCacheBehavior [ RunTime:0.000431s ]
INFO: [ view_filter ] --END-- [ RunTime:0.000456s ]
INFO: [ app_end ] --START--
INFO: Run Behavior\ShowPageTraceBehavior [ RunTime:0.000563s ]
INFO: [ app_end ] --END-- [ RunTime:0.000591s ]

