[ 2017-09-21T00:24:09+08:00 ] 127.0.0.1 /admin/index/index
INFO: [ app_init ] --START--
INFO: Run Behavior\BuildLiteBehavior [ RunTime:0.000018s ]
INFO: [ app_init ] --END-- [ RunTime:0.000536s ]
INFO: [ app_begin ] --START--
INFO: Run Behavior\ReadHtmlCacheBehavior [ RunTime:0.000712s ]
INFO: [ app_begin ] --END-- [ RunTime:0.000775s ]
INFO: [ view_parse ] --START--
INFO: [ template_filter ] --START--
INFO: Run Behavior\ContentReplaceBehavior [ RunTime:0.000211s ]
INFO: [ template_filter ] --END-- [ RunTime:0.000270s ]
NOTIC: [8] Undefined variable: topmenu D:\xampp\htdocs\ju\Application\Runtime\Cache\Admin\b595b808c2ebeeeb0478ffc30bb4e87a.php 第 141 行.
NOTIC: [8] Undefined variable: k D:\xampp\htdocs\ju\Application\Runtime\Cache\Admin\b595b808c2ebeeeb0478ffc30bb4e87a.php 第 142 行.
NOTIC: [8] Undefined variable: vo D:\xampp\htdocs\ju\Application\Runtime\Cache\Admin\b595b808c2ebeeeb0478ffc30bb4e87a.php 第 142 行.
NOTIC: [8] Undefined variable: vo D:\xampp\htdocs\ju\Application\Runtime\Cache\Admin\b595b808c2ebeeeb0478ffc30bb4e87a.php 第 142 行.
NOTIC: [8] Undefined variable: k D:\xampp\htdocs\ju\Application\Runtime\Cache\Admin\b595b808c2ebeeeb0478ffc30bb4e87a.php 第 142 行.
NOTIC: [8] Undefined variable: vo D:\xampp\htdocs\ju\Application\Runtime\Cache\Admin\b595b808c2ebeeeb0478ffc30bb4e87a.php 第 142 行.
NOTIC: [8] Undefined variable: k D:\xampp\htdocs\ju\Application\Runtime\Cache\Admin\b595b808c2ebeeeb0478ffc30bb4e87a.php 第 143 行.
NOTIC: [8] Undefined variable: vo D:\xampp\htdocs\ju\Application\Runtime\Cache\Admin\b595b808c2ebeeeb0478ffc30bb4e87a.php 第 143 行.
NOTIC: [8] Undefined variable: vo D:\xampp\htdocs\ju\Application\Runtime\Cache\Admin\b595b808c2ebeeeb0478ffc30bb4e87a.php 第 143 行.
NOTIC: [8] Undefined variable: k D:\xampp\htdocs\ju\Application\Runtime\Cache\Admin\b595b808c2ebeeeb0478ffc30bb4e87a.php 第 143 行.
NOTIC: [8] Undefined variable: vo D:\xampp\htdocs\ju\Application\Runtime\Cache\Admin\b595b808c2ebeeeb0478ffc30bb4e87a.php 第 143 行.
NOTIC: [8] Undefined variable: k D:\xampp\htdocs\ju\Application\Runtime\Cache\Admin\b595b808c2ebeeeb0478ffc30bb4e87a.php 第 144 行.
NOTIC: [8] Undefined variable: vo D:\xampp\htdocs\ju\Application\Runtime\Cache\Admin\b595b808c2ebeeeb0478ffc30bb4e87a.php 第 144 行.
NOTIC: [8] Undefined variable: vo D:\xampp\htdocs\ju\Application\Runtime\Cache\Admin\b595b808c2ebeeeb0478ffc30bb4e87a.php 第 144 行.
NOTIC: [8] Undefined variable: k D:\xampp\htdocs\ju\Application\Runtime\Cache\Admin\b595b808c2ebeeeb0478ffc30bb4e87a.php 第 144 行.
NOTIC: [8] Undefined variable: vo D:\xampp\htdocs\ju\Application\Runtime\Cache\Admin\b595b808c2ebeeeb0478ffc30bb4e87a.php 第 144 行.
NOTIC: [8] Undefined variable: k D:\xampp\htdocs\ju\Application\Runtime\Cache\Admin\b595b808c2ebeeeb0478ffc30bb4e87a.php 第 145 行.
NOTIC: [8] Undefined variable: vo D:\xampp\htdocs\ju\Application\Runtime\Cache\Admin\b595b808c2ebeeeb0478ffc30bb4e87a.php 第 145 行.
NOTIC: [8] Undefined variable: vo D:\xampp\htdocs\ju\Application\Runtime\Cache\Admin\b595b808c2ebeeeb0478ffc30bb4e87a.php 第 145 行.
NOTIC: [8] Undefined variable: k D:\xampp\htdocs\ju\Application\Runtime\Cache\Admin\b595b808c2ebeeeb0478ffc30bb4e87a.php 第 145 行.
NOTIC: [8] Undefined variable: vo D:\xampp\htdocs\ju\Application\Runtime\Cache\Admin\b595b808c2ebeeeb0478ffc30bb4e87a.php 第 145 行.
NOTIC: [8] Undefined variable: k D:\xampp\htdocs\ju\Application\Runtime\Cache\Admin\b595b808c2ebeeeb0478ffc30bb4e87a.php 第 146 行.
NOTIC: [8] Undefined variable: vo D:\xampp\htdocs\ju\Application\Runtime\Cache\Admin\b595b808c2ebeeeb0478ffc30bb4e87a.php 第 146 行.
NOTIC: [8] Undefined variable: vo D:\xampp\htdocs\ju\Application\Runtime\Cache\Admin\b595b808c2ebeeeb0478ffc30bb4e87a.php 第 146 行.
NOTIC: [8] Undefined variable: k D:\xampp\htdocs\ju\Application\Runtime\Cache\Admin\b595b808c2ebeeeb0478ffc30bb4e87a.php 第 146 行.
NOTIC: [8] Undefined variable: vo D:\xampp\htdocs\ju\Application\Runtime\Cache\Admin\b595b808c2ebeeeb0478ffc30bb4e87a.php 第 146 行.
NOTIC: [8] Undefined variable: k D:\xampp\htdocs\ju\Application\Runtime\Cache\Admin\b595b808c2ebeeeb0478ffc30bb4e87a.php 第 147 行.
NOTIC: [8] Undefined variable: vo D:\xampp\htdocs\ju\Application\Runtime\Cache\Admin\b595b808c2ebeeeb0478ffc30bb4e87a.php 第 147 行.
NOTIC: [8] Undefined variable: vo D:\xampp\htdocs\ju\Application\Runtime\Cache\Admin\b595b808c2ebeeeb0478ffc30bb4e87a.php 第 147 行.
NOTIC: [8] Undefined variable: k D:\xampp\htdocs\ju\Application\Runtime\Cache\Admin\b595b808c2ebeeeb0478ffc30bb4e87a.php 第 147 行.
NOTIC: [8] Undefined variable: vo D:\xampp\htdocs\ju\Application\Runtime\Cache\Admin\b595b808c2ebeeeb0478ffc30bb4e87a.php 第 147 行.
INFO: Run Behavior\ParseTemplateBehavior [ RunTime:0.027827s ]
INFO: [ view_parse ] --END-- [ RunTime:0.027883s ]
INFO: [ view_filter ] --START--
INFO: Run Behavior\WriteHtmlCacheBehavior [ RunTime:0.000458s ]
INFO: [ view_filter ] --END-- [ RunTime:0.000499s ]
INFO: [ app_end ] --START--
INFO: Run Behavior\ShowPageTraceBehavior [ RunTime:0.000693s ]
INFO: [ app_end ] --END-- [ RunTime:0.000746s ]

[ 2017-09-21T00:24:11+08:00 ] 127.0.0.1 /index.php/Admin/Node/index.html?_=1505924649707
INFO: [ app_init ] --START--
INFO: Run Behavior\BuildLiteBehavior [ RunTime:0.000011s ]
INFO: [ app_init ] --END-- [ RunTime:0.000274s ]
INFO: [ app_begin ] --START--
INFO: Run Behavior\ReadHtmlCacheBehavior [ RunTime:0.000371s ]
INFO: [ app_begin ] --END-- [ RunTime:0.000403s ]
SQL: SHOW COLUMNS FROM `ju_node` [ RunTime:0.0530s ]
SQL: SELECT COUNT(id) AS tp_count FROM `ju_node` WHERE `status` <> -1 LIMIT 1   [ RunTime:0.0007s ]
SQL: SELECT * FROM `ju_node` WHERE `status` <> -1 ORDER BY `id` desc  [ RunTime:0.0005s ]
NOTIC: [2] Division by zero D:\xampp\htdocs\ju\ThinkPHP\Library\Think\Page.class.php 第 84 行.
INFO: [ view_parse ] --START--
NOTIC: [2] file_get_contents(./Application/Admin/View/Public/pagerForm.html): failed to open stream: No such file or directory D:\xampp\htdocs\ju\ThinkPHP\Library\Think\Template.class.php 第 696 行.
INFO: [ template_filter ] --START--
INFO: Run Behavior\ContentReplaceBehavior [ RunTime:0.000080s ]
INFO: [ template_filter ] --END-- [ RunTime:0.000148s ]
NOTIC: [8] Use of undefined constant __URL__ - assumed '__URL__' D:\xampp\htdocs\ju\Application\Admin\Common\function.php 第 35 行.
NOTIC: [8] Use of undefined constant __URL__ - assumed '__URL__' D:\xampp\htdocs\ju\Application\Admin\Common\function.php 第 35 行.
NOTIC: [8] Use of undefined constant __URL__ - assumed '__URL__' D:\xampp\htdocs\ju\Application\Admin\Common\function.php 第 35 行.
NOTIC: [8] Use of undefined constant __URL__ - assumed '__URL__' D:\xampp\htdocs\ju\Application\Admin\Common\function.php 第 35 行.
NOTIC: [8] Use of undefined constant __URL__ - assumed '__URL__' D:\xampp\htdocs\ju\Application\Admin\Common\function.php 第 35 行.
NOTIC: [8] Use of undefined constant __URL__ - assumed '__URL__' D:\xampp\htdocs\ju\Application\Admin\Common\function.php 第 35 行.
NOTIC: [8] Use of undefined constant __URL__ - assumed '__URL__' D:\xampp\htdocs\ju\Application\Admin\Common\function.php 第 35 行.
NOTIC: [8] Use of undefined constant __URL__ - assumed '__URL__' D:\xampp\htdocs\ju\Application\Admin\Common\function.php 第 35 行.
NOTIC: [8] Use of undefined constant __URL__ - assumed '__URL__' D:\xampp\htdocs\ju\Application\Admin\Common\function.php 第 35 行.
INFO: Run Behavior\ParseTemplateBehavior [ RunTime:0.011297s ]
INFO: [ view_parse ] --END-- [ RunTime:0.011379s ]
INFO: [ view_filter ] --START--
INFO: Run Behavior\WriteHtmlCacheBehavior [ RunTime:0.000370s ]
INFO: [ view_filter ] --END-- [ RunTime:0.000420s ]
INFO: [ app_end ] --START--
INFO: Run Behavior\ShowPageTraceBehavior [ RunTime:0.000693s ]
INFO: [ app_end ] --END-- [ RunTime:0.000757s ]

[ 2017-09-21T00:24:14+08:00 ] 127.0.0.1 /index.php/Admin/Node/resume/id/4/navTabId/Node.html
INFO: [ app_init ] --START--
INFO: Run Behavior\BuildLiteBehavior [ RunTime:0.000022s ]
INFO: [ app_init ] --END-- [ RunTime:0.000359s ]
INFO: [ app_begin ] --START--
INFO: Run Behavior\ReadHtmlCacheBehavior [ RunTime:0.000322s ]
INFO: [ app_begin ] --END-- [ RunTime:0.000358s ]
SQL: SHOW COLUMNS FROM `ju_node` [ RunTime:0.0029s ]
SQL: UPDATE `ju_node` SET `status`='1' WHERE `id` IN ('4') [ RunTime:0.0650s ]
NOTIC: [2] Missing argument 1 for Admin\Controller\CommonController::getReturnUrl(), called in D:\xampp\htdocs\ju\Application\Admin\Controller\CommonController.class.php on line 334 and defined D:\xampp\htdocs\ju\Application\Admin\Controller\CommonController.class.php 第 61 行.
NOTIC: [2] Missing argument 2 for Admin\Controller\CommonController::getReturnUrl(), called in D:\xampp\htdocs\ju\Application\Admin\Controller\CommonController.class.php on line 334 and defined D:\xampp\htdocs\ju\Application\Admin\Controller\CommonController.class.php 第 61 行.
NOTIC: [8] Use of undefined constant __URL__ - assumed '__URL__' D:\xampp\htdocs\ju\Application\Admin\Controller\CommonController.class.php 第 62 行.

[ 2017-09-21T00:36:59+08:00 ] 127.0.0.1 /index.php/Admin/Node/index.html?_=1505924649708
INFO: [ app_init ] --START--
INFO: Run Behavior\BuildLiteBehavior [ RunTime:0.000010s ]
INFO: [ app_init ] --END-- [ RunTime:0.000310s ]
INFO: [ app_begin ] --START--
INFO: Run Behavior\ReadHtmlCacheBehavior [ RunTime:0.000512s ]
INFO: [ app_begin ] --END-- [ RunTime:0.000546s ]
SQL: SHOW COLUMNS FROM `ju_node` [ RunTime:0.0033s ]
SQL: SELECT COUNT(id) AS tp_count FROM `ju_node` WHERE `status` <> -1 LIMIT 1   [ RunTime:0.0003s ]
SQL: SELECT * FROM `ju_node` WHERE `status` <> -1 ORDER BY `id` desc  [ RunTime:0.0003s ]
NOTIC: [2] Division by zero D:\xampp\htdocs\ju\ThinkPHP\Library\Think\Page.class.php 第 84 行.
INFO: [ view_parse ] --START--
NOTIC: [2] file_get_contents(./Application/Admin/View/Public/pagerForm.html): failed to open stream: No such file or directory D:\xampp\htdocs\ju\ThinkPHP\Library\Think\Template.class.php 第 696 行.
INFO: [ template_filter ] --START--
INFO: Run Behavior\ContentReplaceBehavior [ RunTime:0.000039s ]
INFO: [ template_filter ] --END-- [ RunTime:0.000068s ]
NOTIC: [8] Use of undefined constant __URL__ - assumed '__URL__' D:\xampp\htdocs\ju\Application\Admin\Common\function.php 第 35 行.
NOTIC: [8] Use of undefined constant __URL__ - assumed '__URL__' D:\xampp\htdocs\ju\Application\Admin\Common\function.php 第 35 行.
NOTIC: [8] Use of undefined constant __URL__ - assumed '__URL__' D:\xampp\htdocs\ju\Application\Admin\Common\function.php 第 35 行.
NOTIC: [8] Use of undefined constant __URL__ - assumed '__URL__' D:\xampp\htdocs\ju\Application\Admin\Common\function.php 第 35 行.
NOTIC: [8] Use of undefined constant __URL__ - assumed '__URL__' D:\xampp\htdocs\ju\Application\Admin\Common\function.php 第 35 行.
NOTIC: [8] Use of undefined constant __URL__ - assumed '__URL__' D:\xampp\htdocs\ju\Application\Admin\Common\function.php 第 35 行.
NOTIC: [8] Use of undefined constant __URL__ - assumed '__URL__' D:\xampp\htdocs\ju\Application\Admin\Common\function.php 第 35 行.
NOTIC: [8] Use of undefined constant __URL__ - assumed '__URL__' D:\xampp\htdocs\ju\Application\Admin\Common\function.php 第 35 行.
NOTIC: [8] Use of undefined constant __URL__ - assumed '__URL__' D:\xampp\htdocs\ju\Application\Admin\Common\function.php 第 35 行.
INFO: Run Behavior\ParseTemplateBehavior [ RunTime:0.006710s ]
INFO: [ view_parse ] --END-- [ RunTime:0.006740s ]
INFO: [ view_filter ] --START--
INFO: Run Behavior\WriteHtmlCacheBehavior [ RunTime:0.000382s ]
INFO: [ view_filter ] --END-- [ RunTime:0.000407s ]
INFO: [ app_end ] --START--
INFO: Run Behavior\ShowPageTraceBehavior [ RunTime:0.000529s ]
INFO: [ app_end ] --END-- [ RunTime:0.000560s ]

[ 2017-09-21T00:37:02+08:00 ] 127.0.0.1 /index.php/Admin/Node/forbid/id/9.html
INFO: [ app_init ] --START--
INFO: Run Behavior\BuildLiteBehavior [ RunTime:0.000011s ]
INFO: [ app_init ] --END-- [ RunTime:0.000318s ]
INFO: [ app_begin ] --START--
INFO: Run Behavior\ReadHtmlCacheBehavior [ RunTime:0.000476s ]
INFO: [ app_begin ] --END-- [ RunTime:0.000512s ]
SQL: SHOW COLUMNS FROM `ju_node` [ RunTime:0.0032s ]
SQL: UPDATE `ju_node` SET `status`='0' WHERE `id` IN ('9') [ RunTime:0.0479s ]
NOTIC: [2] Missing argument 1 for Admin\Controller\CommonController::getReturnUrl(), called in D:\xampp\htdocs\ju\Application\Admin\Controller\CommonController.class.php on line 294 and defined D:\xampp\htdocs\ju\Application\Admin\Controller\CommonController.class.php 第 61 行.
NOTIC: [2] Missing argument 2 for Admin\Controller\CommonController::getReturnUrl(), called in D:\xampp\htdocs\ju\Application\Admin\Controller\CommonController.class.php on line 294 and defined D:\xampp\htdocs\ju\Application\Admin\Controller\CommonController.class.php 第 61 行.
NOTIC: [8] Use of undefined constant __URL__ - assumed '__URL__' D:\xampp\htdocs\ju\Application\Admin\Controller\CommonController.class.php 第 62 行.

[ 2017-09-21T00:41:31+08:00 ] 127.0.0.1 /index.php/Admin/Node/index.html?_=1505924649709
INFO: [ app_init ] --START--
INFO: Run Behavior\BuildLiteBehavior [ RunTime:0.000012s ]
INFO: [ app_init ] --END-- [ RunTime:0.000309s ]
INFO: [ app_begin ] --START--
INFO: Run Behavior\ReadHtmlCacheBehavior [ RunTime:0.000509s ]
INFO: [ app_begin ] --END-- [ RunTime:0.000545s ]
SQL: SHOW COLUMNS FROM `ju_node` [ RunTime:0.0038s ]
SQL: SELECT COUNT(id) AS tp_count FROM `ju_node` WHERE `status` <> -1 LIMIT 1   [ RunTime:0.0003s ]
SQL: SELECT * FROM `ju_node` WHERE `status` <> -1 ORDER BY `id` desc  [ RunTime:0.0003s ]
NOTIC: [2] Division by zero D:\xampp\htdocs\ju\ThinkPHP\Library\Think\Page.class.php 第 84 行.
INFO: [ view_parse ] --START--
NOTIC: [2] file_get_contents(./Application/Admin/View/Public/pagerForm.html): failed to open stream: No such file or directory D:\xampp\htdocs\ju\ThinkPHP\Library\Think\Template.class.php 第 696 行.
INFO: [ template_filter ] --START--
INFO: Run Behavior\ContentReplaceBehavior [ RunTime:0.000041s ]
INFO: [ template_filter ] --END-- [ RunTime:0.000073s ]
NOTIC: [8] Use of undefined constant __URL__ - assumed '__URL__' D:\xampp\htdocs\ju\Application\Admin\Common\function.php 第 35 行.
NOTIC: [8] Use of undefined constant __URL__ - assumed '__URL__' D:\xampp\htdocs\ju\Application\Admin\Common\function.php 第 35 行.
NOTIC: [8] Use of undefined constant __URL__ - assumed '__URL__' D:\xampp\htdocs\ju\Application\Admin\Common\function.php 第 35 行.
NOTIC: [8] Use of undefined constant __URL__ - assumed '__URL__' D:\xampp\htdocs\ju\Application\Admin\Common\function.php 第 35 行.
NOTIC: [8] Use of undefined constant __URL__ - assumed '__URL__' D:\xampp\htdocs\ju\Application\Admin\Common\function.php 第 35 行.
NOTIC: [8] Use of undefined constant __URL__ - assumed '__URL__' D:\xampp\htdocs\ju\Application\Admin\Common\function.php 第 35 行.
NOTIC: [8] Use of undefined constant __URL__ - assumed '__URL__' D:\xampp\htdocs\ju\Application\Admin\Common\function.php 第 35 行.
NOTIC: [8] Use of undefined constant __URL__ - assumed '__URL__' D:\xampp\htdocs\ju\Application\Admin\Common\function.php 第 35 行.
NOTIC: [8] Use of undefined constant __URL__ - assumed '__URL__' D:\xampp\htdocs\ju\Application\Admin\Common\function.php 第 35 行.
INFO: Run Behavior\ParseTemplateBehavior [ RunTime:0.006591s ]
INFO: [ view_parse ] --END-- [ RunTime:0.006621s ]
INFO: [ view_filter ] --START--
INFO: Run Behavior\WriteHtmlCacheBehavior [ RunTime:0.000343s ]
INFO: [ view_filter ] --END-- [ RunTime:0.000367s ]
INFO: [ app_end ] --START--
INFO: Run Behavior\ShowPageTraceBehavior [ RunTime:0.000497s ]
INFO: [ app_end ] --END-- [ RunTime:0.000527s ]

[ 2017-09-21T00:41:33+08:00 ] 127.0.0.1 /index.php/Admin/Node/resume/id/9/navTabId/Node.html
INFO: [ app_init ] --START--
INFO: Run Behavior\BuildLiteBehavior [ RunTime:0.000012s ]
INFO: [ app_init ] --END-- [ RunTime:0.000310s ]
INFO: [ app_begin ] --START--
INFO: Run Behavior\ReadHtmlCacheBehavior [ RunTime:0.000463s ]
INFO: [ app_begin ] --END-- [ RunTime:0.000497s ]
SQL: SHOW COLUMNS FROM `ju_node` [ RunTime:0.0034s ]
SQL: UPDATE `ju_node` SET `status`='1' WHERE `id` IN ('9') [ RunTime:0.0404s ]
NOTIC: [2] Missing argument 1 for Admin\Controller\CommonController::getReturnUrl(), called in D:\xampp\htdocs\ju\Application\Admin\Controller\CommonController.class.php on line 334 and defined D:\xampp\htdocs\ju\Application\Admin\Controller\CommonController.class.php 第 61 行.
NOTIC: [2] Missing argument 2 for Admin\Controller\CommonController::getReturnUrl(), called in D:\xampp\htdocs\ju\Application\Admin\Controller\CommonController.class.php on line 334 and defined D:\xampp\htdocs\ju\Application\Admin\Controller\CommonController.class.php 第 61 行.
NOTIC: [8] Use of undefined constant __URL__ - assumed '__URL__' D:\xampp\htdocs\ju\Application\Admin\Controller\CommonController.class.php 第 62 行.

