[ 2017-09-14T23:26:04+08:00 ] 127.0.0.1 /admin/index/index
INFO: [ app_init ] --START--
INFO: Run Behavior\BuildLiteBehavior [ RunTime:0.000013s ]
INFO: [ app_init ] --END-- [ RunTime:0.000330s ]
INFO: [ app_begin ] --START--
INFO: Run Behavior\ReadHtmlCacheBehavior [ RunTime:0.000657s ]
INFO: [ app_begin ] --END-- [ RunTime:0.000694s ]
INFO: [ view_parse ] --START--
INFO: [ template_filter ] --START--
INFO: Run Behavior\ContentReplaceBehavior [ RunTime:0.000267s ]
INFO: [ template_filter ] --END-- [ RunTime:0.000343s ]
NOTIC: [8] Undefined variable: topmenu D:\xampp\htdocs\ju\Application\Runtime\Cache\Admin\b595b808c2ebeeeb0478ffc30bb4e87a.php 第 125 行.
NOTIC: [8] Undefined variable: k D:\xampp\htdocs\ju\Application\Runtime\Cache\Admin\b595b808c2ebeeeb0478ffc30bb4e87a.php 第 126 行.
NOTIC: [8] Undefined variable: vo D:\xampp\htdocs\ju\Application\Runtime\Cache\Admin\b595b808c2ebeeeb0478ffc30bb4e87a.php 第 126 行.
NOTIC: [8] Undefined variable: vo D:\xampp\htdocs\ju\Application\Runtime\Cache\Admin\b595b808c2ebeeeb0478ffc30bb4e87a.php 第 126 行.
NOTIC: [8] Undefined variable: k D:\xampp\htdocs\ju\Application\Runtime\Cache\Admin\b595b808c2ebeeeb0478ffc30bb4e87a.php 第 126 行.
NOTIC: [8] Undefined variable: vo D:\xampp\htdocs\ju\Application\Runtime\Cache\Admin\b595b808c2ebeeeb0478ffc30bb4e87a.php 第 126 行.
NOTIC: [8] Undefined variable: k D:\xampp\htdocs\ju\Application\Runtime\Cache\Admin\b595b808c2ebeeeb0478ffc30bb4e87a.php 第 127 行.
NOTIC: [8] Undefined variable: vo D:\xampp\htdocs\ju\Application\Runtime\Cache\Admin\b595b808c2ebeeeb0478ffc30bb4e87a.php 第 127 行.
NOTIC: [8] Undefined variable: vo D:\xampp\htdocs\ju\Application\Runtime\Cache\Admin\b595b808c2ebeeeb0478ffc30bb4e87a.php 第 127 行.
NOTIC: [8] Undefined variable: k D:\xampp\htdocs\ju\Application\Runtime\Cache\Admin\b595b808c2ebeeeb0478ffc30bb4e87a.php 第 127 行.
NOTIC: [8] Undefined variable: vo D:\xampp\htdocs\ju\Application\Runtime\Cache\Admin\b595b808c2ebeeeb0478ffc30bb4e87a.php 第 127 行.
NOTIC: [8] Undefined variable: k D:\xampp\htdocs\ju\Application\Runtime\Cache\Admin\b595b808c2ebeeeb0478ffc30bb4e87a.php 第 128 行.
NOTIC: [8] Undefined variable: vo D:\xampp\htdocs\ju\Application\Runtime\Cache\Admin\b595b808c2ebeeeb0478ffc30bb4e87a.php 第 128 行.
NOTIC: [8] Undefined variable: vo D:\xampp\htdocs\ju\Application\Runtime\Cache\Admin\b595b808c2ebeeeb0478ffc30bb4e87a.php 第 128 行.
NOTIC: [8] Undefined variable: k D:\xampp\htdocs\ju\Application\Runtime\Cache\Admin\b595b808c2ebeeeb0478ffc30bb4e87a.php 第 128 行.
NOTIC: [8] Undefined variable: vo D:\xampp\htdocs\ju\Application\Runtime\Cache\Admin\b595b808c2ebeeeb0478ffc30bb4e87a.php 第 128 行.
NOTIC: [8] Undefined variable: k D:\xampp\htdocs\ju\Application\Runtime\Cache\Admin\b595b808c2ebeeeb0478ffc30bb4e87a.php 第 129 行.
NOTIC: [8] Undefined variable: vo D:\xampp\htdocs\ju\Application\Runtime\Cache\Admin\b595b808c2ebeeeb0478ffc30bb4e87a.php 第 129 行.
NOTIC: [8] Undefined variable: vo D:\xampp\htdocs\ju\Application\Runtime\Cache\Admin\b595b808c2ebeeeb0478ffc30bb4e87a.php 第 129 行.
NOTIC: [8] Undefined variable: k D:\xampp\htdocs\ju\Application\Runtime\Cache\Admin\b595b808c2ebeeeb0478ffc30bb4e87a.php 第 129 行.
NOTIC: [8] Undefined variable: vo D:\xampp\htdocs\ju\Application\Runtime\Cache\Admin\b595b808c2ebeeeb0478ffc30bb4e87a.php 第 129 行.
NOTIC: [8] Undefined variable: k D:\xampp\htdocs\ju\Application\Runtime\Cache\Admin\b595b808c2ebeeeb0478ffc30bb4e87a.php 第 130 行.
NOTIC: [8] Undefined variable: vo D:\xampp\htdocs\ju\Application\Runtime\Cache\Admin\b595b808c2ebeeeb0478ffc30bb4e87a.php 第 130 行.
NOTIC: [8] Undefined variable: vo D:\xampp\htdocs\ju\Application\Runtime\Cache\Admin\b595b808c2ebeeeb0478ffc30bb4e87a.php 第 130 行.
NOTIC: [8] Undefined variable: k D:\xampp\htdocs\ju\Application\Runtime\Cache\Admin\b595b808c2ebeeeb0478ffc30bb4e87a.php 第 130 行.
NOTIC: [8] Undefined variable: vo D:\xampp\htdocs\ju\Application\Runtime\Cache\Admin\b595b808c2ebeeeb0478ffc30bb4e87a.php 第 130 行.
NOTIC: [8] Undefined variable: k D:\xampp\htdocs\ju\Application\Runtime\Cache\Admin\b595b808c2ebeeeb0478ffc30bb4e87a.php 第 131 行.
NOTIC: [8] Undefined variable: vo D:\xampp\htdocs\ju\Application\Runtime\Cache\Admin\b595b808c2ebeeeb0478ffc30bb4e87a.php 第 131 行.
NOTIC: [8] Undefined variable: vo D:\xampp\htdocs\ju\Application\Runtime\Cache\Admin\b595b808c2ebeeeb0478ffc30bb4e87a.php 第 131 行.
NOTIC: [8] Undefined variable: k D:\xampp\htdocs\ju\Application\Runtime\Cache\Admin\b595b808c2ebeeeb0478ffc30bb4e87a.php 第 131 行.
NOTIC: [8] Undefined variable: vo D:\xampp\htdocs\ju\Application\Runtime\Cache\Admin\b595b808c2ebeeeb0478ffc30bb4e87a.php 第 131 行.
INFO: Run Behavior\ParseTemplateBehavior [ RunTime:0.045307s ]
INFO: [ view_parse ] --END-- [ RunTime:0.045362s ]
INFO: [ view_filter ] --START--
INFO: Run Behavior\WriteHtmlCacheBehavior [ RunTime:0.001093s ]
INFO: [ view_filter ] --END-- [ RunTime:0.001155s ]
INFO: [ app_end ] --START--
INFO: Run Behavior\ShowPageTraceBehavior [ RunTime:0.001469s ]
INFO: [ app_end ] --END-- [ RunTime:0.001543s ]

[ 2017-09-14T23:26:06+08:00 ] 127.0.0.1 /index.php/Admin/Node/index.html?_=1505402764596
INFO: [ app_init ] --START--
INFO: Run Behavior\BuildLiteBehavior [ RunTime:0.000010s ]
INFO: [ app_init ] --END-- [ RunTime:0.000342s ]
INFO: [ app_begin ] --START--
INFO: Run Behavior\ReadHtmlCacheBehavior [ RunTime:0.000620s ]
INFO: [ app_begin ] --END-- [ RunTime:0.000655s ]
SQL: SHOW COLUMNS FROM `ju_node` [ RunTime:0.0035s ]
SQL: SELECT COUNT(id) AS tp_count FROM `ju_node` WHERE `status` <> -1 LIMIT 1   [ RunTime:0.0003s ]
SQL: SELECT * FROM `ju_node` WHERE `status` <> -1 ORDER BY `id` desc  [ RunTime:0.0002s ]
NOTIC: [2] Division by zero D:\xampp\htdocs\ju\ThinkPHP\Library\Think\Page.class.php 第 84 行.
INFO: [ view_parse ] --START--
NOTIC: [2] file_get_contents(./Application/Admin/View/Public/pagerForm.html): failed to open stream: No such file or directory D:\xampp\htdocs\ju\ThinkPHP\Library\Think\Template.class.php 第 696 行.
INFO: [ template_filter ] --START--
INFO: Run Behavior\ContentReplaceBehavior [ RunTime:0.000039s ]
INFO: [ template_filter ] --END-- [ RunTime:0.000073s ]
NOTIC: [8] Use of undefined constant __URL__ - assumed '__URL__' D:\xampp\htdocs\ju\Application\Admin\Common\function.php 第 35 行.
NOTIC: [8] Use of undefined constant __URL__ - assumed '__URL__' D:\xampp\htdocs\ju\Application\Admin\Common\function.php 第 35 行.
NOTIC: [8] Use of undefined constant __URL__ - assumed '__URL__' D:\xampp\htdocs\ju\Application\Admin\Common\function.php 第 35 行.
INFO: Run Behavior\ParseTemplateBehavior [ RunTime:0.006350s ]
INFO: [ view_parse ] --END-- [ RunTime:0.006385s ]
INFO: [ view_filter ] --START--
INFO: Run Behavior\WriteHtmlCacheBehavior [ RunTime:0.000501s ]
INFO: [ view_filter ] --END-- [ RunTime:0.000527s ]
INFO: [ app_end ] --START--
INFO: Run Behavior\ShowPageTraceBehavior [ RunTime:0.000620s ]
INFO: [ app_end ] --END-- [ RunTime:0.000649s ]

[ 2017-09-14T23:26:23+08:00 ] 127.0.0.1 /index.php/Admin/Node/forbid/id/4.html
INFO: [ app_init ] --START--
INFO: Run Behavior\BuildLiteBehavior [ RunTime:0.000011s ]
INFO: [ app_init ] --END-- [ RunTime:0.000317s ]
INFO: [ app_begin ] --START--
INFO: Run Behavior\ReadHtmlCacheBehavior [ RunTime:0.000526s ]
INFO: [ app_begin ] --END-- [ RunTime:0.000564s ]
SQL: SHOW COLUMNS FROM `ju_node` [ RunTime:0.0029s ]
SQL: UPDATE `ju_node` SET `status`='0' WHERE `id` IN ('4') [ RunTime:0.0519s ]
NOTIC: [2] Missing argument 1 for Admin\Controller\CommonController::getReturnUrl(), called in D:\xampp\htdocs\ju\Application\Admin\Controller\CommonController.class.php on line 294 and defined D:\xampp\htdocs\ju\Application\Admin\Controller\CommonController.class.php 第 61 行.
NOTIC: [2] Missing argument 2 for Admin\Controller\CommonController::getReturnUrl(), called in D:\xampp\htdocs\ju\Application\Admin\Controller\CommonController.class.php on line 294 and defined D:\xampp\htdocs\ju\Application\Admin\Controller\CommonController.class.php 第 61 行.
NOTIC: [8] Use of undefined constant __URL__ - assumed '__URL__' D:\xampp\htdocs\ju\Application\Admin\Controller\CommonController.class.php 第 62 行.

[ 2017-09-14T23:26:25+08:00 ] 127.0.0.1 /index.php/Admin/Node/index.html?_=1505402764597
INFO: [ app_init ] --START--
INFO: Run Behavior\BuildLiteBehavior [ RunTime:0.000011s ]
INFO: [ app_init ] --END-- [ RunTime:0.000316s ]
INFO: [ app_begin ] --START--
INFO: Run Behavior\ReadHtmlCacheBehavior [ RunTime:0.000523s ]
INFO: [ app_begin ] --END-- [ RunTime:0.000558s ]
SQL: SHOW COLUMNS FROM `ju_node` [ RunTime:0.0031s ]
SQL: SELECT COUNT(id) AS tp_count FROM `ju_node` WHERE `status` <> -1 LIMIT 1   [ RunTime:0.0002s ]
SQL: SELECT * FROM `ju_node` WHERE `status` <> -1 ORDER BY `id` desc  [ RunTime:0.0002s ]
NOTIC: [2] Division by zero D:\xampp\htdocs\ju\ThinkPHP\Library\Think\Page.class.php 第 84 行.
INFO: [ view_parse ] --START--
NOTIC: [2] file_get_contents(./Application/Admin/View/Public/pagerForm.html): failed to open stream: No such file or directory D:\xampp\htdocs\ju\ThinkPHP\Library\Think\Template.class.php 第 696 行.
INFO: [ template_filter ] --START--
INFO: Run Behavior\ContentReplaceBehavior [ RunTime:0.000069s ]
INFO: [ template_filter ] --END-- [ RunTime:0.000130s ]
NOTIC: [8] Use of undefined constant __URL__ - assumed '__URL__' D:\xampp\htdocs\ju\Application\Admin\Common\function.php 第 35 行.
NOTIC: [8] Use of undefined constant __URL__ - assumed '__URL__' D:\xampp\htdocs\ju\Application\Admin\Common\function.php 第 35 行.
NOTIC: [8] Use of undefined constant __URL__ - assumed '__URL__' D:\xampp\htdocs\ju\Application\Admin\Common\function.php 第 35 行.
INFO: Run Behavior\ParseTemplateBehavior [ RunTime:0.006479s ]
INFO: [ view_parse ] --END-- [ RunTime:0.006508s ]
INFO: [ view_filter ] --START--
INFO: Run Behavior\WriteHtmlCacheBehavior [ RunTime:0.000377s ]
INFO: [ view_filter ] --END-- [ RunTime:0.000399s ]
INFO: [ app_end ] --START--
INFO: Run Behavior\ShowPageTraceBehavior [ RunTime:0.000518s ]
INFO: [ app_end ] --END-- [ RunTime:0.000545s ]

