[ 2017-09-12T00:02:16+08:00 ] 127.0.0.1 /index.php/Admin/Node/index.html?_=1505139365918
INFO: [ app_init ] --START--
INFO: Run Behavior\BuildLiteBehavior [ RunTime:0.000012s ]
INFO: [ app_init ] --END-- [ RunTime:0.000339s ]
INFO: [ app_begin ] --START--
INFO: Run Behavior\ReadHtmlCacheBehavior [ RunTime:0.000513s ]
INFO: [ app_begin ] --END-- [ RunTime:0.000554s ]
SQL: SHOW COLUMNS FROM `ju_node` [ RunTime:0.0037s ]
SQL: SELECT COUNT(id) AS tp_count FROM `ju_node` LIMIT 1   [ RunTime:0.0002s ]
SQL: SELECT * FROM `ju_node` ORDER BY `id` desc  [ RunTime:0.0002s ]
NOTIC: [2] Division by zero D:\xampp\htdocs\ju\ThinkPHP\Library\Think\Page.class.php 第 84 行.
INFO: [ view_parse ] --START--
NOTIC: [2] file_get_contents(./Application/Admin/View/Public/pagerForm.html): failed to open stream: No such file or directory D:\xampp\htdocs\ju\ThinkPHP\Library\Think\Template.class.php 第 696 行.
INFO: [ template_filter ] --START--
INFO: Run Behavior\ContentReplaceBehavior [ RunTime:0.000040s ]
INFO: [ template_filter ] --END-- [ RunTime:0.000069s ]
INFO: Run Behavior\ParseTemplateBehavior [ RunTime:0.005861s ]
INFO: [ view_parse ] --END-- [ RunTime:0.005894s ]
INFO: [ view_filter ] --START--
INFO: Run Behavior\WriteHtmlCacheBehavior [ RunTime:0.000415s ]
INFO: [ view_filter ] --END-- [ RunTime:0.000439s ]
INFO: [ app_end ] --START--
INFO: Run Behavior\ShowPageTraceBehavior [ RunTime:0.000718s ]
INFO: [ app_end ] --END-- [ RunTime:0.000746s ]

[ 2017-09-12T00:02:18+08:00 ] 127.0.0.1 /index.php/Admin/Node/forbid/id/1.html
INFO: [ app_init ] --START--
INFO: Run Behavior\BuildLiteBehavior [ RunTime:0.000012s ]
INFO: [ app_init ] --END-- [ RunTime:0.000316s ]
INFO: [ app_begin ] --START--
INFO: Run Behavior\ReadHtmlCacheBehavior [ RunTime:0.000570s ]
INFO: [ app_begin ] --END-- [ RunTime:0.000629s ]
SQL: SHOW COLUMNS FROM `ju_node` [ RunTime:0.0030s ]
SQL: UPDATE `ju_node` SET `status`='0' WHERE `id` IN ('1') [ RunTime:0.0562s ]

[ 2017-09-12T00:02:53+08:00 ] 127.0.0.1 /index.php/Admin/Node/index.html?_=1505139365919
INFO: [ app_init ] --START--
INFO: Run Behavior\BuildLiteBehavior [ RunTime:0.000012s ]
INFO: [ app_init ] --END-- [ RunTime:0.000381s ]
INFO: [ app_begin ] --START--
INFO: Run Behavior\ReadHtmlCacheBehavior [ RunTime:0.000909s ]
INFO: [ app_begin ] --END-- [ RunTime:0.000977s ]
SQL: SHOW COLUMNS FROM `ju_node` [ RunTime:0.0028s ]
SQL: SELECT COUNT(id) AS tp_count FROM `ju_node` LIMIT 1   [ RunTime:0.0002s ]
SQL: SELECT * FROM `ju_node` ORDER BY `id` desc  [ RunTime:0.0002s ]
NOTIC: [2] Division by zero D:\xampp\htdocs\ju\ThinkPHP\Library\Think\Page.class.php 第 84 行.
INFO: [ view_parse ] --START--
NOTIC: [2] file_get_contents(./Application/Admin/View/Public/pagerForm.html): failed to open stream: No such file or directory D:\xampp\htdocs\ju\ThinkPHP\Library\Think\Template.class.php 第 696 行.
INFO: [ template_filter ] --START--
INFO: Run Behavior\ContentReplaceBehavior [ RunTime:0.000042s ]
INFO: [ template_filter ] --END-- [ RunTime:0.000082s ]
INFO: Run Behavior\ParseTemplateBehavior [ RunTime:0.006775s ]
INFO: [ view_parse ] --END-- [ RunTime:0.006813s ]
INFO: [ view_filter ] --START--
INFO: Run Behavior\WriteHtmlCacheBehavior [ RunTime:0.000358s ]
INFO: [ view_filter ] --END-- [ RunTime:0.000383s ]
INFO: [ app_end ] --START--
INFO: Run Behavior\ShowPageTraceBehavior [ RunTime:0.000546s ]
INFO: [ app_end ] --END-- [ RunTime:0.000576s ]

[ 2017-09-12T00:02:55+08:00 ] 127.0.0.1 /index.php/Admin/Node/resume/id/1.html
INFO: [ app_init ] --START--
INFO: Run Behavior\BuildLiteBehavior [ RunTime:0.000010s ]
INFO: [ app_init ] --END-- [ RunTime:0.000301s ]
INFO: [ app_begin ] --START--
INFO: Run Behavior\ReadHtmlCacheBehavior [ RunTime:0.000495s ]
INFO: [ app_begin ] --END-- [ RunTime:0.000531s ]
SQL: SHOW COLUMNS FROM `ju_node` [ RunTime:0.0031s ]
SQL: UPDATE `ju_node` SET `status`='1' WHERE `id` IN ('1') [ RunTime:0.0562s ]
NOTIC: [2] Missing argument 1 for Admin\Controller\CommonController::getReturnUrl(), called in D:\xampp\htdocs\ju\Application\Admin\Controller\CommonController.class.php on line 334 and defined D:\xampp\htdocs\ju\Application\Admin\Controller\CommonController.class.php 第 61 行.
NOTIC: [2] Missing argument 2 for Admin\Controller\CommonController::getReturnUrl(), called in D:\xampp\htdocs\ju\Application\Admin\Controller\CommonController.class.php on line 334 and defined D:\xampp\htdocs\ju\Application\Admin\Controller\CommonController.class.php 第 61 行.
NOTIC: [8] Use of undefined constant __URL__ - assumed '__URL__' D:\xampp\htdocs\ju\Application\Admin\Controller\CommonController.class.php 第 62 行.

[ 2017-09-12T00:03:13+08:00 ] 127.0.0.1 /index.php/Admin/Node/index.html?_=1505139365920
INFO: [ app_init ] --START--
INFO: Run Behavior\BuildLiteBehavior [ RunTime:0.000012s ]
INFO: [ app_init ] --END-- [ RunTime:0.000331s ]
INFO: [ app_begin ] --START--
INFO: Run Behavior\ReadHtmlCacheBehavior [ RunTime:0.000506s ]
INFO: [ app_begin ] --END-- [ RunTime:0.000545s ]
SQL: SHOW COLUMNS FROM `ju_node` [ RunTime:0.0052s ]
SQL: SELECT COUNT(id) AS tp_count FROM `ju_node` LIMIT 1   [ RunTime:0.0002s ]
SQL: SELECT * FROM `ju_node` ORDER BY `id` desc  [ RunTime:0.0002s ]
NOTIC: [2] Division by zero D:\xampp\htdocs\ju\ThinkPHP\Library\Think\Page.class.php 第 84 行.
INFO: [ view_parse ] --START--
NOTIC: [2] file_get_contents(./Application/Admin/View/Public/pagerForm.html): failed to open stream: No such file or directory D:\xampp\htdocs\ju\ThinkPHP\Library\Think\Template.class.php 第 696 行.
INFO: [ template_filter ] --START--
INFO: Run Behavior\ContentReplaceBehavior [ RunTime:0.000041s ]
INFO: [ template_filter ] --END-- [ RunTime:0.000076s ]
INFO: Run Behavior\ParseTemplateBehavior [ RunTime:0.006245s ]
INFO: [ view_parse ] --END-- [ RunTime:0.006279s ]
INFO: [ view_filter ] --START--
INFO: Run Behavior\WriteHtmlCacheBehavior [ RunTime:0.000355s ]
INFO: [ view_filter ] --END-- [ RunTime:0.000379s ]
INFO: [ app_end ] --START--
INFO: Run Behavior\ShowPageTraceBehavior [ RunTime:0.000488s ]
INFO: [ app_end ] --END-- [ RunTime:0.000515s ]

[ 2017-09-12T00:03:15+08:00 ] 127.0.0.1 /index.php/Admin/Node/forbid/id/1.html
INFO: [ app_init ] --START--
INFO: Run Behavior\BuildLiteBehavior [ RunTime:0.000010s ]
INFO: [ app_init ] --END-- [ RunTime:0.000304s ]
INFO: [ app_begin ] --START--
INFO: Run Behavior\ReadHtmlCacheBehavior [ RunTime:0.000498s ]
INFO: [ app_begin ] --END-- [ RunTime:0.000535s ]
SQL: SHOW COLUMNS FROM `ju_node` [ RunTime:0.0030s ]
SQL: UPDATE `ju_node` SET `status`='0' WHERE `id` IN ('1') [ RunTime:0.0534s ]
NOTIC: [8] Undefined variable: name D:\xampp\htdocs\ju\Application\Admin\Controller\CommonController.class.php 第 286 行.

[ 2017-09-12T00:03:30+08:00 ] 127.0.0.1 /index.php/Admin/Node/forbid/id/1.html
INFO: [ app_init ] --START--
INFO: Run Behavior\BuildLiteBehavior [ RunTime:0.000011s ]
INFO: [ app_init ] --END-- [ RunTime:0.000304s ]
INFO: [ app_begin ] --START--
INFO: Run Behavior\ReadHtmlCacheBehavior [ RunTime:0.000546s ]
INFO: [ app_begin ] --END-- [ RunTime:0.000583s ]
SQL: SHOW COLUMNS FROM `ju_node` [ RunTime:0.0029s ]
SQL: UPDATE `ju_node` SET `status`='0' WHERE `id` IN ('1') [ RunTime:0.0556s ]
NOTIC: [8] Undefined variable: name D:\xampp\htdocs\ju\Application\Admin\Controller\CommonController.class.php 第 286 行.

[ 2017-09-12T00:04:37+08:00 ] 127.0.0.1 /index.php/Admin/Node/forbid/id/1.html
INFO: [ app_init ] --START--
INFO: Run Behavior\BuildLiteBehavior [ RunTime:0.000012s ]
INFO: [ app_init ] --END-- [ RunTime:0.000331s ]
INFO: [ app_begin ] --START--
INFO: Run Behavior\ReadHtmlCacheBehavior [ RunTime:0.000564s ]
INFO: [ app_begin ] --END-- [ RunTime:0.000616s ]
SQL: SHOW COLUMNS FROM `ju_node` [ RunTime:0.0033s ]
SQL: UPDATE `ju_node` SET `status`='0' WHERE `id` IN ('1') [ RunTime:0.0571s ]
NOTIC: [8] Undefined variable: name D:\xampp\htdocs\ju\Application\Admin\Controller\CommonController.class.php 第 286 行.

[ 2017-09-12T00:05:47+08:00 ] 127.0.0.1 /index.php/Admin/Node/index.html?_=1505139365921
INFO: [ app_init ] --START--
INFO: Run Behavior\BuildLiteBehavior [ RunTime:0.000012s ]
INFO: [ app_init ] --END-- [ RunTime:0.000316s ]
INFO: [ app_begin ] --START--
INFO: Run Behavior\ReadHtmlCacheBehavior [ RunTime:0.000543s ]
INFO: [ app_begin ] --END-- [ RunTime:0.000587s ]
SQL: SHOW COLUMNS FROM `ju_node` [ RunTime:0.0035s ]
SQL: SELECT COUNT(id) AS tp_count FROM `ju_node` LIMIT 1   [ RunTime:0.0002s ]
SQL: SELECT * FROM `ju_node` ORDER BY `id` desc  [ RunTime:0.0002s ]
NOTIC: [2] Division by zero D:\xampp\htdocs\ju\ThinkPHP\Library\Think\Page.class.php 第 84 行.
INFO: [ view_parse ] --START--
NOTIC: [2] file_get_contents(./Application/Admin/View/Public/pagerForm.html): failed to open stream: No such file or directory D:\xampp\htdocs\ju\ThinkPHP\Library\Think\Template.class.php 第 696 行.
INFO: [ template_filter ] --START--
INFO: Run Behavior\ContentReplaceBehavior [ RunTime:0.000040s ]
INFO: [ template_filter ] --END-- [ RunTime:0.000073s ]
INFO: Run Behavior\ParseTemplateBehavior [ RunTime:0.006294s ]
INFO: [ view_parse ] --END-- [ RunTime:0.006338s ]
INFO: [ view_filter ] --START--
INFO: Run Behavior\WriteHtmlCacheBehavior [ RunTime:0.000451s ]
INFO: [ view_filter ] --END-- [ RunTime:0.000474s ]
INFO: [ app_end ] --START--
INFO: Run Behavior\ShowPageTraceBehavior [ RunTime:0.000503s ]
INFO: [ app_end ] --END-- [ RunTime:0.000531s ]

[ 2017-09-12T00:05:50+08:00 ] 127.0.0.1 /index.php/Admin/Node/resume/id/1.html
INFO: [ app_init ] --START--
INFO: Run Behavior\BuildLiteBehavior [ RunTime:0.000011s ]
INFO: [ app_init ] --END-- [ RunTime:0.000310s ]
INFO: [ app_begin ] --START--
INFO: Run Behavior\ReadHtmlCacheBehavior [ RunTime:0.000511s ]
INFO: [ app_begin ] --END-- [ RunTime:0.000554s ]
SQL: SHOW COLUMNS FROM `ju_node` [ RunTime:0.0033s ]
SQL: UPDATE `ju_node` SET `status`='1' WHERE `id` IN ('1') [ RunTime:0.0555s ]
NOTIC: [2] Missing argument 1 for Admin\Controller\CommonController::getReturnUrl(), called in D:\xampp\htdocs\ju\Application\Admin\Controller\CommonController.class.php on line 334 and defined D:\xampp\htdocs\ju\Application\Admin\Controller\CommonController.class.php 第 61 行.
NOTIC: [2] Missing argument 2 for Admin\Controller\CommonController::getReturnUrl(), called in D:\xampp\htdocs\ju\Application\Admin\Controller\CommonController.class.php on line 334 and defined D:\xampp\htdocs\ju\Application\Admin\Controller\CommonController.class.php 第 61 行.
NOTIC: [8] Use of undefined constant __URL__ - assumed '__URL__' D:\xampp\htdocs\ju\Application\Admin\Controller\CommonController.class.php 第 62 行.

[ 2017-09-12T00:06:10+08:00 ] 127.0.0.1 /index.php/Admin/Node/forbid/id/1.html
INFO: [ app_init ] --START--
INFO: Run Behavior\BuildLiteBehavior [ RunTime:0.000010s ]
INFO: [ app_init ] --END-- [ RunTime:0.000314s ]
INFO: [ app_begin ] --START--
INFO: Run Behavior\ReadHtmlCacheBehavior [ RunTime:0.000509s ]
INFO: [ app_begin ] --END-- [ RunTime:0.000549s ]
SQL: SHOW COLUMNS FROM `ju_node` [ RunTime:0.0033s ]
SQL: UPDATE `ju_node` SET `status`='0' WHERE `id` IN ('1') [ RunTime:0.0550s ]
NOTIC: [8] Undefined variable: name D:\xampp\htdocs\ju\Application\Admin\Controller\CommonController.class.php 第 286 行.

[ 2017-09-12T00:06:29+08:00 ] 127.0.0.1 /index.php/Admin/Node/index.html?_=1505139365922
INFO: [ app_init ] --START--
INFO: Run Behavior\BuildLiteBehavior [ RunTime:0.000012s ]
INFO: [ app_init ] --END-- [ RunTime:0.000326s ]
INFO: [ app_begin ] --START--
INFO: Run Behavior\ReadHtmlCacheBehavior [ RunTime:0.000538s ]
INFO: [ app_begin ] --END-- [ RunTime:0.000585s ]
SQL: SHOW COLUMNS FROM `ju_node` [ RunTime:0.0034s ]
SQL: SELECT COUNT(id) AS tp_count FROM `ju_node` LIMIT 1   [ RunTime:0.0002s ]
SQL: SELECT * FROM `ju_node` ORDER BY `id` desc  [ RunTime:0.0002s ]
NOTIC: [2] Division by zero D:\xampp\htdocs\ju\ThinkPHP\Library\Think\Page.class.php 第 84 行.
INFO: [ view_parse ] --START--
NOTIC: [2] file_get_contents(./Application/Admin/View/Public/pagerForm.html): failed to open stream: No such file or directory D:\xampp\htdocs\ju\ThinkPHP\Library\Think\Template.class.php 第 696 行.
INFO: [ template_filter ] --START--
INFO: Run Behavior\ContentReplaceBehavior [ RunTime:0.000041s ]
INFO: [ template_filter ] --END-- [ RunTime:0.000073s ]
INFO: Run Behavior\ParseTemplateBehavior [ RunTime:0.006102s ]
INFO: [ view_parse ] --END-- [ RunTime:0.006137s ]
INFO: [ view_filter ] --START--
INFO: Run Behavior\WriteHtmlCacheBehavior [ RunTime:0.000355s ]
INFO: [ view_filter ] --END-- [ RunTime:0.000380s ]
INFO: [ app_end ] --START--
INFO: Run Behavior\ShowPageTraceBehavior [ RunTime:0.000485s ]
INFO: [ app_end ] --END-- [ RunTime:0.000514s ]

[ 2017-09-12T00:06:34+08:00 ] 127.0.0.1 /index.php/Admin/Node/resume/id/1.html
INFO: [ app_init ] --START--
INFO: Run Behavior\BuildLiteBehavior [ RunTime:0.000012s ]
INFO: [ app_init ] --END-- [ RunTime:0.000316s ]
INFO: [ app_begin ] --START--
INFO: Run Behavior\ReadHtmlCacheBehavior [ RunTime:0.000507s ]
INFO: [ app_begin ] --END-- [ RunTime:0.000548s ]
SQL: SHOW COLUMNS FROM `ju_node` [ RunTime:0.0027s ]
SQL: UPDATE `ju_node` SET `status`='1' WHERE `id` IN ('1') [ RunTime:0.0377s ]
NOTIC: [2] Missing argument 1 for Admin\Controller\CommonController::getReturnUrl(), called in D:\xampp\htdocs\ju\Application\Admin\Controller\CommonController.class.php on line 334 and defined D:\xampp\htdocs\ju\Application\Admin\Controller\CommonController.class.php 第 61 行.
NOTIC: [2] Missing argument 2 for Admin\Controller\CommonController::getReturnUrl(), called in D:\xampp\htdocs\ju\Application\Admin\Controller\CommonController.class.php on line 334 and defined D:\xampp\htdocs\ju\Application\Admin\Controller\CommonController.class.php 第 61 行.
NOTIC: [8] Use of undefined constant __URL__ - assumed '__URL__' D:\xampp\htdocs\ju\Application\Admin\Controller\CommonController.class.php 第 62 行.

[ 2017-09-12T00:06:37+08:00 ] 127.0.0.1 /index.php/Admin/Node/index.html?_=1505139365923
INFO: [ app_init ] --START--
INFO: Run Behavior\BuildLiteBehavior [ RunTime:0.000012s ]
INFO: [ app_init ] --END-- [ RunTime:0.000349s ]
INFO: [ app_begin ] --START--
INFO: Run Behavior\ReadHtmlCacheBehavior [ RunTime:0.000670s ]
INFO: [ app_begin ] --END-- [ RunTime:0.000732s ]
SQL: SHOW COLUMNS FROM `ju_node` [ RunTime:0.0034s ]
SQL: SELECT COUNT(id) AS tp_count FROM `ju_node` LIMIT 1   [ RunTime:0.0002s ]
SQL: SELECT * FROM `ju_node` ORDER BY `id` desc  [ RunTime:0.0002s ]
NOTIC: [2] Division by zero D:\xampp\htdocs\ju\ThinkPHP\Library\Think\Page.class.php 第 84 行.
INFO: [ view_parse ] --START--
NOTIC: [2] file_get_contents(./Application/Admin/View/Public/pagerForm.html): failed to open stream: No such file or directory D:\xampp\htdocs\ju\ThinkPHP\Library\Think\Template.class.php 第 696 行.
INFO: [ template_filter ] --START--
INFO: Run Behavior\ContentReplaceBehavior [ RunTime:0.000038s ]
INFO: [ template_filter ] --END-- [ RunTime:0.000065s ]
INFO: Run Behavior\ParseTemplateBehavior [ RunTime:0.005712s ]
INFO: [ view_parse ] --END-- [ RunTime:0.005746s ]
INFO: [ view_filter ] --START--
INFO: Run Behavior\WriteHtmlCacheBehavior [ RunTime:0.000343s ]
INFO: [ view_filter ] --END-- [ RunTime:0.000367s ]
INFO: [ app_end ] --START--
INFO: Run Behavior\ShowPageTraceBehavior [ RunTime:0.000545s ]
INFO: [ app_end ] --END-- [ RunTime:0.000574s ]

[ 2017-09-12T00:06:40+08:00 ] 127.0.0.1 /index.php/Admin/Node/forbid/id/1.html
INFO: [ app_init ] --START--
INFO: Run Behavior\BuildLiteBehavior [ RunTime:0.000012s ]
INFO: [ app_init ] --END-- [ RunTime:0.000329s ]
INFO: [ app_begin ] --START--
INFO: Run Behavior\ReadHtmlCacheBehavior [ RunTime:0.000540s ]
INFO: [ app_begin ] --END-- [ RunTime:0.000589s ]
SQL: SHOW COLUMNS FROM `ju_node` [ RunTime:0.0034s ]
SQL: UPDATE `ju_node` SET `status`='0' WHERE `id` IN ('1') [ RunTime:0.0460s ]
NOTIC: [8] Undefined variable: name D:\xampp\htdocs\ju\Application\Admin\Controller\CommonController.class.php 第 286 行.

[ 2017-09-12T00:06:57+08:00 ] 127.0.0.1 /index.php/Admin/Node/forbid/id/1.html
INFO: [ app_init ] --START--
INFO: Run Behavior\BuildLiteBehavior [ RunTime:0.000011s ]
INFO: [ app_init ] --END-- [ RunTime:0.000307s ]
INFO: [ app_begin ] --START--
INFO: Run Behavior\ReadHtmlCacheBehavior [ RunTime:0.000499s ]
INFO: [ app_begin ] --END-- [ RunTime:0.000536s ]
SQL: SHOW COLUMNS FROM `ju_node` [ RunTime:0.0033s ]
SQL: UPDATE `ju_node` SET `status`='0' WHERE `id` IN ('1') [ RunTime:0.0419s ]
NOTIC: [8] Undefined variable: name D:\xampp\htdocs\ju\Application\Admin\Controller\CommonController.class.php 第 286 行.

[ 2017-09-12T00:30:16+08:00 ] 127.0.0.1 /index.php/Admin/Node/index.html?_=1505139365924
INFO: [ app_init ] --START--
INFO: Run Behavior\BuildLiteBehavior [ RunTime:0.000011s ]
INFO: [ app_init ] --END-- [ RunTime:0.000317s ]
INFO: [ app_begin ] --START--
INFO: Run Behavior\ReadHtmlCacheBehavior [ RunTime:0.000523s ]
INFO: [ app_begin ] --END-- [ RunTime:0.000571s ]
SQL: SHOW COLUMNS FROM `ju_node` [ RunTime:0.0033s ]
SQL: SELECT COUNT(id) AS tp_count FROM `ju_node` LIMIT 1   [ RunTime:0.0003s ]
SQL: SELECT * FROM `ju_node` ORDER BY `id` desc  [ RunTime:0.0002s ]
NOTIC: [2] Division by zero D:\xampp\htdocs\ju\ThinkPHP\Library\Think\Page.class.php 第 84 行.
INFO: [ view_parse ] --START--
NOTIC: [2] file_get_contents(./Application/Admin/View/Public/pagerForm.html): failed to open stream: No such file or directory D:\xampp\htdocs\ju\ThinkPHP\Library\Think\Template.class.php 第 696 行.
INFO: [ template_filter ] --START--
INFO: Run Behavior\ContentReplaceBehavior [ RunTime:0.000040s ]
INFO: [ template_filter ] --END-- [ RunTime:0.000073s ]
INFO: Run Behavior\ParseTemplateBehavior [ RunTime:0.006100s ]
INFO: [ view_parse ] --END-- [ RunTime:0.006140s ]
INFO: [ view_filter ] --START--
INFO: Run Behavior\WriteHtmlCacheBehavior [ RunTime:0.000375s ]
INFO: [ view_filter ] --END-- [ RunTime:0.000400s ]
INFO: [ app_end ] --START--
INFO: Run Behavior\ShowPageTraceBehavior [ RunTime:0.000505s ]
INFO: [ app_end ] --END-- [ RunTime:0.000534s ]

[ 2017-09-12T00:30:22+08:00 ] 127.0.0.1 /index.php/Admin/Node/forbid/id/1.html
INFO: [ app_init ] --START--
INFO: Run Behavior\BuildLiteBehavior [ RunTime:0.000012s ]
INFO: [ app_init ] --END-- [ RunTime:0.000312s ]
INFO: [ app_begin ] --START--
INFO: Run Behavior\ReadHtmlCacheBehavior [ RunTime:0.000522s ]
INFO: [ app_begin ] --END-- [ RunTime:0.000563s ]
SQL: SHOW COLUMNS FROM `ju_node` [ RunTime:0.0028s ]
SQL: UPDATE `ju_node` SET `status`='0' WHERE `id` IN ('1') [ RunTime:0.0616s ]
NOTIC: [8] Undefined variable: name D:\xampp\htdocs\ju\Application\Admin\Controller\CommonController.class.php 第 286 行.

[ 2017-09-12T00:30:30+08:00 ] 127.0.0.1 /index.php/Admin/Node/resume/id/1.html
INFO: [ app_init ] --START--
INFO: Run Behavior\BuildLiteBehavior [ RunTime:0.000009s ]
INFO: [ app_init ] --END-- [ RunTime:0.000300s ]
INFO: [ app_begin ] --START--
INFO: Run Behavior\ReadHtmlCacheBehavior [ RunTime:0.000487s ]
INFO: [ app_begin ] --END-- [ RunTime:0.000522s ]
SQL: SHOW COLUMNS FROM `ju_node` [ RunTime:0.0034s ]
SQL: UPDATE `ju_node` SET `status`='1' WHERE `id` IN ('1') [ RunTime:0.0554s ]
NOTIC: [2] Missing argument 1 for Admin\Controller\CommonController::getReturnUrl(), called in D:\xampp\htdocs\ju\Application\Admin\Controller\CommonController.class.php on line 334 and defined D:\xampp\htdocs\ju\Application\Admin\Controller\CommonController.class.php 第 61 行.
NOTIC: [2] Missing argument 2 for Admin\Controller\CommonController::getReturnUrl(), called in D:\xampp\htdocs\ju\Application\Admin\Controller\CommonController.class.php on line 334 and defined D:\xampp\htdocs\ju\Application\Admin\Controller\CommonController.class.php 第 61 行.
NOTIC: [8] Use of undefined constant __URL__ - assumed '__URL__' D:\xampp\htdocs\ju\Application\Admin\Controller\CommonController.class.php 第 62 行.

[ 2017-09-12T00:30:31+08:00 ] 127.0.0.1 /index.php/Admin/Node/resume/id/1.html
INFO: [ app_init ] --START--
INFO: Run Behavior\BuildLiteBehavior [ RunTime:0.000009s ]
INFO: [ app_init ] --END-- [ RunTime:0.000291s ]
INFO: [ app_begin ] --START--
INFO: Run Behavior\ReadHtmlCacheBehavior [ RunTime:0.000491s ]
INFO: [ app_begin ] --END-- [ RunTime:0.000528s ]
SQL: SHOW COLUMNS FROM `ju_node` [ RunTime:0.0030s ]
SQL: UPDATE `ju_node` SET `status`='1' WHERE `id` IN ('1') [ RunTime:0.0401s ]
NOTIC: [2] Missing argument 1 for Admin\Controller\CommonController::getReturnUrl(), called in D:\xampp\htdocs\ju\Application\Admin\Controller\CommonController.class.php on line 334 and defined D:\xampp\htdocs\ju\Application\Admin\Controller\CommonController.class.php 第 61 行.
NOTIC: [2] Missing argument 2 for Admin\Controller\CommonController::getReturnUrl(), called in D:\xampp\htdocs\ju\Application\Admin\Controller\CommonController.class.php on line 334 and defined D:\xampp\htdocs\ju\Application\Admin\Controller\CommonController.class.php 第 61 行.
NOTIC: [8] Use of undefined constant __URL__ - assumed '__URL__' D:\xampp\htdocs\ju\Application\Admin\Controller\CommonController.class.php 第 62 行.

[ 2017-09-12T00:33:35+08:00 ] 127.0.0.1 /index.php/Admin/Node/resume/id/1.html
INFO: [ app_init ] --START--
INFO: Run Behavior\BuildLiteBehavior [ RunTime:0.000011s ]
INFO: [ app_init ] --END-- [ RunTime:0.000355s ]
INFO: [ app_begin ] --START--
INFO: Run Behavior\ReadHtmlCacheBehavior [ RunTime:0.000514s ]
INFO: [ app_begin ] --END-- [ RunTime:0.000549s ]
SQL: SHOW COLUMNS FROM `ju_node` [ RunTime:0.0037s ]
SQL: UPDATE `ju_node` SET `status`='1' WHERE `id` IN ('1') [ RunTime:0.0574s ]
NOTIC: [2] Missing argument 1 for Admin\Controller\CommonController::getReturnUrl(), called in D:\xampp\htdocs\ju\Application\Admin\Controller\CommonController.class.php on line 334 and defined D:\xampp\htdocs\ju\Application\Admin\Controller\CommonController.class.php 第 61 行.
NOTIC: [2] Missing argument 2 for Admin\Controller\CommonController::getReturnUrl(), called in D:\xampp\htdocs\ju\Application\Admin\Controller\CommonController.class.php on line 334 and defined D:\xampp\htdocs\ju\Application\Admin\Controller\CommonController.class.php 第 61 行.
NOTIC: [8] Use of undefined constant __URL__ - assumed '__URL__' D:\xampp\htdocs\ju\Application\Admin\Controller\CommonController.class.php 第 62 行.

[ 2017-09-12T00:33:37+08:00 ] 127.0.0.1 /index.php/Admin/Node/forbid/id/1.html
INFO: [ app_init ] --START--
INFO: Run Behavior\BuildLiteBehavior [ RunTime:0.000010s ]
INFO: [ app_init ] --END-- [ RunTime:0.000306s ]
INFO: [ app_begin ] --START--
INFO: Run Behavior\ReadHtmlCacheBehavior [ RunTime:0.000502s ]
INFO: [ app_begin ] --END-- [ RunTime:0.000537s ]
SQL: SHOW COLUMNS FROM `ju_node` [ RunTime:0.0031s ]
SQL: UPDATE `ju_node` SET `status`='0' WHERE `id` IN ('1') [ RunTime:0.0519s ]
NOTIC: [8] Undefined variable: name D:\xampp\htdocs\ju\Application\Admin\Controller\CommonController.class.php 第 286 行.

[ 2017-09-12T00:34:55+08:00 ] 127.0.0.1 /index.php/Admin/Node/index.html?_=1505139365925
INFO: [ app_init ] --START--
INFO: Run Behavior\BuildLiteBehavior [ RunTime:0.000011s ]
INFO: [ app_init ] --END-- [ RunTime:0.000467s ]
INFO: [ app_begin ] --START--
INFO: Run Behavior\ReadHtmlCacheBehavior [ RunTime:0.000610s ]
INFO: [ app_begin ] --END-- [ RunTime:0.000654s ]
SQL: SHOW COLUMNS FROM `ju_node` [ RunTime:0.0034s ]
SQL: SELECT COUNT(id) AS tp_count FROM `ju_node` LIMIT 1   [ RunTime:0.0002s ]
SQL: SELECT * FROM `ju_node` ORDER BY `id` desc  [ RunTime:0.0002s ]
NOTIC: [2] Division by zero D:\xampp\htdocs\ju\ThinkPHP\Library\Think\Page.class.php 第 84 行.
INFO: [ view_parse ] --START--
NOTIC: [2] file_get_contents(./Application/Admin/View/Public/pagerForm.html): failed to open stream: No such file or directory D:\xampp\htdocs\ju\ThinkPHP\Library\Think\Template.class.php 第 696 行.
INFO: [ template_filter ] --START--
INFO: Run Behavior\ContentReplaceBehavior [ RunTime:0.000041s ]
INFO: [ template_filter ] --END-- [ RunTime:0.000072s ]
INFO: Run Behavior\ParseTemplateBehavior [ RunTime:0.005957s ]
INFO: [ view_parse ] --END-- [ RunTime:0.005992s ]
INFO: [ view_filter ] --START--
INFO: Run Behavior\WriteHtmlCacheBehavior [ RunTime:0.000421s ]
INFO: [ view_filter ] --END-- [ RunTime:0.000455s ]
INFO: [ app_end ] --START--
INFO: Run Behavior\ShowPageTraceBehavior [ RunTime:0.000610s ]
INFO: [ app_end ] --END-- [ RunTime:0.000641s ]

[ 2017-09-12T00:34:56+08:00 ] 127.0.0.1 /index.php/Admin/Node/resume/id/1.html
INFO: [ app_init ] --START--
INFO: Run Behavior\BuildLiteBehavior [ RunTime:0.000011s ]
INFO: [ app_init ] --END-- [ RunTime:0.000310s ]
INFO: [ app_begin ] --START--
INFO: Run Behavior\ReadHtmlCacheBehavior [ RunTime:0.000517s ]
INFO: [ app_begin ] --END-- [ RunTime:0.000561s ]
SQL: SHOW COLUMNS FROM `ju_node` [ RunTime:0.0026s ]
SQL: UPDATE `ju_node` SET `status`='1' WHERE `id` IN ('1') [ RunTime:0.0389s ]
NOTIC: [2] Missing argument 1 for Admin\Controller\CommonController::getReturnUrl(), called in D:\xampp\htdocs\ju\Application\Admin\Controller\CommonController.class.php on line 334 and defined D:\xampp\htdocs\ju\Application\Admin\Controller\CommonController.class.php 第 61 行.
NOTIC: [2] Missing argument 2 for Admin\Controller\CommonController::getReturnUrl(), called in D:\xampp\htdocs\ju\Application\Admin\Controller\CommonController.class.php on line 334 and defined D:\xampp\htdocs\ju\Application\Admin\Controller\CommonController.class.php 第 61 行.
NOTIC: [8] Use of undefined constant __URL__ - assumed '__URL__' D:\xampp\htdocs\ju\Application\Admin\Controller\CommonController.class.php 第 62 行.

[ 2017-09-12T00:35:11+08:00 ] 127.0.0.1 /index.php/Admin/Node/forbid/id/1.html
INFO: [ app_init ] --START--
INFO: Run Behavior\BuildLiteBehavior [ RunTime:0.000011s ]
INFO: [ app_init ] --END-- [ RunTime:0.000304s ]
INFO: [ app_begin ] --START--
INFO: Run Behavior\ReadHtmlCacheBehavior [ RunTime:0.000491s ]
INFO: [ app_begin ] --END-- [ RunTime:0.000527s ]
SQL: SHOW COLUMNS FROM `ju_node` [ RunTime:0.0036s ]
SQL: UPDATE `ju_node` SET `status`='0' WHERE `id` IN ('1') [ RunTime:0.0530s ]
NOTIC: [8] Undefined variable: name D:\xampp\htdocs\ju\Application\Admin\Controller\CommonController.class.php 第 286 行.

[ 2017-09-12T00:38:39+08:00 ] 127.0.0.1 /index.php/Admin/Node/index.html?_=1505139365926
INFO: [ app_init ] --START--
INFO: Run Behavior\BuildLiteBehavior [ RunTime:0.000012s ]
INFO: [ app_init ] --END-- [ RunTime:0.000314s ]
INFO: [ app_begin ] --START--
INFO: Run Behavior\ReadHtmlCacheBehavior [ RunTime:0.000718s ]
INFO: [ app_begin ] --END-- [ RunTime:0.000782s ]
SQL: SHOW COLUMNS FROM `ju_node` [ RunTime:0.0034s ]
SQL: SELECT COUNT(id) AS tp_count FROM `ju_node` LIMIT 1   [ RunTime:0.0002s ]
SQL: SELECT * FROM `ju_node` ORDER BY `id` desc  [ RunTime:0.0002s ]
NOTIC: [2] Division by zero D:\xampp\htdocs\ju\ThinkPHP\Library\Think\Page.class.php 第 84 行.
INFO: [ view_parse ] --START--
NOTIC: [2] file_get_contents(./Application/Admin/View/Public/pagerForm.html): failed to open stream: No such file or directory D:\xampp\htdocs\ju\ThinkPHP\Library\Think\Template.class.php 第 696 行.
INFO: [ template_filter ] --START--
INFO: Run Behavior\ContentReplaceBehavior [ RunTime:0.000041s ]
INFO: [ template_filter ] --END-- [ RunTime:0.000079s ]
INFO: Run Behavior\ParseTemplateBehavior [ RunTime:0.006299s ]
INFO: [ view_parse ] --END-- [ RunTime:0.006336s ]
INFO: [ view_filter ] --START--
INFO: Run Behavior\WriteHtmlCacheBehavior [ RunTime:0.000374s ]
INFO: [ view_filter ] --END-- [ RunTime:0.000399s ]
INFO: [ app_end ] --START--
INFO: Run Behavior\ShowPageTraceBehavior [ RunTime:0.000504s ]
INFO: [ app_end ] --END-- [ RunTime:0.000533s ]

[ 2017-09-12T00:38:41+08:00 ] 127.0.0.1 /index.php/Admin/Node/resume/id/1.html
INFO: [ app_init ] --START--
INFO: Run Behavior\BuildLiteBehavior [ RunTime:0.000011s ]
INFO: [ app_init ] --END-- [ RunTime:0.000324s ]
INFO: [ app_begin ] --START--
INFO: Run Behavior\ReadHtmlCacheBehavior [ RunTime:0.000512s ]
INFO: [ app_begin ] --END-- [ RunTime:0.000551s ]
SQL: SHOW COLUMNS FROM `ju_node` [ RunTime:0.0035s ]
SQL: UPDATE `ju_node` SET `status`='1' WHERE `id` IN ('1') [ RunTime:0.0438s ]
NOTIC: [2] Missing argument 1 for Admin\Controller\CommonController::getReturnUrl(), called in D:\xampp\htdocs\ju\Application\Admin\Controller\CommonController.class.php on line 334 and defined D:\xampp\htdocs\ju\Application\Admin\Controller\CommonController.class.php 第 61 行.
NOTIC: [2] Missing argument 2 for Admin\Controller\CommonController::getReturnUrl(), called in D:\xampp\htdocs\ju\Application\Admin\Controller\CommonController.class.php on line 334 and defined D:\xampp\htdocs\ju\Application\Admin\Controller\CommonController.class.php 第 61 行.
NOTIC: [8] Use of undefined constant __URL__ - assumed '__URL__' D:\xampp\htdocs\ju\Application\Admin\Controller\CommonController.class.php 第 62 行.

[ 2017-09-12T00:38:42+08:00 ] 127.0.0.1 /index.php/Admin/Node/forbid/id/1.html
INFO: [ app_init ] --START--
INFO: Run Behavior\BuildLiteBehavior [ RunTime:0.000010s ]
INFO: [ app_init ] --END-- [ RunTime:0.000296s ]
INFO: [ app_begin ] --START--
INFO: Run Behavior\ReadHtmlCacheBehavior [ RunTime:0.000503s ]
INFO: [ app_begin ] --END-- [ RunTime:0.000541s ]
SQL: SHOW COLUMNS FROM `ju_node` [ RunTime:0.0033s ]
SQL: UPDATE `ju_node` SET `status`='0' WHERE `id` IN ('1') [ RunTime:0.0664s ]
NOTIC: [8] Undefined variable: name D:\xampp\htdocs\ju\Application\Admin\Controller\CommonController.class.php 第 286 行.

[ 2017-09-12T00:39:03+08:00 ] 127.0.0.1 /index.php/Admin/Node/index.html?_=1505139365927
INFO: [ app_init ] --START--
INFO: Run Behavior\BuildLiteBehavior [ RunTime:0.000022s ]
INFO: [ app_init ] --END-- [ RunTime:0.000343s ]
INFO: [ app_begin ] --START--
INFO: Run Behavior\ReadHtmlCacheBehavior [ RunTime:0.000473s ]
INFO: [ app_begin ] --END-- [ RunTime:0.000506s ]
SQL: SHOW COLUMNS FROM `ju_node` [ RunTime:0.0033s ]
SQL: SELECT COUNT(id) AS tp_count FROM `ju_node` LIMIT 1   [ RunTime:0.0004s ]
SQL: SELECT * FROM `ju_node` ORDER BY `id` desc  [ RunTime:0.0002s ]
NOTIC: [2] Division by zero D:\xampp\htdocs\ju\ThinkPHP\Library\Think\Page.class.php 第 84 行.
INFO: [ view_parse ] --START--
NOTIC: [2] file_get_contents(./Application/Admin/View/Public/pagerForm.html): failed to open stream: No such file or directory D:\xampp\htdocs\ju\ThinkPHP\Library\Think\Template.class.php 第 696 行.
INFO: [ template_filter ] --START--
INFO: Run Behavior\ContentReplaceBehavior [ RunTime:0.000040s ]
INFO: [ template_filter ] --END-- [ RunTime:0.000073s ]
INFO: Run Behavior\ParseTemplateBehavior [ RunTime:0.006267s ]
INFO: [ view_parse ] --END-- [ RunTime:0.006310s ]
INFO: [ view_filter ] --START--
INFO: Run Behavior\WriteHtmlCacheBehavior [ RunTime:0.000410s ]
INFO: [ view_filter ] --END-- [ RunTime:0.000439s ]
INFO: [ app_end ] --START--
INFO: Run Behavior\ShowPageTraceBehavior [ RunTime:0.000626s ]
INFO: [ app_end ] --END-- [ RunTime:0.000656s ]

[ 2017-09-12T00:39:05+08:00 ] 127.0.0.1 /index.php/Admin/Node/resume/id/1.html
INFO: [ app_init ] --START--
INFO: Run Behavior\BuildLiteBehavior [ RunTime:0.000011s ]
INFO: [ app_init ] --END-- [ RunTime:0.000311s ]
INFO: [ app_begin ] --START--
INFO: Run Behavior\ReadHtmlCacheBehavior [ RunTime:0.000517s ]
INFO: [ app_begin ] --END-- [ RunTime:0.000556s ]
SQL: SHOW COLUMNS FROM `ju_node` [ RunTime:0.0030s ]
SQL: UPDATE `ju_node` SET `status`='1' WHERE `id` IN ('1') [ RunTime:0.0463s ]
NOTIC: [2] Missing argument 1 for Admin\Controller\CommonController::getReturnUrl(), called in D:\xampp\htdocs\ju\Application\Admin\Controller\CommonController.class.php on line 334 and defined D:\xampp\htdocs\ju\Application\Admin\Controller\CommonController.class.php 第 61 行.
NOTIC: [2] Missing argument 2 for Admin\Controller\CommonController::getReturnUrl(), called in D:\xampp\htdocs\ju\Application\Admin\Controller\CommonController.class.php on line 334 and defined D:\xampp\htdocs\ju\Application\Admin\Controller\CommonController.class.php 第 61 行.
NOTIC: [8] Use of undefined constant __URL__ - assumed '__URL__' D:\xampp\htdocs\ju\Application\Admin\Controller\CommonController.class.php 第 62 行.

[ 2017-09-12T00:39:06+08:00 ] 127.0.0.1 /index.php/Admin/Node/forbid/id/1.html
INFO: [ app_init ] --START--
INFO: Run Behavior\BuildLiteBehavior [ RunTime:0.000011s ]
INFO: [ app_init ] --END-- [ RunTime:0.000304s ]
INFO: [ app_begin ] --START--
INFO: Run Behavior\ReadHtmlCacheBehavior [ RunTime:0.000496s ]
INFO: [ app_begin ] --END-- [ RunTime:0.000532s ]
SQL: SHOW COLUMNS FROM `ju_node` [ RunTime:0.0030s ]
SQL: UPDATE `ju_node` SET `status`='0' WHERE `id` IN ('1') [ RunTime:0.0386s ]
NOTIC: [2] Missing argument 1 for Admin\Controller\CommonController::getReturnUrl(), called in D:\xampp\htdocs\ju\Application\Admin\Controller\CommonController.class.php on line 294 and defined D:\xampp\htdocs\ju\Application\Admin\Controller\CommonController.class.php 第 61 行.
NOTIC: [2] Missing argument 2 for Admin\Controller\CommonController::getReturnUrl(), called in D:\xampp\htdocs\ju\Application\Admin\Controller\CommonController.class.php on line 294 and defined D:\xampp\htdocs\ju\Application\Admin\Controller\CommonController.class.php 第 61 行.
NOTIC: [8] Use of undefined constant __URL__ - assumed '__URL__' D:\xampp\htdocs\ju\Application\Admin\Controller\CommonController.class.php 第 62 行.

[ 2017-09-12T00:39:08+08:00 ] 127.0.0.1 /index.php/Admin/Node/index.html?_=1505139365928
INFO: [ app_init ] --START--
INFO: Run Behavior\BuildLiteBehavior [ RunTime:0.000011s ]
INFO: [ app_init ] --END-- [ RunTime:0.000328s ]
INFO: [ app_begin ] --START--
INFO: Run Behavior\ReadHtmlCacheBehavior [ RunTime:0.000568s ]
INFO: [ app_begin ] --END-- [ RunTime:0.000627s ]
SQL: SHOW COLUMNS FROM `ju_node` [ RunTime:0.0027s ]
SQL: SELECT COUNT(id) AS tp_count FROM `ju_node` LIMIT 1   [ RunTime:0.0004s ]
SQL: SELECT * FROM `ju_node` ORDER BY `id` desc  [ RunTime:0.0002s ]
NOTIC: [2] Division by zero D:\xampp\htdocs\ju\ThinkPHP\Library\Think\Page.class.php 第 84 行.
INFO: [ view_parse ] --START--
NOTIC: [2] file_get_contents(./Application/Admin/View/Public/pagerForm.html): failed to open stream: No such file or directory D:\xampp\htdocs\ju\ThinkPHP\Library\Think\Template.class.php 第 696 行.
INFO: [ template_filter ] --START--
INFO: Run Behavior\ContentReplaceBehavior [ RunTime:0.000042s ]
INFO: [ template_filter ] --END-- [ RunTime:0.000073s ]
INFO: Run Behavior\ParseTemplateBehavior [ RunTime:0.005830s ]
INFO: [ view_parse ] --END-- [ RunTime:0.005866s ]
INFO: [ view_filter ] --START--
INFO: Run Behavior\WriteHtmlCacheBehavior [ RunTime:0.000373s ]
INFO: [ view_filter ] --END-- [ RunTime:0.000398s ]
INFO: [ app_end ] --START--
INFO: Run Behavior\ShowPageTraceBehavior [ RunTime:0.000500s ]
INFO: [ app_end ] --END-- [ RunTime:0.000528s ]

[ 2017-09-12T00:39:10+08:00 ] 127.0.0.1 /index.php/Admin/Node/resume/id/1.html
INFO: [ app_init ] --START--
INFO: Run Behavior\BuildLiteBehavior [ RunTime:0.000011s ]
INFO: [ app_init ] --END-- [ RunTime:0.000331s ]
INFO: [ app_begin ] --START--
INFO: Run Behavior\ReadHtmlCacheBehavior [ RunTime:0.000533s ]
INFO: [ app_begin ] --END-- [ RunTime:0.000579s ]
SQL: SHOW COLUMNS FROM `ju_node` [ RunTime:0.0031s ]
SQL: UPDATE `ju_node` SET `status`='1' WHERE `id` IN ('1') [ RunTime:0.0480s ]
NOTIC: [2] Missing argument 1 for Admin\Controller\CommonController::getReturnUrl(), called in D:\xampp\htdocs\ju\Application\Admin\Controller\CommonController.class.php on line 334 and defined D:\xampp\htdocs\ju\Application\Admin\Controller\CommonController.class.php 第 61 行.
NOTIC: [2] Missing argument 2 for Admin\Controller\CommonController::getReturnUrl(), called in D:\xampp\htdocs\ju\Application\Admin\Controller\CommonController.class.php on line 334 and defined D:\xampp\htdocs\ju\Application\Admin\Controller\CommonController.class.php 第 61 行.
NOTIC: [8] Use of undefined constant __URL__ - assumed '__URL__' D:\xampp\htdocs\ju\Application\Admin\Controller\CommonController.class.php 第 62 行.

[ 2017-09-12T00:39:11+08:00 ] 127.0.0.1 /index.php/Admin/Node/index.html?_=1505139365929
INFO: [ app_init ] --START--
INFO: Run Behavior\BuildLiteBehavior [ RunTime:0.000010s ]
INFO: [ app_init ] --END-- [ RunTime:0.000335s ]
INFO: [ app_begin ] --START--
INFO: Run Behavior\ReadHtmlCacheBehavior [ RunTime:0.000487s ]
INFO: [ app_begin ] --END-- [ RunTime:0.000522s ]
SQL: SHOW COLUMNS FROM `ju_node` [ RunTime:0.0033s ]
SQL: SELECT COUNT(id) AS tp_count FROM `ju_node` LIMIT 1   [ RunTime:0.0002s ]
SQL: SELECT * FROM `ju_node` ORDER BY `id` desc  [ RunTime:0.0002s ]
NOTIC: [2] Division by zero D:\xampp\htdocs\ju\ThinkPHP\Library\Think\Page.class.php 第 84 行.
INFO: [ view_parse ] --START--
NOTIC: [2] file_get_contents(./Application/Admin/View/Public/pagerForm.html): failed to open stream: No such file or directory D:\xampp\htdocs\ju\ThinkPHP\Library\Think\Template.class.php 第 696 行.
INFO: [ template_filter ] --START--
INFO: Run Behavior\ContentReplaceBehavior [ RunTime:0.000038s ]
INFO: [ template_filter ] --END-- [ RunTime:0.000067s ]
INFO: Run Behavior\ParseTemplateBehavior [ RunTime:0.006095s ]
INFO: [ view_parse ] --END-- [ RunTime:0.006127s ]
INFO: [ view_filter ] --START--
INFO: Run Behavior\WriteHtmlCacheBehavior [ RunTime:0.000344s ]
INFO: [ view_filter ] --END-- [ RunTime:0.000367s ]
INFO: [ app_end ] --START--
INFO: Run Behavior\ShowPageTraceBehavior [ RunTime:0.000470s ]
INFO: [ app_end ] --END-- [ RunTime:0.000497s ]

[ 2017-09-12T00:47:03+08:00 ] 127.0.0.1 /index.php/Admin/Node/index.html?_=1505139365930
INFO: [ app_init ] --START--
INFO: Run Behavior\BuildLiteBehavior [ RunTime:0.000012s ]
INFO: [ app_init ] --END-- [ RunTime:0.000363s ]
INFO: [ app_begin ] --START--
INFO: Run Behavior\ReadHtmlCacheBehavior [ RunTime:0.000619s ]
INFO: [ app_begin ] --END-- [ RunTime:0.000659s ]
SQL: SHOW COLUMNS FROM `ju_node` [ RunTime:0.0032s ]
SQL: SELECT COUNT(id) AS tp_count FROM `ju_node` LIMIT 1   [ RunTime:0.0002s ]
SQL: SELECT * FROM `ju_node` ORDER BY `id` desc  [ RunTime:0.0002s ]
NOTIC: [2] Division by zero D:\xampp\htdocs\ju\ThinkPHP\Library\Think\Page.class.php 第 84 行.
INFO: [ view_parse ] --START--
NOTIC: [2] file_get_contents(./Application/Admin/View/Public/pagerForm.html): failed to open stream: No such file or directory D:\xampp\htdocs\ju\ThinkPHP\Library\Think\Template.class.php 第 696 行.
INFO: [ template_filter ] --START--
INFO: Run Behavior\ContentReplaceBehavior [ RunTime:0.000036s ]
INFO: [ template_filter ] --END-- [ RunTime:0.000064s ]
NOTIC: [8] Use of undefined constant __URL__ - assumed '__URL__' D:\xampp\htdocs\ju\Application\Admin\Common\function.php 第 35 行.
NOTIC: [8] Use of undefined constant __CONTROLLER_NAME - assumed '__CONTROLLER_NAME' D:\xampp\htdocs\ju\Application\Admin\Common\function.php 第 35 行.
INFO: Run Behavior\ParseTemplateBehavior [ RunTime:0.005778s ]
INFO: [ view_parse ] --END-- [ RunTime:0.005808s ]
INFO: [ view_filter ] --START--
INFO: Run Behavior\WriteHtmlCacheBehavior [ RunTime:0.000450s ]
INFO: [ view_filter ] --END-- [ RunTime:0.000473s ]
INFO: [ app_end ] --START--
INFO: Run Behavior\ShowPageTraceBehavior [ RunTime:0.000690s ]
INFO: [ app_end ] --END-- [ RunTime:0.000721s ]

[ 2017-09-12T00:47:11+08:00 ] 127.0.0.1 /index.php/Admin/Node/index.html?_=1505139365931
INFO: [ app_init ] --START--
INFO: Run Behavior\BuildLiteBehavior [ RunTime:0.000012s ]
INFO: [ app_init ] --END-- [ RunTime:0.000367s ]
INFO: [ app_begin ] --START--
INFO: Run Behavior\ReadHtmlCacheBehavior [ RunTime:0.000582s ]
INFO: [ app_begin ] --END-- [ RunTime:0.000618s ]
SQL: SHOW COLUMNS FROM `ju_node` [ RunTime:0.0034s ]
SQL: SELECT COUNT(id) AS tp_count FROM `ju_node` LIMIT 1   [ RunTime:0.0002s ]
SQL: SELECT * FROM `ju_node` ORDER BY `id` desc  [ RunTime:0.0002s ]
NOTIC: [2] Division by zero D:\xampp\htdocs\ju\ThinkPHP\Library\Think\Page.class.php 第 84 行.
INFO: [ view_parse ] --START--
NOTIC: [2] file_get_contents(./Application/Admin/View/Public/pagerForm.html): failed to open stream: No such file or directory D:\xampp\htdocs\ju\ThinkPHP\Library\Think\Template.class.php 第 696 行.
INFO: [ template_filter ] --START--
INFO: Run Behavior\ContentReplaceBehavior [ RunTime:0.000037s ]
INFO: [ template_filter ] --END-- [ RunTime:0.000066s ]
NOTIC: [8] Use of undefined constant __URL__ - assumed '__URL__' D:\xampp\htdocs\ju\Application\Admin\Common\function.php 第 35 行.
NOTIC: [8] Use of undefined constant __CONTROLLER_NAME - assumed '__CONTROLLER_NAME' D:\xampp\htdocs\ju\Application\Admin\Common\function.php 第 35 行.
INFO: Run Behavior\ParseTemplateBehavior [ RunTime:0.005558s ]
INFO: [ view_parse ] --END-- [ RunTime:0.005591s ]
INFO: [ view_filter ] --START--
INFO: Run Behavior\WriteHtmlCacheBehavior [ RunTime:0.000467s ]
INFO: [ view_filter ] --END-- [ RunTime:0.000492s ]
INFO: [ app_end ] --START--
INFO: Run Behavior\ShowPageTraceBehavior [ RunTime:0.000692s ]
INFO: [ app_end ] --END-- [ RunTime:0.000731s ]

[ 2017-09-12T00:50:50+08:00 ] 127.0.0.1 /index.php/Admin/Node/index.html?_=1505139365932
INFO: [ app_init ] --START--
INFO: Run Behavior\BuildLiteBehavior [ RunTime:0.000010s ]
INFO: [ app_init ] --END-- [ RunTime:0.000343s ]
INFO: [ app_begin ] --START--
INFO: Run Behavior\ReadHtmlCacheBehavior [ RunTime:0.000582s ]
INFO: [ app_begin ] --END-- [ RunTime:0.000618s ]
SQL: SHOW COLUMNS FROM `ju_node` [ RunTime:0.0037s ]
SQL: SELECT COUNT(id) AS tp_count FROM `ju_node` LIMIT 1   [ RunTime:0.0002s ]
SQL: SELECT * FROM `ju_node` ORDER BY `id` desc  [ RunTime:0.0002s ]
NOTIC: [2] Division by zero D:\xampp\htdocs\ju\ThinkPHP\Library\Think\Page.class.php 第 84 行.
INFO: [ view_parse ] --START--
NOTIC: [2] file_get_contents(./Application/Admin/View/Public/pagerForm.html): failed to open stream: No such file or directory D:\xampp\htdocs\ju\ThinkPHP\Library\Think\Template.class.php 第 696 行.
INFO: [ template_filter ] --START--
INFO: Run Behavior\ContentReplaceBehavior [ RunTime:0.000041s ]
INFO: [ template_filter ] --END-- [ RunTime:0.000078s ]
NOTIC: [8] Use of undefined constant __URL__ - assumed '__URL__' D:\xampp\htdocs\ju\Application\Admin\Common\function.php 第 35 行.
NOTIC: [8] Use of undefined constant __CONTROLLER__NAME - assumed '__CONTROLLER__NAME' D:\xampp\htdocs\ju\Application\Admin\Common\function.php 第 35 行.
INFO: Run Behavior\ParseTemplateBehavior [ RunTime:0.005857s ]
INFO: [ view_parse ] --END-- [ RunTime:0.005889s ]
INFO: [ view_filter ] --START--
INFO: Run Behavior\WriteHtmlCacheBehavior [ RunTime:0.000456s ]
INFO: [ view_filter ] --END-- [ RunTime:0.000480s ]
INFO: [ app_end ] --START--
INFO: Run Behavior\ShowPageTraceBehavior [ RunTime:0.000577s ]
INFO: [ app_end ] --END-- [ RunTime:0.000603s ]

[ 2017-09-12T00:55:49+08:00 ] 127.0.0.1 /index.php/Admin/Node/index.html?_=1505139365933
INFO: [ app_init ] --START--
INFO: Run Behavior\BuildLiteBehavior [ RunTime:0.000010s ]
INFO: [ app_init ] --END-- [ RunTime:0.000304s ]
INFO: [ app_begin ] --START--
INFO: Run Behavior\ReadHtmlCacheBehavior [ RunTime:0.000618s ]
INFO: [ app_begin ] --END-- [ RunTime:0.000654s ]
SQL: SHOW COLUMNS FROM `ju_node` [ RunTime:0.0034s ]
SQL: SELECT COUNT(id) AS tp_count FROM `ju_node` LIMIT 1   [ RunTime:0.0002s ]
SQL: SELECT * FROM `ju_node` ORDER BY `id` desc  [ RunTime:0.0002s ]
NOTIC: [2] Division by zero D:\xampp\htdocs\ju\ThinkPHP\Library\Think\Page.class.php 第 84 行.
INFO: [ view_parse ] --START--
NOTIC: [2] file_get_contents(./Application/Admin/View/Public/pagerForm.html): failed to open stream: No such file or directory D:\xampp\htdocs\ju\ThinkPHP\Library\Think\Template.class.php 第 696 行.
INFO: [ template_filter ] --START--
INFO: Run Behavior\ContentReplaceBehavior [ RunTime:0.000040s ]
INFO: [ template_filter ] --END-- [ RunTime:0.000070s ]

[ 2017-09-12T00:56:26+08:00 ] 127.0.0.1 /index.php/Admin/Node/index.html?_=1505139365934
INFO: [ app_init ] --START--
INFO: Run Behavior\BuildLiteBehavior [ RunTime:0.000009s ]
INFO: [ app_init ] --END-- [ RunTime:0.000297s ]
INFO: [ app_begin ] --START--
INFO: Run Behavior\ReadHtmlCacheBehavior [ RunTime:0.000575s ]
INFO: [ app_begin ] --END-- [ RunTime:0.000610s ]
SQL: SHOW COLUMNS FROM `ju_node` [ RunTime:0.0032s ]
SQL: SELECT COUNT(id) AS tp_count FROM `ju_node` LIMIT 1   [ RunTime:0.0002s ]
SQL: SELECT * FROM `ju_node` ORDER BY `id` desc  [ RunTime:0.0002s ]
NOTIC: [2] Division by zero D:\xampp\htdocs\ju\ThinkPHP\Library\Think\Page.class.php 第 84 行.
INFO: [ view_parse ] --START--
NOTIC: [2] file_get_contents(./Application/Admin/View/Public/pagerForm.html): failed to open stream: No such file or directory D:\xampp\htdocs\ju\ThinkPHP\Library\Think\Template.class.php 第 696 行.
INFO: [ template_filter ] --START--
INFO: Run Behavior\ContentReplaceBehavior [ RunTime:0.000040s ]
INFO: [ template_filter ] --END-- [ RunTime:0.000074s ]
NOTIC: [8] Use of undefined constant __URL__ - assumed '__URL__' D:\xampp\htdocs\ju\Application\Admin\Common\function.php 第 35 行.
INFO: Run Behavior\ParseTemplateBehavior [ RunTime:0.006534s ]
INFO: [ view_parse ] --END-- [ RunTime:0.006564s ]
INFO: [ view_filter ] --START--
INFO: Run Behavior\WriteHtmlCacheBehavior [ RunTime:0.000472s ]
INFO: [ view_filter ] --END-- [ RunTime:0.000495s ]
INFO: [ app_end ] --START--
INFO: Run Behavior\ShowPageTraceBehavior [ RunTime:0.000544s ]
INFO: [ app_end ] --END-- [ RunTime:0.000571s ]

[ 2017-09-12T00:56:33+08:00 ] 127.0.0.1 /index.php/Admin/Node/resume/id/1/navTabId//index.php/Admin.html
INFO: [ app_init ] --START--
INFO: Run Behavior\BuildLiteBehavior [ RunTime:0.000012s ]
INFO: [ app_init ] --END-- [ RunTime:0.000330s ]
INFO: [ app_begin ] --START--
INFO: Run Behavior\ReadHtmlCacheBehavior [ RunTime:0.000589s ]
INFO: [ app_begin ] --END-- [ RunTime:0.000626s ]
SQL: SHOW COLUMNS FROM `ju_node` [ RunTime:0.0033s ]
SQL: UPDATE `ju_node` SET `status`='1' WHERE `id` IN ('1') [ RunTime:0.0457s ]
NOTIC: [2] Missing argument 1 for Admin\Controller\CommonController::getReturnUrl(), called in D:\xampp\htdocs\ju\Application\Admin\Controller\CommonController.class.php on line 334 and defined D:\xampp\htdocs\ju\Application\Admin\Controller\CommonController.class.php 第 61 行.
NOTIC: [2] Missing argument 2 for Admin\Controller\CommonController::getReturnUrl(), called in D:\xampp\htdocs\ju\Application\Admin\Controller\CommonController.class.php on line 334 and defined D:\xampp\htdocs\ju\Application\Admin\Controller\CommonController.class.php 第 61 行.
NOTIC: [8] Use of undefined constant __URL__ - assumed '__URL__' D:\xampp\htdocs\ju\Application\Admin\Controller\CommonController.class.php 第 62 行.

[ 2017-09-12T00:56:34+08:00 ] 127.0.0.1 /index.php/Admin/Node/resume/id/1/navTabId//index.php/Admin.html
INFO: [ app_init ] --START--
INFO: Run Behavior\BuildLiteBehavior [ RunTime:0.000020s ]
INFO: [ app_init ] --END-- [ RunTime:0.000484s ]
INFO: [ app_begin ] --START--
INFO: Run Behavior\ReadHtmlCacheBehavior [ RunTime:0.000556s ]
INFO: [ app_begin ] --END-- [ RunTime:0.000590s ]
SQL: SHOW COLUMNS FROM `ju_node` [ RunTime:0.0030s ]
SQL: UPDATE `ju_node` SET `status`='1' WHERE `id` IN ('1') [ RunTime:0.0408s ]
NOTIC: [2] Missing argument 1 for Admin\Controller\CommonController::getReturnUrl(), called in D:\xampp\htdocs\ju\Application\Admin\Controller\CommonController.class.php on line 334 and defined D:\xampp\htdocs\ju\Application\Admin\Controller\CommonController.class.php 第 61 行.
NOTIC: [2] Missing argument 2 for Admin\Controller\CommonController::getReturnUrl(), called in D:\xampp\htdocs\ju\Application\Admin\Controller\CommonController.class.php on line 334 and defined D:\xampp\htdocs\ju\Application\Admin\Controller\CommonController.class.php 第 61 行.
NOTIC: [8] Use of undefined constant __URL__ - assumed '__URL__' D:\xampp\htdocs\ju\Application\Admin\Controller\CommonController.class.php 第 62 行.

[ 2017-09-12T00:56:50+08:00 ] 127.0.0.1 /index.php/Admin/Node/index.html?_=1505139365935
INFO: [ app_init ] --START--
INFO: Run Behavior\BuildLiteBehavior [ RunTime:0.000010s ]
INFO: [ app_init ] --END-- [ RunTime:0.000306s ]
INFO: [ app_begin ] --START--
INFO: Run Behavior\ReadHtmlCacheBehavior [ RunTime:0.000575s ]
INFO: [ app_begin ] --END-- [ RunTime:0.000610s ]
SQL: SHOW COLUMNS FROM `ju_node` [ RunTime:0.0032s ]
SQL: SELECT COUNT(id) AS tp_count FROM `ju_node` LIMIT 1   [ RunTime:0.0002s ]
SQL: SELECT * FROM `ju_node` ORDER BY `id` desc  [ RunTime:0.0002s ]
NOTIC: [2] Division by zero D:\xampp\htdocs\ju\ThinkPHP\Library\Think\Page.class.php 第 84 行.
INFO: [ view_parse ] --START--
NOTIC: [2] file_get_contents(./Application/Admin/View/Public/pagerForm.html): failed to open stream: No such file or directory D:\xampp\htdocs\ju\ThinkPHP\Library\Think\Template.class.php 第 696 行.
INFO: [ template_filter ] --START--
INFO: Run Behavior\ContentReplaceBehavior [ RunTime:0.000040s ]
INFO: [ template_filter ] --END-- [ RunTime:0.000072s ]
NOTIC: [8] Use of undefined constant __URL__ - assumed '__URL__' D:\xampp\htdocs\ju\Application\Admin\Common\function.php 第 35 行.
INFO: Run Behavior\ParseTemplateBehavior [ RunTime:0.005990s ]
INFO: [ view_parse ] --END-- [ RunTime:0.006046s ]
INFO: [ view_filter ] --START--
INFO: Run Behavior\WriteHtmlCacheBehavior [ RunTime:0.000437s ]
INFO: [ view_filter ] --END-- [ RunTime:0.000462s ]
INFO: [ app_end ] --START--
INFO: Run Behavior\ShowPageTraceBehavior [ RunTime:0.000558s ]
INFO: [ app_end ] --END-- [ RunTime:0.000586s ]

[ 2017-09-12T00:56:52+08:00 ] 127.0.0.1 /index.php/Admin/Node/resume/id/1/navTabId/Node.html
INFO: [ app_init ] --START--
INFO: Run Behavior\BuildLiteBehavior [ RunTime:0.000010s ]
INFO: [ app_init ] --END-- [ RunTime:0.000300s ]
INFO: [ app_begin ] --START--
INFO: Run Behavior\ReadHtmlCacheBehavior [ RunTime:0.000573s ]
INFO: [ app_begin ] --END-- [ RunTime:0.000610s ]
SQL: SHOW COLUMNS FROM `ju_node` [ RunTime:0.0028s ]
SQL: UPDATE `ju_node` SET `status`='1' WHERE `id` IN ('1') [ RunTime:0.0504s ]
NOTIC: [2] Missing argument 1 for Admin\Controller\CommonController::getReturnUrl(), called in D:\xampp\htdocs\ju\Application\Admin\Controller\CommonController.class.php on line 334 and defined D:\xampp\htdocs\ju\Application\Admin\Controller\CommonController.class.php 第 61 行.
NOTIC: [2] Missing argument 2 for Admin\Controller\CommonController::getReturnUrl(), called in D:\xampp\htdocs\ju\Application\Admin\Controller\CommonController.class.php on line 334 and defined D:\xampp\htdocs\ju\Application\Admin\Controller\CommonController.class.php 第 61 行.
NOTIC: [8] Use of undefined constant __URL__ - assumed '__URL__' D:\xampp\htdocs\ju\Application\Admin\Controller\CommonController.class.php 第 62 行.

[ 2017-09-12T00:56:53+08:00 ] 127.0.0.1 /index.php/Admin/Node/resume/id/1/navTabId/Node.html
INFO: [ app_init ] --START--
INFO: Run Behavior\BuildLiteBehavior [ RunTime:0.000011s ]
INFO: [ app_init ] --END-- [ RunTime:0.000325s ]
INFO: [ app_begin ] --START--
INFO: Run Behavior\ReadHtmlCacheBehavior [ RunTime:0.000613s ]
INFO: [ app_begin ] --END-- [ RunTime:0.000649s ]
SQL: SHOW COLUMNS FROM `ju_node` [ RunTime:0.0028s ]
SQL: UPDATE `ju_node` SET `status`='1' WHERE `id` IN ('1') [ RunTime:0.0472s ]
NOTIC: [2] Missing argument 1 for Admin\Controller\CommonController::getReturnUrl(), called in D:\xampp\htdocs\ju\Application\Admin\Controller\CommonController.class.php on line 334 and defined D:\xampp\htdocs\ju\Application\Admin\Controller\CommonController.class.php 第 61 行.
NOTIC: [2] Missing argument 2 for Admin\Controller\CommonController::getReturnUrl(), called in D:\xampp\htdocs\ju\Application\Admin\Controller\CommonController.class.php on line 334 and defined D:\xampp\htdocs\ju\Application\Admin\Controller\CommonController.class.php 第 61 行.
NOTIC: [8] Use of undefined constant __URL__ - assumed '__URL__' D:\xampp\htdocs\ju\Application\Admin\Controller\CommonController.class.php 第 62 行.

[ 2017-09-12T00:56:54+08:00 ] 127.0.0.1 /index.php/Admin/Node/resume/id/1/navTabId/Node.html
INFO: [ app_init ] --START--
INFO: Run Behavior\BuildLiteBehavior [ RunTime:0.000009s ]
INFO: [ app_init ] --END-- [ RunTime:0.000290s ]
INFO: [ app_begin ] --START--
INFO: Run Behavior\ReadHtmlCacheBehavior [ RunTime:0.000572s ]
INFO: [ app_begin ] --END-- [ RunTime:0.000608s ]
SQL: SHOW COLUMNS FROM `ju_node` [ RunTime:0.0032s ]
SQL: UPDATE `ju_node` SET `status`='1' WHERE `id` IN ('1') [ RunTime:0.0445s ]
NOTIC: [2] Missing argument 1 for Admin\Controller\CommonController::getReturnUrl(), called in D:\xampp\htdocs\ju\Application\Admin\Controller\CommonController.class.php on line 334 and defined D:\xampp\htdocs\ju\Application\Admin\Controller\CommonController.class.php 第 61 行.
NOTIC: [2] Missing argument 2 for Admin\Controller\CommonController::getReturnUrl(), called in D:\xampp\htdocs\ju\Application\Admin\Controller\CommonController.class.php on line 334 and defined D:\xampp\htdocs\ju\Application\Admin\Controller\CommonController.class.php 第 61 行.
NOTIC: [8] Use of undefined constant __URL__ - assumed '__URL__' D:\xampp\htdocs\ju\Application\Admin\Controller\CommonController.class.php 第 62 行.

[ 2017-09-12T00:56:55+08:00 ] 127.0.0.1 /index.php/Admin/Node/forbid/id/1.html
INFO: [ app_init ] --START--
INFO: Run Behavior\BuildLiteBehavior [ RunTime:0.000010s ]
INFO: [ app_init ] --END-- [ RunTime:0.000302s ]
INFO: [ app_begin ] --START--
INFO: Run Behavior\ReadHtmlCacheBehavior [ RunTime:0.000590s ]
INFO: [ app_begin ] --END-- [ RunTime:0.000631s ]
SQL: SHOW COLUMNS FROM `ju_node` [ RunTime:0.0275s ]
SQL: UPDATE `ju_node` SET `status`='0' WHERE `id` IN ('1') [ RunTime:0.0450s ]
NOTIC: [2] Missing argument 1 for Admin\Controller\CommonController::getReturnUrl(), called in D:\xampp\htdocs\ju\Application\Admin\Controller\CommonController.class.php on line 294 and defined D:\xampp\htdocs\ju\Application\Admin\Controller\CommonController.class.php 第 61 行.
NOTIC: [2] Missing argument 2 for Admin\Controller\CommonController::getReturnUrl(), called in D:\xampp\htdocs\ju\Application\Admin\Controller\CommonController.class.php on line 294 and defined D:\xampp\htdocs\ju\Application\Admin\Controller\CommonController.class.php 第 61 行.
NOTIC: [8] Use of undefined constant __URL__ - assumed '__URL__' D:\xampp\htdocs\ju\Application\Admin\Controller\CommonController.class.php 第 62 行.

[ 2017-09-12T00:56:56+08:00 ] 127.0.0.1 /index.php/Admin/Node/forbid/id/1.html
INFO: [ app_init ] --START--
INFO: Run Behavior\BuildLiteBehavior [ RunTime:0.000010s ]
INFO: [ app_init ] --END-- [ RunTime:0.000297s ]
INFO: [ app_begin ] --START--
INFO: Run Behavior\ReadHtmlCacheBehavior [ RunTime:0.000577s ]
INFO: [ app_begin ] --END-- [ RunTime:0.000613s ]
SQL: SHOW COLUMNS FROM `ju_node` [ RunTime:0.0086s ]
SQL: UPDATE `ju_node` SET `status`='0' WHERE `id` IN ('1') [ RunTime:0.0201s ]
NOTIC: [2] Missing argument 1 for Admin\Controller\CommonController::getReturnUrl(), called in D:\xampp\htdocs\ju\Application\Admin\Controller\CommonController.class.php on line 294 and defined D:\xampp\htdocs\ju\Application\Admin\Controller\CommonController.class.php 第 61 行.
NOTIC: [2] Missing argument 2 for Admin\Controller\CommonController::getReturnUrl(), called in D:\xampp\htdocs\ju\Application\Admin\Controller\CommonController.class.php on line 294 and defined D:\xampp\htdocs\ju\Application\Admin\Controller\CommonController.class.php 第 61 行.
NOTIC: [8] Use of undefined constant __URL__ - assumed '__URL__' D:\xampp\htdocs\ju\Application\Admin\Controller\CommonController.class.php 第 62 行.

[ 2017-09-12T00:56:57+08:00 ] 127.0.0.1 /index.php/Admin/Node/index.html?_=1505139365936
INFO: [ app_init ] --START--
INFO: Run Behavior\BuildLiteBehavior [ RunTime:0.000009s ]
INFO: [ app_init ] --END-- [ RunTime:0.000294s ]
INFO: [ app_begin ] --START--
INFO: Run Behavior\ReadHtmlCacheBehavior [ RunTime:0.000592s ]
INFO: [ app_begin ] --END-- [ RunTime:0.000626s ]
SQL: SHOW COLUMNS FROM `ju_node` [ RunTime:0.0029s ]
SQL: SELECT COUNT(id) AS tp_count FROM `ju_node` LIMIT 1   [ RunTime:0.0002s ]
SQL: SELECT * FROM `ju_node` ORDER BY `id` desc  [ RunTime:0.0002s ]
NOTIC: [2] Division by zero D:\xampp\htdocs\ju\ThinkPHP\Library\Think\Page.class.php 第 84 行.
INFO: [ view_parse ] --START--
NOTIC: [2] file_get_contents(./Application/Admin/View/Public/pagerForm.html): failed to open stream: No such file or directory D:\xampp\htdocs\ju\ThinkPHP\Library\Think\Template.class.php 第 696 行.
INFO: [ template_filter ] --START--
INFO: Run Behavior\ContentReplaceBehavior [ RunTime:0.000040s ]
INFO: [ template_filter ] --END-- [ RunTime:0.000069s ]
NOTIC: [8] Use of undefined constant __URL__ - assumed '__URL__' D:\xampp\htdocs\ju\Application\Admin\Common\function.php 第 35 行.
INFO: Run Behavior\ParseTemplateBehavior [ RunTime:0.005784s ]
INFO: [ view_parse ] --END-- [ RunTime:0.005815s ]
INFO: [ view_filter ] --START--
INFO: Run Behavior\WriteHtmlCacheBehavior [ RunTime:0.000452s ]
INFO: [ view_filter ] --END-- [ RunTime:0.000476s ]
INFO: [ app_end ] --START--
INFO: Run Behavior\ShowPageTraceBehavior [ RunTime:0.000569s ]
INFO: [ app_end ] --END-- [ RunTime:0.000599s ]

